{
  "seleniumLog": [
    {
      "commandName": "clickSearchIcon",
      "args": [
        "[]"
      ],
      "result": "success",
      "subLogs": [
        {
          "commandName": "findElement",
          "args": [
            "{value=//android.widget.FrameLayout[@resource-id='com.adidas.app:id/action_search'], using=xpath}"
          ],
          "result": "id: 1",
          "subLogs": [],
          "duration": 1417
        },
        {
          "commandName": "isElementDisplayed",
          "args": [
            "By.xpath: //android.widget.FrameLayout[@resource-id='com.adidas.app:id/action_search']",
            "{\"id\":\"1\"}"
          ],
          "result": "isElementDisplayed:true",
          "subLogs": [],
          "duration": 9248
        },
        {
          "commandName": "findElement",
          "args": [
            "{value=//android.widget.FrameLayout[@resource-id='com.adidas.app:id/action_search'], using=xpath}"
          ],
          "result": "id: 2",
          "subLogs": [],
          "duration": 497
        },
        {
          "commandName": "isElementEnabled",
          "args": [
            "By.xpath: //android.widget.FrameLayout[@resource-id='com.adidas.app:id/action_search']",
            "{\"id\":\"2\"}"
          ],
          "result": "isElementEnabled:true",
          "subLogs": [],
          "duration": 64
        },
        {
          "commandName": "findElement",
          "args": [
            "{value=//android.widget.FrameLayout[@resource-id='com.adidas.app:id/action_search'], using=xpath}"
          ],
          "result": "id: 3",
          "subLogs": [],
          "duration": 58
        },
        {
          "commandName": "clickElement",
          "args": [
            "By.xpath: //android.widget.FrameLayout[@resource-id='com.adidas.app:id/action_search']",
            "{\"id\":\"3\"}"
          ],
          "result": "clickElement:true",
          "subLogs": [],
          "duration": 188
        }
      ],
      "duration": -1
    },
    {
      "commandName": "searchProductByAgeGender",
      "args": [
        "[MEN]"
      ],
      "result": "success",
      "subLogs": [
        {
          "commandName": "findElement",
          "args": [
            "{value=com.adidas.app:id/productCategoryClickableArea, using=id}"
          ],
          "result": "id: 4",
          "subLogs": [],
          "duration": 1077
        },
        {
          "commandName": "clickElement",
          "args": [
            "By.id: com.adidas.app:id/productCategoryClickableArea",
            "{\"id\":\"4\"}"
          ],
          "result": "clickElement:true",
          "subLogs": [],
          "duration": 3438
        },
        {
          "commandName": "findElement",
          "args": [
            "{value=//android.widget.TextView[@text='MEN'], using=xpath}"
          ],
          "result": "id: 5",
          "subLogs": [],
          "duration": 3321
        },
        {
          "commandName": "clickElement",
          "args": [
            "By.xpath: //android.widget.TextView[@text='MEN']",
            "{\"id\":\"5\"}"
          ],
          "result": "clickElement:true",
          "subLogs": [],
          "duration": 184
        }
      ],
      "duration": -1
    },
    {
      "commandName": "searchProductByPurpose",
      "args": [
        "[Skateboarding]"
      ],
      "result": "success",
      "subLogs": [
        {
          "commandName": "findElements",
          "args": [
            "{value=//android.widget.TextView[@text='Skateboarding'], using=xpath}"
          ],
          "result": "[id: 6]",
          "subLogs": [],
          "duration": 5849
        },
        {
          "commandName": "findElement",
          "args": [
            "{value=//android.widget.TextView[@text='Skateboarding'], using=xpath}"
          ],
          "result": "id: 7",
          "subLogs": [],
          "duration": 252
        },
        {
          "commandName": "clickElement",
          "args": [
            "By.xpath: //android.widget.TextView[@text='Skateboarding']",
            "{\"id\":\"7\"}"
          ],
          "result": "clickElement:true",
          "subLogs": [],
          "duration": 201
        }
      ],
      "duration": -1
    },
    {
      "commandName": "selectTheProductFromProductlist",
      "args": [
        "[]"
      ],
      "result": "success",
      "subLogs": [
        {
          "commandName": "findElements",
          "args": [
            "{value=//android.widget.RelativeLayout[@resource-id='com.adidas.app:id/root_view'], using=xpath}"
          ],
          "result": "[id: 8, id: 9, id: 10, id: 11]",
          "subLogs": [],
          "duration": 2043
        },
        {
          "commandName": "findChildElement",
          "args": [
            "By.xpath: //android.widget.RelativeLayout[@resource-id='com.adidas.app:id/root_view']",
            "{\"using\":\"xpath\",\"id\":\"9\",\"value\":\"//android.widget.TextView[@resource-id='com.adidas.app:id/product_name_text']\"}"
          ],
          "result": "findChildElement:id: 12",
          "subLogs": [],
          "duration": 101
        },
        {
          "commandName": "clickElement",
          "args": [
            "By.xpath: //android.widget.TextView[@resource-id='com.adidas.app:id/product_name_text']",
            "{\"id\":\"12\"}"
          ],
          "result": "clickElement:true",
          "subLogs": [],
          "duration": 1072
        }
      ],
      "duration": -1
    },
    {
      "commandName": "clickOnBuyButton",
      "args": [
        "[]"
      ],
      "result": "success",
      "subLogs": [
        {
          "commandName": "findElement",
          "args": [
            "{value=com.adidas.app:id/buy_button, using=id}"
          ],
          "result": "id: 13",
          "subLogs": [],
          "duration": 1259
        },
        {
          "commandName": "clickElement",
          "args": [
            "By.id: com.adidas.app:id/buy_button",
            "{\"id\":\"13\"}"
          ],
          "result": "clickElement:true",
          "subLogs": [],
          "duration": 535
        }
      ],
      "duration": -1
    },
    {
      "commandName": "clickOnSizeSelectionIcon",
      "args": [
        "[]"
      ],
      "result": "fail",
      "subLogs": [
        {
          "commandName": "findElement",
          "args": [
            "{value=//android.widget.TextView[@text='6'], using=xpath}"
          ],
          "result": "An element could not be located on the page using the given search parameters. (WARNING: The server did not provide any stacktrace information)\nCommand duration or timeout: 768 milliseconds\nFor documentation on this error, please visit: http://seleniumhq.org/exceptions/no_such_element.html\nBuild info: version: '2.53.0', revision: '35ae25b1534ae328c771e0856c93e187490ca824', time: '2016-03-15 10:43:46'\nSystem info: host: 'ICPL11548', ip: '192.168.119.2', os.name: 'Windows 8.1', os.arch: 'amd64', os.version: '6.3', java.version: '1.8.0_144'\nDriver info: com.qmetry.qaf.automation.ui.webdriver.QAFExtendedWebDriver\nCapabilities [{appPackage=com.adidas.app, deviceScreenSize=720x1280, networkConnectionEnabled=true, warnings={}, databaseEnabled=false, deviceName=emulator-5554, platform=LINUX, deviceUDID=emulator-5554, appActivity=com.adidas.app.MainActivity, browser_name=, desired={appPackage=com.adidas.app, appActivity=com.adidas.app.MainActivity, browser_name=, appium-version=4.1.2, automationName=Appium, takesScreenshot=true, javascriptEnabled=true, driver.class=io.appium.java_client.android.AndroidDriver, platformName=Android, deviceName=emulator-5554, cssSelectorsEnabled=true}, appium-version=4.1.2, platformVersion=7.0, webStorageEnabled=false, locationContextEnabled=false, automationName=Appium, takesScreenshot=true, javascriptEnabled=true, driver.class=io.appium.java_client.android.AndroidDriver, deviceModel=Android SDK built for x86, platformName=Android, deviceManufacturer=unknown, cssSelectorsEnabled=true}]\nSession ID: 5f09738a-d71a-4c9a-93b7-f8bdae562417\n*** Element info: {Using=xpath, value=//android.widget.TextView[@text='6']}",
          "subLogs": [],
          "duration": 770
        },
        {
          "commandName": "findElement",
          "args": [
            "{value=//android.widget.TextView[@text='6'], using=xpath}"
          ],
          "result": "An element could not be located on the page using the given search parameters. (WARNING: The server did not provide any stacktrace information)\nCommand duration or timeout: 105 milliseconds\nFor documentation on this error, please visit: http://seleniumhq.org/exceptions/no_such_element.html\nBuild info: version: '2.53.0', revision: '35ae25b1534ae328c771e0856c93e187490ca824', time: '2016-03-15 10:43:46'\nSystem info: host: 'ICPL11548', ip: '192.168.119.2', os.name: 'Windows 8.1', os.arch: 'amd64', os.version: '6.3', java.version: '1.8.0_144'\nDriver info: com.qmetry.qaf.automation.ui.webdriver.QAFExtendedWebDriver\nCapabilities [{appPackage=com.adidas.app, deviceScreenSize=720x1280, networkConnectionEnabled=true, warnings={}, databaseEnabled=false, deviceName=emulator-5554, platform=LINUX, deviceUDID=emulator-5554, appActivity=com.adidas.app.MainActivity, browser_name=, desired={appPackage=com.adidas.app, appActivity=com.adidas.app.MainActivity, browser_name=, appium-version=4.1.2, automationName=Appium, takesScreenshot=true, javascriptEnabled=true, driver.class=io.appium.java_client.android.AndroidDriver, platformName=Android, deviceName=emulator-5554, cssSelectorsEnabled=true}, appium-version=4.1.2, platformVersion=7.0, webStorageEnabled=false, locationContextEnabled=false, automationName=Appium, takesScreenshot=true, javascriptEnabled=true, driver.class=io.appium.java_client.android.AndroidDriver, deviceModel=Android SDK built for x86, platformName=Android, deviceManufacturer=unknown, cssSelectorsEnabled=true}]\nSession ID: 5f09738a-d71a-4c9a-93b7-f8bdae562417\n*** Element info: {Using=xpath, value=//android.widget.TextView[@text='6']}",
          "subLogs": [],
          "duration": 105
        },
        {
          "commandName": "findElement",
          "args": [
            "{value=//android.widget.TextView[@text='6'], using=xpath}"
          ],
          "result": "An element could not be located on the page using the given search parameters. (WARNING: The server did not provide any stacktrace information)\nCommand duration or timeout: 74 milliseconds\nFor documentation on this error, please visit: http://seleniumhq.org/exceptions/no_such_element.html\nBuild info: version: '2.53.0', revision: '35ae25b1534ae328c771e0856c93e187490ca824', time: '2016-03-15 10:43:46'\nSystem info: host: 'ICPL11548', ip: '192.168.119.2', os.name: 'Windows 8.1', os.arch: 'amd64', os.version: '6.3', java.version: '1.8.0_144'\nDriver info: com.qmetry.qaf.automation.ui.webdriver.QAFExtendedWebDriver\nCapabilities [{appPackage=com.adidas.app, deviceScreenSize=720x1280, networkConnectionEnabled=true, warnings={}, databaseEnabled=false, deviceName=emulator-5554, platform=LINUX, deviceUDID=emulator-5554, appActivity=com.adidas.app.MainActivity, browser_name=, desired={appPackage=com.adidas.app, appActivity=com.adidas.app.MainActivity, browser_name=, appium-version=4.1.2, automationName=Appium, takesScreenshot=true, javascriptEnabled=true, driver.class=io.appium.java_client.android.AndroidDriver, platformName=Android, deviceName=emulator-5554, cssSelectorsEnabled=true}, appium-version=4.1.2, platformVersion=7.0, webStorageEnabled=false, locationContextEnabled=false, automationName=Appium, takesScreenshot=true, javascriptEnabled=true, driver.class=io.appium.java_client.android.AndroidDriver, deviceModel=Android SDK built for x86, platformName=Android, deviceManufacturer=unknown, cssSelectorsEnabled=true}]\nSession ID: 5f09738a-d71a-4c9a-93b7-f8bdae562417\n*** Element info: {Using=xpath, value=//android.widget.TextView[@text='6']}",
          "subLogs": [],
          "duration": 74
        },
        {
          "commandName": "findElement",
          "args": [
            "{value=//android.widget.TextView[@text='6'], using=xpath}"
          ],
          "result": "An element could not be located on the page using the given search parameters. (WARNING: The server did not provide any stacktrace information)\nCommand duration or timeout: 80 milliseconds\nFor documentation on this error, please visit: http://seleniumhq.org/exceptions/no_such_element.html\nBuild info: version: '2.53.0', revision: '35ae25b1534ae328c771e0856c93e187490ca824', time: '2016-03-15 10:43:46'\nSystem info: host: 'ICPL11548', ip: '192.168.119.2', os.name: 'Windows 8.1', os.arch: 'amd64', os.version: '6.3', java.version: '1.8.0_144'\nDriver info: com.qmetry.qaf.automation.ui.webdriver.QAFExtendedWebDriver\nCapabilities [{appPackage=com.adidas.app, deviceScreenSize=720x1280, networkConnectionEnabled=true, warnings={}, databaseEnabled=false, deviceName=emulator-5554, platform=LINUX, deviceUDID=emulator-5554, appActivity=com.adidas.app.MainActivity, browser_name=, desired={appPackage=com.adidas.app, appActivity=com.adidas.app.MainActivity, browser_name=, appium-version=4.1.2, automationName=Appium, takesScreenshot=true, javascriptEnabled=true, driver.class=io.appium.java_client.android.AndroidDriver, platformName=Android, deviceName=emulator-5554, cssSelectorsEnabled=true}, appium-version=4.1.2, platformVersion=7.0, webStorageEnabled=false, locationContextEnabled=false, automationName=Appium, takesScreenshot=true, javascriptEnabled=true, driver.class=io.appium.java_client.android.AndroidDriver, deviceModel=Android SDK built for x86, platformName=Android, deviceManufacturer=unknown, cssSelectorsEnabled=true}]\nSession ID: 5f09738a-d71a-4c9a-93b7-f8bdae562417\n*** Element info: {Using=xpath, value=//android.widget.TextView[@text='6']}",
          "subLogs": [],
          "duration": 80
        },
        {
          "commandName": "findElement",
          "args": [
            "{value=//android.widget.TextView[@text='6'], using=xpath}"
          ],
          "result": "An element could not be located on the page using the given search parameters. (WARNING: The server did not provide any stacktrace information)\nCommand duration or timeout: 93 milliseconds\nFor documentation on this error, please visit: http://seleniumhq.org/exceptions/no_such_element.html\nBuild info: version: '2.53.0', revision: '35ae25b1534ae328c771e0856c93e187490ca824', time: '2016-03-15 10:43:46'\nSystem info: host: 'ICPL11548', ip: '192.168.119.2', os.name: 'Windows 8.1', os.arch: 'amd64', os.version: '6.3', java.version: '1.8.0_144'\nDriver info: com.qmetry.qaf.automation.ui.webdriver.QAFExtendedWebDriver\nCapabilities [{appPackage=com.adidas.app, deviceScreenSize=720x1280, networkConnectionEnabled=true, warnings={}, databaseEnabled=false, deviceName=emulator-5554, platform=LINUX, deviceUDID=emulator-5554, appActivity=com.adidas.app.MainActivity, browser_name=, desired={appPackage=com.adidas.app, appActivity=com.adidas.app.MainActivity, browser_name=, appium-version=4.1.2, automationName=Appium, takesScreenshot=true, javascriptEnabled=true, driver.class=io.appium.java_client.android.AndroidDriver, platformName=Android, deviceName=emulator-5554, cssSelectorsEnabled=true}, appium-version=4.1.2, platformVersion=7.0, webStorageEnabled=false, locationContextEnabled=false, automationName=Appium, takesScreenshot=true, javascriptEnabled=true, driver.class=io.appium.java_client.android.AndroidDriver, deviceModel=Android SDK built for x86, platformName=Android, deviceManufacturer=unknown, cssSelectorsEnabled=true}]\nSession ID: 5f09738a-d71a-4c9a-93b7-f8bdae562417\n*** Element info: {Using=xpath, value=//android.widget.TextView[@text='6']}",
          "subLogs": [],
          "duration": 93
        },
        {
          "commandName": "findElement",
          "args": [
            "{value=//android.widget.TextView[@text='6'], using=xpath}"
          ],
          "result": "An element could not be located on the page using the given search parameters. (WARNING: The server did not provide any stacktrace information)\nCommand duration or timeout: 56 milliseconds\nFor documentation on this error, please visit: http://seleniumhq.org/exceptions/no_such_element.html\nBuild info: version: '2.53.0', revision: '35ae25b1534ae328c771e0856c93e187490ca824', time: '2016-03-15 10:43:46'\nSystem info: host: 'ICPL11548', ip: '192.168.119.2', os.name: 'Windows 8.1', os.arch: 'amd64', os.version: '6.3', java.version: '1.8.0_144'\nDriver info: com.qmetry.qaf.automation.ui.webdriver.QAFExtendedWebDriver\nCapabilities [{appPackage=com.adidas.app, deviceScreenSize=720x1280, networkConnectionEnabled=true, warnings={}, databaseEnabled=false, deviceName=emulator-5554, platform=LINUX, deviceUDID=emulator-5554, appActivity=com.adidas.app.MainActivity, browser_name=, desired={appPackage=com.adidas.app, appActivity=com.adidas.app.MainActivity, browser_name=, appium-version=4.1.2, automationName=Appium, takesScreenshot=true, javascriptEnabled=true, driver.class=io.appium.java_client.android.AndroidDriver, platformName=Android, deviceName=emulator-5554, cssSelectorsEnabled=true}, appium-version=4.1.2, platformVersion=7.0, webStorageEnabled=false, locationContextEnabled=false, automationName=Appium, takesScreenshot=true, javascriptEnabled=true, driver.class=io.appium.java_client.android.AndroidDriver, deviceModel=Android SDK built for x86, platformName=Android, deviceManufacturer=unknown, cssSelectorsEnabled=true}]\nSession ID: 5f09738a-d71a-4c9a-93b7-f8bdae562417\n*** Element info: {Using=xpath, value=//android.widget.TextView[@text='6']}",
          "subLogs": [],
          "duration": 56
        },
        {
          "commandName": "findElement",
          "args": [
            "{value=//android.widget.TextView[@text='6'], using=xpath}"
          ],
          "result": "An element could not be located on the page using the given search parameters. (WARNING: The server did not provide any stacktrace information)\nCommand duration or timeout: 76 milliseconds\nFor documentation on this error, please visit: http://seleniumhq.org/exceptions/no_such_element.html\nBuild info: version: '2.53.0', revision: '35ae25b1534ae328c771e0856c93e187490ca824', time: '2016-03-15 10:43:46'\nSystem info: host: 'ICPL11548', ip: '192.168.119.2', os.name: 'Windows 8.1', os.arch: 'amd64', os.version: '6.3', java.version: '1.8.0_144'\nDriver info: com.qmetry.qaf.automation.ui.webdriver.QAFExtendedWebDriver\nCapabilities [{appPackage=com.adidas.app, deviceScreenSize=720x1280, networkConnectionEnabled=true, warnings={}, databaseEnabled=false, deviceName=emulator-5554, platform=LINUX, deviceUDID=emulator-5554, appActivity=com.adidas.app.MainActivity, browser_name=, desired={appPackage=com.adidas.app, appActivity=com.adidas.app.MainActivity, browser_name=, appium-version=4.1.2, automationName=Appium, takesScreenshot=true, javascriptEnabled=true, driver.class=io.appium.java_client.android.AndroidDriver, platformName=Android, deviceName=emulator-5554, cssSelectorsEnabled=true}, appium-version=4.1.2, platformVersion=7.0, webStorageEnabled=false, locationContextEnabled=false, automationName=Appium, takesScreenshot=true, javascriptEnabled=true, driver.class=io.appium.java_client.android.AndroidDriver, deviceModel=Android SDK built for x86, platformName=Android, deviceManufacturer=unknown, cssSelectorsEnabled=true}]\nSession ID: 5f09738a-d71a-4c9a-93b7-f8bdae562417\n*** Element info: {Using=xpath, value=//android.widget.TextView[@text='6']}",
          "subLogs": [],
          "duration": 76
        },
        {
          "commandName": "findElement",
          "args": [
            "{value=//android.widget.TextView[@text='6'], using=xpath}"
          ],
          "result": "An element could not be located on the page using the given search parameters. (WARNING: The server did not provide any stacktrace information)\nCommand duration or timeout: 91 milliseconds\nFor documentation on this error, please visit: http://seleniumhq.org/exceptions/no_such_element.html\nBuild info: version: '2.53.0', revision: '35ae25b1534ae328c771e0856c93e187490ca824', time: '2016-03-15 10:43:46'\nSystem info: host: 'ICPL11548', ip: '192.168.119.2', os.name: 'Windows 8.1', os.arch: 'amd64', os.version: '6.3', java.version: '1.8.0_144'\nDriver info: com.qmetry.qaf.automation.ui.webdriver.QAFExtendedWebDriver\nCapabilities [{appPackage=com.adidas.app, deviceScreenSize=720x1280, networkConnectionEnabled=true, warnings={}, databaseEnabled=false, deviceName=emulator-5554, platform=LINUX, deviceUDID=emulator-5554, appActivity=com.adidas.app.MainActivity, browser_name=, desired={appPackage=com.adidas.app, appActivity=com.adidas.app.MainActivity, browser_name=, appium-version=4.1.2, automationName=Appium, takesScreenshot=true, javascriptEnabled=true, driver.class=io.appium.java_client.android.AndroidDriver, platformName=Android, deviceName=emulator-5554, cssSelectorsEnabled=true}, appium-version=4.1.2, platformVersion=7.0, webStorageEnabled=false, locationContextEnabled=false, automationName=Appium, takesScreenshot=true, javascriptEnabled=true, driver.class=io.appium.java_client.android.AndroidDriver, deviceModel=Android SDK built for x86, platformName=Android, deviceManufacturer=unknown, cssSelectorsEnabled=true}]\nSession ID: 5f09738a-d71a-4c9a-93b7-f8bdae562417\n*** Element info: {Using=xpath, value=//android.widget.TextView[@text='6']}",
          "subLogs": [],
          "duration": 91
        },
        {
          "commandName": "findElement",
          "args": [
            "{value=//android.widget.TextView[@text='6'], using=xpath}"
          ],
          "result": "An element could not be located on the page using the given search parameters. (WARNING: The server did not provide any stacktrace information)\nCommand duration or timeout: 115 milliseconds\nFor documentation on this error, please visit: http://seleniumhq.org/exceptions/no_such_element.html\nBuild info: version: '2.53.0', revision: '35ae25b1534ae328c771e0856c93e187490ca824', time: '2016-03-15 10:43:46'\nSystem info: host: 'ICPL11548', ip: '192.168.119.2', os.name: 'Windows 8.1', os.arch: 'amd64', os.version: '6.3', java.version: '1.8.0_144'\nDriver info: com.qmetry.qaf.automation.ui.webdriver.QAFExtendedWebDriver\nCapabilities [{appPackage=com.adidas.app, deviceScreenSize=720x1280, networkConnectionEnabled=true, warnings={}, databaseEnabled=false, deviceName=emulator-5554, platform=LINUX, deviceUDID=emulator-5554, appActivity=com.adidas.app.MainActivity, browser_name=, desired={appPackage=com.adidas.app, appActivity=com.adidas.app.MainActivity, browser_name=, appium-version=4.1.2, automationName=Appium, takesScreenshot=true, javascriptEnabled=true, driver.class=io.appium.java_client.android.AndroidDriver, platformName=Android, deviceName=emulator-5554, cssSelectorsEnabled=true}, appium-version=4.1.2, platformVersion=7.0, webStorageEnabled=false, locationContextEnabled=false, automationName=Appium, takesScreenshot=true, javascriptEnabled=true, driver.class=io.appium.java_client.android.AndroidDriver, deviceModel=Android SDK built for x86, platformName=Android, deviceManufacturer=unknown, cssSelectorsEnabled=true}]\nSession ID: 5f09738a-d71a-4c9a-93b7-f8bdae562417\n*** Element info: {Using=xpath, value=//android.widget.TextView[@text='6']}",
          "subLogs": [],
          "duration": 115
        },
        {
          "commandName": "findElement",
          "args": [
            "{value=//android.widget.TextView[@text='6'], using=xpath}"
          ],
          "result": "An element could not be located on the page using the given search parameters. (WARNING: The server did not provide any stacktrace information)\nCommand duration or timeout: 67 milliseconds\nFor documentation on this error, please visit: http://seleniumhq.org/exceptions/no_such_element.html\nBuild info: version: '2.53.0', revision: '35ae25b1534ae328c771e0856c93e187490ca824', time: '2016-03-15 10:43:46'\nSystem info: host: 'ICPL11548', ip: '192.168.119.2', os.name: 'Windows 8.1', os.arch: 'amd64', os.version: '6.3', java.version: '1.8.0_144'\nDriver info: com.qmetry.qaf.automation.ui.webdriver.QAFExtendedWebDriver\nCapabilities [{appPackage=com.adidas.app, deviceScreenSize=720x1280, networkConnectionEnabled=true, warnings={}, databaseEnabled=false, deviceName=emulator-5554, platform=LINUX, deviceUDID=emulator-5554, appActivity=com.adidas.app.MainActivity, browser_name=, desired={appPackage=com.adidas.app, appActivity=com.adidas.app.MainActivity, browser_name=, appium-version=4.1.2, automationName=Appium, takesScreenshot=true, javascriptEnabled=true, driver.class=io.appium.java_client.android.AndroidDriver, platformName=Android, deviceName=emulator-5554, cssSelectorsEnabled=true}, appium-version=4.1.2, platformVersion=7.0, webStorageEnabled=false, locationContextEnabled=false, automationName=Appium, takesScreenshot=true, javascriptEnabled=true, driver.class=io.appium.java_client.android.AndroidDriver, deviceModel=Android SDK built for x86, platformName=Android, deviceManufacturer=unknown, cssSelectorsEnabled=true}]\nSession ID: 5f09738a-d71a-4c9a-93b7-f8bdae562417\n*** Element info: {Using=xpath, value=//android.widget.TextView[@text='6']}",
          "subLogs": [],
          "duration": 68
        },
        {
          "commandName": "findElement",
          "args": [
            "{value=//android.widget.TextView[@text='6'], using=xpath}"
          ],
          "result": "An element could not be located on the page using the given search parameters. (WARNING: The server did not provide any stacktrace information)\nCommand duration or timeout: 79 milliseconds\nFor documentation on this error, please visit: http://seleniumhq.org/exceptions/no_such_element.html\nBuild info: version: '2.53.0', revision: '35ae25b1534ae328c771e0856c93e187490ca824', time: '2016-03-15 10:43:46'\nSystem info: host: 'ICPL11548', ip: '192.168.119.2', os.name: 'Windows 8.1', os.arch: 'amd64', os.version: '6.3', java.version: '1.8.0_144'\nDriver info: com.qmetry.qaf.automation.ui.webdriver.QAFExtendedWebDriver\nCapabilities [{appPackage=com.adidas.app, deviceScreenSize=720x1280, networkConnectionEnabled=true, warnings={}, databaseEnabled=false, deviceName=emulator-5554, platform=LINUX, deviceUDID=emulator-5554, appActivity=com.adidas.app.MainActivity, browser_name=, desired={appPackage=com.adidas.app, appActivity=com.adidas.app.MainActivity, browser_name=, appium-version=4.1.2, automationName=Appium, takesScreenshot=true, javascriptEnabled=true, driver.class=io.appium.java_client.android.AndroidDriver, platformName=Android, deviceName=emulator-5554, cssSelectorsEnabled=true}, appium-version=4.1.2, platformVersion=7.0, webStorageEnabled=false, locationContextEnabled=false, automationName=Appium, takesScreenshot=true, javascriptEnabled=true, driver.class=io.appium.java_client.android.AndroidDriver, deviceModel=Android SDK built for x86, platformName=Android, deviceManufacturer=unknown, cssSelectorsEnabled=true}]\nSession ID: 5f09738a-d71a-4c9a-93b7-f8bdae562417\n*** Element info: {Using=xpath, value=//android.widget.TextView[@text='6']}",
          "subLogs": [],
          "duration": 81
        },
        {
          "commandName": "findElement",
          "args": [
            "{value=//android.widget.TextView[@text='6'], using=xpath}"
          ],
          "result": "An element could not be located on the page using the given search parameters. (WARNING: The server did not provide any stacktrace information)\nCommand duration or timeout: 85 milliseconds\nFor documentation on this error, please visit: http://seleniumhq.org/exceptions/no_such_element.html\nBuild info: version: '2.53.0', revision: '35ae25b1534ae328c771e0856c93e187490ca824', time: '2016-03-15 10:43:46'\nSystem info: host: 'ICPL11548', ip: '192.168.119.2', os.name: 'Windows 8.1', os.arch: 'amd64', os.version: '6.3', java.version: '1.8.0_144'\nDriver info: com.qmetry.qaf.automation.ui.webdriver.QAFExtendedWebDriver\nCapabilities [{appPackage=com.adidas.app, deviceScreenSize=720x1280, networkConnectionEnabled=true, warnings={}, databaseEnabled=false, deviceName=emulator-5554, platform=LINUX, deviceUDID=emulator-5554, appActivity=com.adidas.app.MainActivity, browser_name=, desired={appPackage=com.adidas.app, appActivity=com.adidas.app.MainActivity, browser_name=, appium-version=4.1.2, automationName=Appium, takesScreenshot=true, javascriptEnabled=true, driver.class=io.appium.java_client.android.AndroidDriver, platformName=Android, deviceName=emulator-5554, cssSelectorsEnabled=true}, appium-version=4.1.2, platformVersion=7.0, webStorageEnabled=false, locationContextEnabled=false, automationName=Appium, takesScreenshot=true, javascriptEnabled=true, driver.class=io.appium.java_client.android.AndroidDriver, deviceModel=Android SDK built for x86, platformName=Android, deviceManufacturer=unknown, cssSelectorsEnabled=true}]\nSession ID: 5f09738a-d71a-4c9a-93b7-f8bdae562417\n*** Element info: {Using=xpath, value=//android.widget.TextView[@text='6']}",
          "subLogs": [],
          "duration": 85
        },
        {
          "commandName": "findElement",
          "args": [
            "{value=//android.widget.TextView[@text='6'], using=xpath}"
          ],
          "result": "An element could not be located on the page using the given search parameters. (WARNING: The server did not provide any stacktrace information)\nCommand duration or timeout: 87 milliseconds\nFor documentation on this error, please visit: http://seleniumhq.org/exceptions/no_such_element.html\nBuild info: version: '2.53.0', revision: '35ae25b1534ae328c771e0856c93e187490ca824', time: '2016-03-15 10:43:46'\nSystem info: host: 'ICPL11548', ip: '192.168.119.2', os.name: 'Windows 8.1', os.arch: 'amd64', os.version: '6.3', java.version: '1.8.0_144'\nDriver info: com.qmetry.qaf.automation.ui.webdriver.QAFExtendedWebDriver\nCapabilities [{appPackage=com.adidas.app, deviceScreenSize=720x1280, networkConnectionEnabled=true, warnings={}, databaseEnabled=false, deviceName=emulator-5554, platform=LINUX, deviceUDID=emulator-5554, appActivity=com.adidas.app.MainActivity, browser_name=, desired={appPackage=com.adidas.app, appActivity=com.adidas.app.MainActivity, browser_name=, appium-version=4.1.2, automationName=Appium, takesScreenshot=true, javascriptEnabled=true, driver.class=io.appium.java_client.android.AndroidDriver, platformName=Android, deviceName=emulator-5554, cssSelectorsEnabled=true}, appium-version=4.1.2, platformVersion=7.0, webStorageEnabled=false, locationContextEnabled=false, automationName=Appium, takesScreenshot=true, javascriptEnabled=true, driver.class=io.appium.java_client.android.AndroidDriver, deviceModel=Android SDK built for x86, platformName=Android, deviceManufacturer=unknown, cssSelectorsEnabled=true}]\nSession ID: 5f09738a-d71a-4c9a-93b7-f8bdae562417\n*** Element info: {Using=xpath, value=//android.widget.TextView[@text='6']}",
          "subLogs": [],
          "duration": 87
        },
        {
          "commandName": "findElement",
          "args": [
            "{value=//android.widget.TextView[@text='6'], using=xpath}"
          ],
          "result": "An element could not be located on the page using the given search parameters. (WARNING: The server did not provide any stacktrace information)\nCommand duration or timeout: 84 milliseconds\nFor documentation on this error, please visit: http://seleniumhq.org/exceptions/no_such_element.html\nBuild info: version: '2.53.0', revision: '35ae25b1534ae328c771e0856c93e187490ca824', time: '2016-03-15 10:43:46'\nSystem info: host: 'ICPL11548', ip: '192.168.119.2', os.name: 'Windows 8.1', os.arch: 'amd64', os.version: '6.3', java.version: '1.8.0_144'\nDriver info: com.qmetry.qaf.automation.ui.webdriver.QAFExtendedWebDriver\nCapabilities [{appPackage=com.adidas.app, deviceScreenSize=720x1280, networkConnectionEnabled=true, warnings={}, databaseEnabled=false, deviceName=emulator-5554, platform=LINUX, deviceUDID=emulator-5554, appActivity=com.adidas.app.MainActivity, browser_name=, desired={appPackage=com.adidas.app, appActivity=com.adidas.app.MainActivity, browser_name=, appium-version=4.1.2, automationName=Appium, takesScreenshot=true, javascriptEnabled=true, driver.class=io.appium.java_client.android.AndroidDriver, platformName=Android, deviceName=emulator-5554, cssSelectorsEnabled=true}, appium-version=4.1.2, platformVersion=7.0, webStorageEnabled=false, locationContextEnabled=false, automationName=Appium, takesScreenshot=true, javascriptEnabled=true, driver.class=io.appium.java_client.android.AndroidDriver, deviceModel=Android SDK built for x86, platformName=Android, deviceManufacturer=unknown, cssSelectorsEnabled=true}]\nSession ID: 5f09738a-d71a-4c9a-93b7-f8bdae562417\n*** Element info: {Using=xpath, value=//android.widget.TextView[@text='6']}",
          "subLogs": [],
          "duration": 84
        },
        {
          "commandName": "findElement",
          "args": [
            "{value=//android.widget.TextView[@text='6'], using=xpath}"
          ],
          "result": "An element could not be located on the page using the given search parameters. (WARNING: The server did not provide any stacktrace information)\nCommand duration or timeout: 54 milliseconds\nFor documentation on this error, please visit: http://seleniumhq.org/exceptions/no_such_element.html\nBuild info: version: '2.53.0', revision: '35ae25b1534ae328c771e0856c93e187490ca824', time: '2016-03-15 10:43:46'\nSystem info: host: 'ICPL11548', ip: '192.168.119.2', os.name: 'Windows 8.1', os.arch: 'amd64', os.version: '6.3', java.version: '1.8.0_144'\nDriver info: com.qmetry.qaf.automation.ui.webdriver.QAFExtendedWebDriver\nCapabilities [{appPackage=com.adidas.app, deviceScreenSize=720x1280, networkConnectionEnabled=true, warnings={}, databaseEnabled=false, deviceName=emulator-5554, platform=LINUX, deviceUDID=emulator-5554, appActivity=com.adidas.app.MainActivity, browser_name=, desired={appPackage=com.adidas.app, appActivity=com.adidas.app.MainActivity, browser_name=, appium-version=4.1.2, automationName=Appium, takesScreenshot=true, javascriptEnabled=true, driver.class=io.appium.java_client.android.AndroidDriver, platformName=Android, deviceName=emulator-5554, cssSelectorsEnabled=true}, appium-version=4.1.2, platformVersion=7.0, webStorageEnabled=false, locationContextEnabled=false, automationName=Appium, takesScreenshot=true, javascriptEnabled=true, driver.class=io.appium.java_client.android.AndroidDriver, deviceModel=Android SDK built for x86, platformName=Android, deviceManufacturer=unknown, cssSelectorsEnabled=true}]\nSession ID: 5f09738a-d71a-4c9a-93b7-f8bdae562417\n*** Element info: {Using=xpath, value=//android.widget.TextView[@text='6']}",
          "subLogs": [],
          "duration": 54
        },
        {
          "commandName": "findElement",
          "args": [
            "{value=//android.widget.TextView[@text='6'], using=xpath}"
          ],
          "result": "An element could not be located on the page using the given search parameters. (WARNING: The server did not provide any stacktrace information)\nCommand duration or timeout: 81 milliseconds\nFor documentation on this error, please visit: http://seleniumhq.org/exceptions/no_such_element.html\nBuild info: version: '2.53.0', revision: '35ae25b1534ae328c771e0856c93e187490ca824', time: '2016-03-15 10:43:46'\nSystem info: host: 'ICPL11548', ip: '192.168.119.2', os.name: 'Windows 8.1', os.arch: 'amd64', os.version: '6.3', java.version: '1.8.0_144'\nDriver info: com.qmetry.qaf.automation.ui.webdriver.QAFExtendedWebDriver\nCapabilities [{appPackage=com.adidas.app, deviceScreenSize=720x1280, networkConnectionEnabled=true, warnings={}, databaseEnabled=false, deviceName=emulator-5554, platform=LINUX, deviceUDID=emulator-5554, appActivity=com.adidas.app.MainActivity, browser_name=, desired={appPackage=com.adidas.app, appActivity=com.adidas.app.MainActivity, browser_name=, appium-version=4.1.2, automationName=Appium, takesScreenshot=true, javascriptEnabled=true, driver.class=io.appium.java_client.android.AndroidDriver, platformName=Android, deviceName=emulator-5554, cssSelectorsEnabled=true}, appium-version=4.1.2, platformVersion=7.0, webStorageEnabled=false, locationContextEnabled=false, automationName=Appium, takesScreenshot=true, javascriptEnabled=true, driver.class=io.appium.java_client.android.AndroidDriver, deviceModel=Android SDK built for x86, platformName=Android, deviceManufacturer=unknown, cssSelectorsEnabled=true}]\nSession ID: 5f09738a-d71a-4c9a-93b7-f8bdae562417\n*** Element info: {Using=xpath, value=//android.widget.TextView[@text='6']}",
          "subLogs": [],
          "duration": 82
        },
        {
          "commandName": "findElement",
          "args": [
            "{value=//android.widget.TextView[@text='6'], using=xpath}"
          ],
          "result": "An element could not be located on the page using the given search parameters. (WARNING: The server did not provide any stacktrace information)\nCommand duration or timeout: 94 milliseconds\nFor documentation on this error, please visit: http://seleniumhq.org/exceptions/no_such_element.html\nBuild info: version: '2.53.0', revision: '35ae25b1534ae328c771e0856c93e187490ca824', time: '2016-03-15 10:43:46'\nSystem info: host: 'ICPL11548', ip: '192.168.119.2', os.name: 'Windows 8.1', os.arch: 'amd64', os.version: '6.3', java.version: '1.8.0_144'\nDriver info: com.qmetry.qaf.automation.ui.webdriver.QAFExtendedWebDriver\nCapabilities [{appPackage=com.adidas.app, deviceScreenSize=720x1280, networkConnectionEnabled=true, warnings={}, databaseEnabled=false, deviceName=emulator-5554, platform=LINUX, deviceUDID=emulator-5554, appActivity=com.adidas.app.MainActivity, browser_name=, desired={appPackage=com.adidas.app, appActivity=com.adidas.app.MainActivity, browser_name=, appium-version=4.1.2, automationName=Appium, takesScreenshot=true, javascriptEnabled=true, driver.class=io.appium.java_client.android.AndroidDriver, platformName=Android, deviceName=emulator-5554, cssSelectorsEnabled=true}, appium-version=4.1.2, platformVersion=7.0, webStorageEnabled=false, locationContextEnabled=false, automationName=Appium, takesScreenshot=true, javascriptEnabled=true, driver.class=io.appium.java_client.android.AndroidDriver, deviceModel=Android SDK built for x86, platformName=Android, deviceManufacturer=unknown, cssSelectorsEnabled=true}]\nSession ID: 5f09738a-d71a-4c9a-93b7-f8bdae562417\n*** Element info: {Using=xpath, value=//android.widget.TextView[@text='6']}",
          "subLogs": [],
          "duration": 94
        },
        {
          "commandName": "findElement",
          "args": [
            "{value=//android.widget.TextView[@text='6'], using=xpath}"
          ],
          "result": "An element could not be located on the page using the given search parameters. (WARNING: The server did not provide any stacktrace information)\nCommand duration or timeout: 74 milliseconds\nFor documentation on this error, please visit: http://seleniumhq.org/exceptions/no_such_element.html\nBuild info: version: '2.53.0', revision: '35ae25b1534ae328c771e0856c93e187490ca824', time: '2016-03-15 10:43:46'\nSystem info: host: 'ICPL11548', ip: '192.168.119.2', os.name: 'Windows 8.1', os.arch: 'amd64', os.version: '6.3', java.version: '1.8.0_144'\nDriver info: com.qmetry.qaf.automation.ui.webdriver.QAFExtendedWebDriver\nCapabilities [{appPackage=com.adidas.app, deviceScreenSize=720x1280, networkConnectionEnabled=true, warnings={}, databaseEnabled=false, deviceName=emulator-5554, platform=LINUX, deviceUDID=emulator-5554, appActivity=com.adidas.app.MainActivity, browser_name=, desired={appPackage=com.adidas.app, appActivity=com.adidas.app.MainActivity, browser_name=, appium-version=4.1.2, automationName=Appium, takesScreenshot=true, javascriptEnabled=true, driver.class=io.appium.java_client.android.AndroidDriver, platformName=Android, deviceName=emulator-5554, cssSelectorsEnabled=true}, appium-version=4.1.2, platformVersion=7.0, webStorageEnabled=false, locationContextEnabled=false, automationName=Appium, takesScreenshot=true, javascriptEnabled=true, driver.class=io.appium.java_client.android.AndroidDriver, deviceModel=Android SDK built for x86, platformName=Android, deviceManufacturer=unknown, cssSelectorsEnabled=true}]\nSession ID: 5f09738a-d71a-4c9a-93b7-f8bdae562417\n*** Element info: {Using=xpath, value=//android.widget.TextView[@text='6']}",
          "subLogs": [],
          "duration": 74
        },
        {
          "commandName": "findElement",
          "args": [
            "{value=//android.widget.TextView[@text='6'], using=xpath}"
          ],
          "result": "An element could not be located on the page using the given search parameters. (WARNING: The server did not provide any stacktrace information)\nCommand duration or timeout: 69 milliseconds\nFor documentation on this error, please visit: http://seleniumhq.org/exceptions/no_such_element.html\nBuild info: version: '2.53.0', revision: '35ae25b1534ae328c771e0856c93e187490ca824', time: '2016-03-15 10:43:46'\nSystem info: host: 'ICPL11548', ip: '192.168.119.2', os.name: 'Windows 8.1', os.arch: 'amd64', os.version: '6.3', java.version: '1.8.0_144'\nDriver info: com.qmetry.qaf.automation.ui.webdriver.QAFExtendedWebDriver\nCapabilities [{appPackage=com.adidas.app, deviceScreenSize=720x1280, networkConnectionEnabled=true, warnings={}, databaseEnabled=false, deviceName=emulator-5554, platform=LINUX, deviceUDID=emulator-5554, appActivity=com.adidas.app.MainActivity, browser_name=, desired={appPackage=com.adidas.app, appActivity=com.adidas.app.MainActivity, browser_name=, appium-version=4.1.2, automationName=Appium, takesScreenshot=true, javascriptEnabled=true, driver.class=io.appium.java_client.android.AndroidDriver, platformName=Android, deviceName=emulator-5554, cssSelectorsEnabled=true}, appium-version=4.1.2, platformVersion=7.0, webStorageEnabled=false, locationContextEnabled=false, automationName=Appium, takesScreenshot=true, javascriptEnabled=true, driver.class=io.appium.java_client.android.AndroidDriver, deviceModel=Android SDK built for x86, platformName=Android, deviceManufacturer=unknown, cssSelectorsEnabled=true}]\nSession ID: 5f09738a-d71a-4c9a-93b7-f8bdae562417\n*** Element info: {Using=xpath, value=//android.widget.TextView[@text='6']}",
          "subLogs": [],
          "duration": 69
        },
        {
          "commandName": "findElement",
          "args": [
            "{value=//android.widget.TextView[@text='6'], using=xpath}"
          ],
          "result": "An element could not be located on the page using the given search parameters. (WARNING: The server did not provide any stacktrace information)\nCommand duration or timeout: 106 milliseconds\nFor documentation on this error, please visit: http://seleniumhq.org/exceptions/no_such_element.html\nBuild info: version: '2.53.0', revision: '35ae25b1534ae328c771e0856c93e187490ca824', time: '2016-03-15 10:43:46'\nSystem info: host: 'ICPL11548', ip: '192.168.119.2', os.name: 'Windows 8.1', os.arch: 'amd64', os.version: '6.3', java.version: '1.8.0_144'\nDriver info: com.qmetry.qaf.automation.ui.webdriver.QAFExtendedWebDriver\nCapabilities [{appPackage=com.adidas.app, deviceScreenSize=720x1280, networkConnectionEnabled=true, warnings={}, databaseEnabled=false, deviceName=emulator-5554, platform=LINUX, deviceUDID=emulator-5554, appActivity=com.adidas.app.MainActivity, browser_name=, desired={appPackage=com.adidas.app, appActivity=com.adidas.app.MainActivity, browser_name=, appium-version=4.1.2, automationName=Appium, takesScreenshot=true, javascriptEnabled=true, driver.class=io.appium.java_client.android.AndroidDriver, platformName=Android, deviceName=emulator-5554, cssSelectorsEnabled=true}, appium-version=4.1.2, platformVersion=7.0, webStorageEnabled=false, locationContextEnabled=false, automationName=Appium, takesScreenshot=true, javascriptEnabled=true, driver.class=io.appium.java_client.android.AndroidDriver, deviceModel=Android SDK built for x86, platformName=Android, deviceManufacturer=unknown, cssSelectorsEnabled=true}]\nSession ID: 5f09738a-d71a-4c9a-93b7-f8bdae562417\n*** Element info: {Using=xpath, value=//android.widget.TextView[@text='6']}",
          "subLogs": [],
          "duration": 106
        },
        {
          "commandName": "findElement",
          "args": [
            "{value=//android.widget.TextView[@text='6'], using=xpath}"
          ],
          "result": "An element could not be located on the page using the given search parameters. (WARNING: The server did not provide any stacktrace information)\nCommand duration or timeout: 78 milliseconds\nFor documentation on this error, please visit: http://seleniumhq.org/exceptions/no_such_element.html\nBuild info: version: '2.53.0', revision: '35ae25b1534ae328c771e0856c93e187490ca824', time: '2016-03-15 10:43:46'\nSystem info: host: 'ICPL11548', ip: '192.168.119.2', os.name: 'Windows 8.1', os.arch: 'amd64', os.version: '6.3', java.version: '1.8.0_144'\nDriver info: com.qmetry.qaf.automation.ui.webdriver.QAFExtendedWebDriver\nCapabilities [{appPackage=com.adidas.app, deviceScreenSize=720x1280, networkConnectionEnabled=true, warnings={}, databaseEnabled=false, deviceName=emulator-5554, platform=LINUX, deviceUDID=emulator-5554, appActivity=com.adidas.app.MainActivity, browser_name=, desired={appPackage=com.adidas.app, appActivity=com.adidas.app.MainActivity, browser_name=, appium-version=4.1.2, automationName=Appium, takesScreenshot=true, javascriptEnabled=true, driver.class=io.appium.java_client.android.AndroidDriver, platformName=Android, deviceName=emulator-5554, cssSelectorsEnabled=true}, appium-version=4.1.2, platformVersion=7.0, webStorageEnabled=false, locationContextEnabled=false, automationName=Appium, takesScreenshot=true, javascriptEnabled=true, driver.class=io.appium.java_client.android.AndroidDriver, deviceModel=Android SDK built for x86, platformName=Android, deviceManufacturer=unknown, cssSelectorsEnabled=true}]\nSession ID: 5f09738a-d71a-4c9a-93b7-f8bdae562417\n*** Element info: {Using=xpath, value=//android.widget.TextView[@text='6']}",
          "subLogs": [],
          "duration": 78
        },
        {
          "commandName": "findElement",
          "args": [
            "{value=//android.widget.TextView[@text='6'], using=xpath}"
          ],
          "result": "An element could not be located on the page using the given search parameters. (WARNING: The server did not provide any stacktrace information)\nCommand duration or timeout: 79 milliseconds\nFor documentation on this error, please visit: http://seleniumhq.org/exceptions/no_such_element.html\nBuild info: version: '2.53.0', revision: '35ae25b1534ae328c771e0856c93e187490ca824', time: '2016-03-15 10:43:46'\nSystem info: host: 'ICPL11548', ip: '192.168.119.2', os.name: 'Windows 8.1', os.arch: 'amd64', os.version: '6.3', java.version: '1.8.0_144'\nDriver info: com.qmetry.qaf.automation.ui.webdriver.QAFExtendedWebDriver\nCapabilities [{appPackage=com.adidas.app, deviceScreenSize=720x1280, networkConnectionEnabled=true, warnings={}, databaseEnabled=false, deviceName=emulator-5554, platform=LINUX, deviceUDID=emulator-5554, appActivity=com.adidas.app.MainActivity, browser_name=, desired={appPackage=com.adidas.app, appActivity=com.adidas.app.MainActivity, browser_name=, appium-version=4.1.2, automationName=Appium, takesScreenshot=true, javascriptEnabled=true, driver.class=io.appium.java_client.android.AndroidDriver, platformName=Android, deviceName=emulator-5554, cssSelectorsEnabled=true}, appium-version=4.1.2, platformVersion=7.0, webStorageEnabled=false, locationContextEnabled=false, automationName=Appium, takesScreenshot=true, javascriptEnabled=true, driver.class=io.appium.java_client.android.AndroidDriver, deviceModel=Android SDK built for x86, platformName=Android, deviceManufacturer=unknown, cssSelectorsEnabled=true}]\nSession ID: 5f09738a-d71a-4c9a-93b7-f8bdae562417\n*** Element info: {Using=xpath, value=//android.widget.TextView[@text='6']}",
          "subLogs": [],
          "duration": 80
        },
        {
          "commandName": "findElement",
          "args": [
            "{value=//android.widget.TextView[@text='6'], using=xpath}"
          ],
          "result": "An element could not be located on the page using the given search parameters. (WARNING: The server did not provide any stacktrace information)\nCommand duration or timeout: 83 milliseconds\nFor documentation on this error, please visit: http://seleniumhq.org/exceptions/no_such_element.html\nBuild info: version: '2.53.0', revision: '35ae25b1534ae328c771e0856c93e187490ca824', time: '2016-03-15 10:43:46'\nSystem info: host: 'ICPL11548', ip: '192.168.119.2', os.name: 'Windows 8.1', os.arch: 'amd64', os.version: '6.3', java.version: '1.8.0_144'\nDriver info: com.qmetry.qaf.automation.ui.webdriver.QAFExtendedWebDriver\nCapabilities [{appPackage=com.adidas.app, deviceScreenSize=720x1280, networkConnectionEnabled=true, warnings={}, databaseEnabled=false, deviceName=emulator-5554, platform=LINUX, deviceUDID=emulator-5554, appActivity=com.adidas.app.MainActivity, browser_name=, desired={appPackage=com.adidas.app, appActivity=com.adidas.app.MainActivity, browser_name=, appium-version=4.1.2, automationName=Appium, takesScreenshot=true, javascriptEnabled=true, driver.class=io.appium.java_client.android.AndroidDriver, platformName=Android, deviceName=emulator-5554, cssSelectorsEnabled=true}, appium-version=4.1.2, platformVersion=7.0, webStorageEnabled=false, locationContextEnabled=false, automationName=Appium, takesScreenshot=true, javascriptEnabled=true, driver.class=io.appium.java_client.android.AndroidDriver, deviceModel=Android SDK built for x86, platformName=Android, deviceManufacturer=unknown, cssSelectorsEnabled=true}]\nSession ID: 5f09738a-d71a-4c9a-93b7-f8bdae562417\n*** Element info: {Using=xpath, value=//android.widget.TextView[@text='6']}",
          "subLogs": [],
          "duration": 83
        },
        {
          "commandName": "findElement",
          "args": [
            "{value=//android.widget.TextView[@text='6'], using=xpath}"
          ],
          "result": "An element could not be located on the page using the given search parameters. (WARNING: The server did not provide any stacktrace information)\nCommand duration or timeout: 63 milliseconds\nFor documentation on this error, please visit: http://seleniumhq.org/exceptions/no_such_element.html\nBuild info: version: '2.53.0', revision: '35ae25b1534ae328c771e0856c93e187490ca824', time: '2016-03-15 10:43:46'\nSystem info: host: 'ICPL11548', ip: '192.168.119.2', os.name: 'Windows 8.1', os.arch: 'amd64', os.version: '6.3', java.version: '1.8.0_144'\nDriver info: com.qmetry.qaf.automation.ui.webdriver.QAFExtendedWebDriver\nCapabilities [{appPackage=com.adidas.app, deviceScreenSize=720x1280, networkConnectionEnabled=true, warnings={}, databaseEnabled=false, deviceName=emulator-5554, platform=LINUX, deviceUDID=emulator-5554, appActivity=com.adidas.app.MainActivity, browser_name=, desired={appPackage=com.adidas.app, appActivity=com.adidas.app.MainActivity, browser_name=, appium-version=4.1.2, automationName=Appium, takesScreenshot=true, javascriptEnabled=true, driver.class=io.appium.java_client.android.AndroidDriver, platformName=Android, deviceName=emulator-5554, cssSelectorsEnabled=true}, appium-version=4.1.2, platformVersion=7.0, webStorageEnabled=false, locationContextEnabled=false, automationName=Appium, takesScreenshot=true, javascriptEnabled=true, driver.class=io.appium.java_client.android.AndroidDriver, deviceModel=Android SDK built for x86, platformName=Android, deviceManufacturer=unknown, cssSelectorsEnabled=true}]\nSession ID: 5f09738a-d71a-4c9a-93b7-f8bdae562417\n*** Element info: {Using=xpath, value=//android.widget.TextView[@text='6']}",
          "subLogs": [],
          "duration": 63
        },
        {
          "commandName": "findElement",
          "args": [
            "{value=//android.widget.TextView[@text='6'], using=xpath}"
          ],
          "result": "An element could not be located on the page using the given search parameters. (WARNING: The server did not provide any stacktrace information)\nCommand duration or timeout: 100 milliseconds\nFor documentation on this error, please visit: http://seleniumhq.org/exceptions/no_such_element.html\nBuild info: version: '2.53.0', revision: '35ae25b1534ae328c771e0856c93e187490ca824', time: '2016-03-15 10:43:46'\nSystem info: host: 'ICPL11548', ip: '192.168.119.2', os.name: 'Windows 8.1', os.arch: 'amd64', os.version: '6.3', java.version: '1.8.0_144'\nDriver info: com.qmetry.qaf.automation.ui.webdriver.QAFExtendedWebDriver\nCapabilities [{appPackage=com.adidas.app, deviceScreenSize=720x1280, networkConnectionEnabled=true, warnings={}, databaseEnabled=false, deviceName=emulator-5554, platform=LINUX, deviceUDID=emulator-5554, appActivity=com.adidas.app.MainActivity, browser_name=, desired={appPackage=com.adidas.app, appActivity=com.adidas.app.MainActivity, browser_name=, appium-version=4.1.2, automationName=Appium, takesScreenshot=true, javascriptEnabled=true, driver.class=io.appium.java_client.android.AndroidDriver, platformName=Android, deviceName=emulator-5554, cssSelectorsEnabled=true}, appium-version=4.1.2, platformVersion=7.0, webStorageEnabled=false, locationContextEnabled=false, automationName=Appium, takesScreenshot=true, javascriptEnabled=true, driver.class=io.appium.java_client.android.AndroidDriver, deviceModel=Android SDK built for x86, platformName=Android, deviceManufacturer=unknown, cssSelectorsEnabled=true}]\nSession ID: 5f09738a-d71a-4c9a-93b7-f8bdae562417\n*** Element info: {Using=xpath, value=//android.widget.TextView[@text='6']}",
          "subLogs": [],
          "duration": 100
        },
        {
          "commandName": "findElement",
          "args": [
            "{value=//android.widget.TextView[@text='6'], using=xpath}"
          ],
          "result": "An element could not be located on the page using the given search parameters. (WARNING: The server did not provide any stacktrace information)\nCommand duration or timeout: 94 milliseconds\nFor documentation on this error, please visit: http://seleniumhq.org/exceptions/no_such_element.html\nBuild info: version: '2.53.0', revision: '35ae25b1534ae328c771e0856c93e187490ca824', time: '2016-03-15 10:43:46'\nSystem info: host: 'ICPL11548', ip: '192.168.119.2', os.name: 'Windows 8.1', os.arch: 'amd64', os.version: '6.3', java.version: '1.8.0_144'\nDriver info: com.qmetry.qaf.automation.ui.webdriver.QAFExtendedWebDriver\nCapabilities [{appPackage=com.adidas.app, deviceScreenSize=720x1280, networkConnectionEnabled=true, warnings={}, databaseEnabled=false, deviceName=emulator-5554, platform=LINUX, deviceUDID=emulator-5554, appActivity=com.adidas.app.MainActivity, browser_name=, desired={appPackage=com.adidas.app, appActivity=com.adidas.app.MainActivity, browser_name=, appium-version=4.1.2, automationName=Appium, takesScreenshot=true, javascriptEnabled=true, driver.class=io.appium.java_client.android.AndroidDriver, platformName=Android, deviceName=emulator-5554, cssSelectorsEnabled=true}, appium-version=4.1.2, platformVersion=7.0, webStorageEnabled=false, locationContextEnabled=false, automationName=Appium, takesScreenshot=true, javascriptEnabled=true, driver.class=io.appium.java_client.android.AndroidDriver, deviceModel=Android SDK built for x86, platformName=Android, deviceManufacturer=unknown, cssSelectorsEnabled=true}]\nSession ID: 5f09738a-d71a-4c9a-93b7-f8bdae562417\n*** Element info: {Using=xpath, value=//android.widget.TextView[@text='6']}",
          "subLogs": [],
          "duration": 95
        },
        {
          "commandName": "findElement",
          "args": [
            "{value=//android.widget.TextView[@text='6'], using=xpath}"
          ],
          "result": "An element could not be located on the page using the given search parameters. (WARNING: The server did not provide any stacktrace information)\nCommand duration or timeout: 93 milliseconds\nFor documentation on this error, please visit: http://seleniumhq.org/exceptions/no_such_element.html\nBuild info: version: '2.53.0', revision: '35ae25b1534ae328c771e0856c93e187490ca824', time: '2016-03-15 10:43:46'\nSystem info: host: 'ICPL11548', ip: '192.168.119.2', os.name: 'Windows 8.1', os.arch: 'amd64', os.version: '6.3', java.version: '1.8.0_144'\nDriver info: com.qmetry.qaf.automation.ui.webdriver.QAFExtendedWebDriver\nCapabilities [{appPackage=com.adidas.app, deviceScreenSize=720x1280, networkConnectionEnabled=true, warnings={}, databaseEnabled=false, deviceName=emulator-5554, platform=LINUX, deviceUDID=emulator-5554, appActivity=com.adidas.app.MainActivity, browser_name=, desired={appPackage=com.adidas.app, appActivity=com.adidas.app.MainActivity, browser_name=, appium-version=4.1.2, automationName=Appium, takesScreenshot=true, javascriptEnabled=true, driver.class=io.appium.java_client.android.AndroidDriver, platformName=Android, deviceName=emulator-5554, cssSelectorsEnabled=true}, appium-version=4.1.2, platformVersion=7.0, webStorageEnabled=false, locationContextEnabled=false, automationName=Appium, takesScreenshot=true, javascriptEnabled=true, driver.class=io.appium.java_client.android.AndroidDriver, deviceModel=Android SDK built for x86, platformName=Android, deviceManufacturer=unknown, cssSelectorsEnabled=true}]\nSession ID: 5f09738a-d71a-4c9a-93b7-f8bdae562417\n*** Element info: {Using=xpath, value=//android.widget.TextView[@text='6']}",
          "subLogs": [],
          "duration": 93
        },
        {
          "commandName": "findElement",
          "args": [
            "{value=//android.widget.TextView[@text='6'], using=xpath}"
          ],
          "result": "An element could not be located on the page using the given search parameters. (WARNING: The server did not provide any stacktrace information)\nCommand duration or timeout: 71 milliseconds\nFor documentation on this error, please visit: http://seleniumhq.org/exceptions/no_such_element.html\nBuild info: version: '2.53.0', revision: '35ae25b1534ae328c771e0856c93e187490ca824', time: '2016-03-15 10:43:46'\nSystem info: host: 'ICPL11548', ip: '192.168.119.2', os.name: 'Windows 8.1', os.arch: 'amd64', os.version: '6.3', java.version: '1.8.0_144'\nDriver info: com.qmetry.qaf.automation.ui.webdriver.QAFExtendedWebDriver\nCapabilities [{appPackage=com.adidas.app, deviceScreenSize=720x1280, networkConnectionEnabled=true, warnings={}, databaseEnabled=false, deviceName=emulator-5554, platform=LINUX, deviceUDID=emulator-5554, appActivity=com.adidas.app.MainActivity, browser_name=, desired={appPackage=com.adidas.app, appActivity=com.adidas.app.MainActivity, browser_name=, appium-version=4.1.2, automationName=Appium, takesScreenshot=true, javascriptEnabled=true, driver.class=io.appium.java_client.android.AndroidDriver, platformName=Android, deviceName=emulator-5554, cssSelectorsEnabled=true}, appium-version=4.1.2, platformVersion=7.0, webStorageEnabled=false, locationContextEnabled=false, automationName=Appium, takesScreenshot=true, javascriptEnabled=true, driver.class=io.appium.java_client.android.AndroidDriver, deviceModel=Android SDK built for x86, platformName=Android, deviceManufacturer=unknown, cssSelectorsEnabled=true}]\nSession ID: 5f09738a-d71a-4c9a-93b7-f8bdae562417\n*** Element info: {Using=xpath, value=//android.widget.TextView[@text='6']}",
          "subLogs": [],
          "duration": 71
        },
        {
          "commandName": "clickElement",
          "args": [
            "By.xpath: //android.widget.TextView[@text='6']",
            "{\"id\":\"-1\"}"
          ],
          "result": "Timed out after 30 seconds waiting for presence of element located by: By.xpath: //android.widget.TextView[@text='6']\nBuild info: version: '2.53.0', revision: '35ae25b1534ae328c771e0856c93e187490ca824', time: '2016-03-15 10:43:46'\nSystem info: host: 'ICPL11548', ip: '192.168.119.2', os.name: 'Windows 8.1', os.arch: 'amd64', os.version: '6.3', java.version: '1.8.0_144'\nDriver info: driver.version: QAFExtendedWebDriver",
          "subLogs": [],
          "duration": -1122740147
        }
      ],
      "duration": -1
    },
    {
      "commandName": "And select the size of the product as\"8\"",
      "args": [
        "[8]"
      ],
      "result": "Not Run",
      "subLogs": [],
      "duration": -1
    },
    {
      "commandName": "And click on Add to cart bag",
      "args": [
        "[]"
      ],
      "result": "Not Run",
      "subLogs": [],
      "duration": -1
    }
  ],
  "checkPoints": [
    {
      "message": "When click on search icon",
      "type": "TestStepPass",
      "duration": 55753,
      "threshold": 0,
      "subCheckPoints": [
        {
          "message": "\nExpected: &lt;true&gt;\n     Actual: was &lt;true&gt;",
          "type": "Pass",
          "screenshot": "test-results/22_Feb_2018_04_02_PM/img/TestAdidas_1xezq04mz3sbw10887.png",
          "duration": 0,
          "threshold": 0,
          "subCheckPoints": []
        }
      ]
    },
    {
      "message": "And searchproduct by gender as a \"MEN\"",
      "type": "TestStepPass",
      "duration": 8031,
      "threshold": 0,
      "subCheckPoints": []
    },
    {
      "message": "And searchproduct by purpose as a \"Skateboarding\"",
      "type": "TestStepPass",
      "duration": 6308,
      "threshold": 0,
      "subCheckPoints": []
    },
    {
      "message": "And select the product from productlist",
      "type": "TestStepPass",
      "duration": 3237,
      "threshold": 0,
      "subCheckPoints": []
    },
    {
      "message": "And click on buy button",
      "type": "TestStepPass",
      "duration": 1798,
      "threshold": 0,
      "subCheckPoints": []
    },
    {
      "message": "And click on size selection icon",
      "type": "TestStepFail",
      "screenshot": "test-results/22_Feb_2018_04_02_PM/img/TestAdidas_18s4zb20nywqt10888.png",
      "duration": 30053,
      "threshold": 0,
      "subCheckPoints": [
        {
          "message": "Timed out after 30 seconds waiting for presence of element located by: By.xpath: //android.widget.TextView[@text='6']\nBuild info: version: '2.53.0', revision: '35ae25b1534ae328c771e0856c93e187490ca824', time: '2016-03-15 10:43:46'\nSystem info: host: 'ICPL11548', ip: '192.168.119.2', os.name: 'Windows 8.1', os.arch: 'amd64', os.version: '6.3', java.version: '1.8.0_144'\nDriver info: driver.version: QAFExtendedWebDriver",
          "type": "Fail",
          "duration": 0,
          "threshold": 0,
          "subCheckPoints": []
        }
      ]
    },
    {
      "message": "And select the size of the product as\"8\"",
      "type": "TestStep",
      "duration": 0,
      "threshold": 0,
      "subCheckPoints": []
    },
    {
      "message": "And click on Add to cart bag",
      "type": "TestStep",
      "duration": 0,
      "threshold": 0,
      "subCheckPoints": []
    }
  ],
  "errorTrace": "org.openqa.selenium.TimeoutException: Timed out after 30 seconds waiting for presence of element located by: By.xpath: //android.widget.TextView[@text='6']\nBuild info: version: '2.53.0', revision: '35ae25b1534ae328c771e0856c93e187490ca824', time: '2016-03-15 10:43:46'\nSystem info: host: 'ICPL11548', ip: '192.168.119.2', os.name: 'Windows 8.1', os.arch: 'amd64', os.version: '6.3', java.version: '1.8.0_144'\nDriver info: driver.version: QAFExtendedWebDriver\r\n\tat .And click on size selection icon(scenarios/TestAdidas.bdd:10)\r\n\tat org.openqa.selenium.support.ui.FluentWait.timeoutException(FluentWait.java:292)\r\n\tat org.openqa.selenium.support.ui.FluentWait.until(FluentWait.java:261)\r\n\tat com.qmetry.qaf.automation.ui.webdriver.QAFExtendedWebDriver.load(QAFExtendedWebDriver.java:214)\r\n\tat com.qmetry.qaf.automation.ui.webdriver.QAFExtendedWebElement.load(QAFExtendedWebElement.java:284)\r\n\tat com.qmetry.qaf.automation.ui.webdriver.QAFExtendedWebElement.execute(QAFExtendedWebElement.java:239)\r\n\tat org.openqa.selenium.remote.RemoteWebElement.click(RemoteWebElement.java:85)\r\n\tat com.adidas.pages.AdidasjacketTestPage.clickOnSizeSelectionIcon(AdidasjacketTestPage.java:47)\r\n\tat com.qmetry.qaf.automation.step.JavaStep.doExecute(JavaStep.java:160)\r\n\tat com.qmetry.qaf.automation.step.BaseTestStep.execute(BaseTestStep.java:149)\r\n\tat com.qmetry.qaf.automation.step.StringTestStep.execute(StringTestStep.java:134)\r\n\tat com.qmetry.qaf.automation.step.client.Scenario.execute(Scenario.java:167)\r\n\tat com.qmetry.qaf.automation.step.client.Scenario.scenario(Scenario.java:219)\r\nCaused by: org.openqa.selenium.NoSuchElementException: An element could not be located on the page using the given search parameters. (WARNING: The server did not provide any stacktrace information)\nCommand duration or timeout: 71 milliseconds\nFor documentation on this error, please visit: http://seleniumhq.org/exceptions/no_such_element.html\nBuild info: version: '2.53.0', revision: '35ae25b1534ae328c771e0856c93e187490ca824', time: '2016-03-15 10:43:46'\nSystem info: host: 'ICPL11548', ip: '192.168.119.2', os.name: 'Windows 8.1', os.arch: 'amd64', os.version: '6.3', java.version: '1.8.0_144'\nDriver info: com.qmetry.qaf.automation.ui.webdriver.QAFExtendedWebDriver\nCapabilities [{appPackage=com.adidas.app, deviceScreenSize=720x1280, networkConnectionEnabled=true, warnings={}, databaseEnabled=false, deviceName=emulator-5554, platform=LINUX, deviceUDID=emulator-5554, appActivity=com.adidas.app.MainActivity, browser_name=, desired={appPackage=com.adidas.app, appActivity=com.adidas.app.MainActivity, browser_name=, appium-version=4.1.2, automationName=Appium, takesScreenshot=true, javascriptEnabled=true, driver.class=io.appium.java_client.android.AndroidDriver, platformName=Android, deviceName=emulator-5554, cssSelectorsEnabled=true}, appium-version=4.1.2, platformVersion=7.0, webStorageEnabled=false, locationContextEnabled=false, automationName=Appium, takesScreenshot=true, javascriptEnabled=true, driver.class=io.appium.java_client.android.AndroidDriver, deviceModel=Android SDK built for x86, platformName=Android, deviceManufacturer=unknown, cssSelectorsEnabled=true}]\nSession ID: 5f09738a-d71a-4c9a-93b7-f8bdae562417\n*** Element info: {Using=xpath, value=//android.widget.TextView[@text='6']}\r\n\tat sun.reflect.GeneratedConstructorAccessor16.newInstance(Unknown Source)\r\n\tat sun.reflect.DelegatingConstructorAccessorImpl.newInstance(DelegatingConstructorAccessorImpl.java:45)\r\n\tat java.lang.reflect.Constructor.newInstance(Constructor.java:423)\r\n\tat org.openqa.selenium.remote.ErrorHandler.createThrowable(ErrorHandler.java:206)\r\n\tat org.openqa.selenium.remote.ErrorHandler.throwIfResponseFailed(ErrorHandler.java:158)\r\n\tat org.openqa.selenium.remote.RemoteWebDriver.execute(RemoteWebDriver.java:678)\r\n\tat com.qmetry.qaf.automation.ui.webdriver.QAFExtendedWebDriver.execute(QAFExtendedWebDriver.java:234)\r\n\tat org.openqa.selenium.remote.RemoteWebDriver.findElement(RemoteWebDriver.java:363)\r\n\tat org.openqa.selenium.remote.RemoteWebDriver.findElementByXPath(RemoteWebDriver.java:500)\r\n\tat com.qmetry.qaf.automation.ui.webdriver.QAFExtendedWebDriver.findElementByXPath(QAFExtendedWebDriver.java:398)\r\n\tat com.qmetry.qaf.automation.ui.webdriver.QAFExtendedWebDriver.findElementByXPath(QAFExtendedWebDriver.java:1)\r\n\tat org.openqa.selenium.By$ByXPath.findElement(By.java:361)\r\n\tat org.openqa.selenium.remote.RemoteWebDriver.findElement(RemoteWebDriver.java:355)\r\n\tat com.qmetry.qaf.automation.ui.webdriver.QAFExtendedWebDriver.findElement(QAFExtendedWebDriver.java:169)\r\n\tat com.qmetry.qaf.automation.ui.webdriver.QAFExtendedWebDriver.findElement(QAFExtendedWebDriver.java:1)\r\n\tat org.openqa.selenium.support.ui.ExpectedConditions.findElement(ExpectedConditions.java:899)\r\n\tat org.openqa.selenium.support.ui.ExpectedConditions.access$000(ExpectedConditions.java:41)\r\n\tat org.openqa.selenium.support.ui.ExpectedConditions$6.apply(ExpectedConditions.java:181)\r\n\tat org.openqa.selenium.support.ui.ExpectedConditions$6.apply(ExpectedConditions.java:178)\r\n\tat org.openqa.selenium.support.ui.FluentWait.until(FluentWait.java:238)\r\n\tat com.qmetry.qaf.automation.ui.webdriver.QAFExtendedWebDriver.load(QAFExtendedWebDriver.java:214)\r\n\tat com.qmetry.qaf.automation.ui.webdriver.QAFExtendedWebElement.load(QAFExtendedWebElement.java:284)\r\n\tat com.qmetry.qaf.automation.ui.webdriver.QAFExtendedWebElement.execute(QAFExtendedWebElement.java:239)\r\n\tat org.openqa.selenium.remote.RemoteWebElement.click(RemoteWebElement.java:85)\r\n\tat com.adidas.pages.AdidasjacketTestPage.clickOnSizeSelectionIcon(AdidasjacketTestPage.java:47)\r\n\tat sun.reflect.NativeMethodAccessorImpl.invoke0(Native Method)\r\n\tat sun.reflect.NativeMethodAccessorImpl.invoke(NativeMethodAccessorImpl.java:62)\r\n\tat sun.reflect.DelegatingMethodAccessorImpl.invoke(DelegatingMethodAccessorImpl.java:43)\r\n\tat java.lang.reflect.Method.invoke(Method.java:498)\r\n\tat com.qmetry.qaf.automation.step.JavaStep.doExecute(JavaStep.java:160)\r\n\tat com.qmetry.qaf.automation.step.BaseTestStep.execute(BaseTestStep.java:149)\r\n\tat com.qmetry.qaf.automation.step.StringTestStep.execute(StringTestStep.java:134)\r\n\tat com.qmetry.qaf.automation.step.client.Scenario.execute(Scenario.java:167)\r\n\tat com.qmetry.qaf.automation.step.client.Scenario.scenario(Scenario.java:219)\r\n\tat sun.reflect.NativeMethodAccessorImpl.invoke0(Native Method)\r\n\tat sun.reflect.NativeMethodAccessorImpl.invoke(NativeMethodAccessorImpl.java:62)\r\n\tat sun.reflect.DelegatingMethodAccessorImpl.invoke(DelegatingMethodAccessorImpl.java:43)\r\n\tat java.lang.reflect.Method.invoke(Method.java:498)\r\n\tat org.testng.internal.MethodInvocationHelper.invokeMethod(MethodInvocationHelper.java:104)\r\n\tat org.testng.internal.Invoker.invokeMethod(Invoker.java:645)\r\n\tat org.testng.internal.Invoker.invokeTestMethod(Invoker.java:851)\r\n\tat org.testng.internal.Invoker.invokeTestMethods(Invoker.java:1177)\r\n\tat org.testng.internal.TestMethodWorker.invokeTestMethods(TestMethodWorker.java:129)\r\n\tat org.testng.internal.TestMethodWorker.run(TestMethodWorker.java:112)\r\n\tat org.testng.TestRunner.privateRun(TestRunner.java:781)\r\n\tat org.testng.TestRunner.run(TestRunner.java:635)\r\n\tat org.testng.SuiteRunner.runTest(SuiteRunner.java:387)\r\n\tat org.testng.SuiteRunner.runSequentially(SuiteRunner.java:382)\r\n\tat org.testng.SuiteRunner.privateRun(SuiteRunner.java:340)\r\n\tat org.testng.SuiteRunner.run(SuiteRunner.java:289)\r\n\tat org.testng.SuiteRunnerWorker.runSuite(SuiteRunnerWorker.java:52)\r\n\tat org.testng.SuiteRunnerWorker.run(SuiteRunnerWorker.java:86)\r\n\tat org.testng.TestNG.runSuitesSequentially(TestNG.java:1293)\r\n\tat org.testng.TestNG.runSuitesLocally(TestNG.java:1218)\r\n\tat org.testng.TestNG.runSuites(TestNG.java:1133)\r\n\tat org.testng.TestNG.run(TestNG.java:1104)\r\n\tat org.testng.remote.AbstractRemoteTestNG.run(AbstractRemoteTestNG.java:114)\r\n\tat org.testng.remote.RemoteTestNG.initAndRun(RemoteTestNG.java:251)\r\n\tat org.testng.remote.RemoteTestNG.main(RemoteTestNG.java:77)\r\n"
}