{
  "seleniumLog": [
    {
      "commandName": "findElement",
      "args": [
        "{value=//android.widget.FrameLayout[@resource-id='com.adidas.app:id/action_feed'], using=xpath}"
      ],
      "result": "id: 1",
      "subLogs": [],
      "duration": 2719
    },
    {
      "commandName": "clickElement",
      "args": [
        "By.xpath: //android.widget.FrameLayout[@resource-id='com.adidas.app:id/action_feed']",
        "{\"id\":\"1\"}"
      ],
      "result": "clickElement:true",
      "subLogs": [],
      "duration": 4494
    },
    {
      "commandName": "findElement",
      "args": [
        "{value=//android.widget.ImageView[@resource-id='com.adidas.app:id/view_4'], using=xpath}"
      ],
      "result": "An element could not be located on the page using the given search parameters. (WARNING: The server did not provide any stacktrace information)\nCommand duration or timeout: 129 milliseconds\nFor documentation on this error, please visit: http://seleniumhq.org/exceptions/no_such_element.html\nBuild info: version: '2.53.0', revision: '35ae25b1534ae328c771e0856c93e187490ca824', time: '2016-03-15 10:43:46'\nSystem info: host: 'ICPL11548', ip: '192.168.119.2', os.name: 'Windows 8.1', os.arch: 'amd64', os.version: '6.3', java.version: '1.8.0_144'\nDriver info: com.qmetry.qaf.automation.ui.webdriver.QAFExtendedWebDriver\nCapabilities [{appPackage=com.adidas.app, deviceScreenSize=720x1280, networkConnectionEnabled=true, warnings={}, databaseEnabled=false, deviceName=emulator-5554, platform=LINUX, deviceUDID=emulator-5554, appActivity=com.adidas.app.MainActivity, browser_name=, desired={appPackage=com.adidas.app, appActivity=com.adidas.app.MainActivity, browser_name=, appium-version=4.1.2, automationName=Appium, takesScreenshot=true, javascriptEnabled=true, driver.class=io.appium.java_client.android.AndroidDriver, platformName=Android, deviceName=emulator-5554, cssSelectorsEnabled=true}, appium-version=4.1.2, platformVersion=7.0, webStorageEnabled=false, locationContextEnabled=false, automationName=Appium, takesScreenshot=true, javascriptEnabled=true, driver.class=io.appium.java_client.android.AndroidDriver, deviceModel=Android SDK built for x86, platformName=Android, deviceManufacturer=unknown, cssSelectorsEnabled=true}]\nSession ID: 169fad55-0417-486b-900f-658ace0e74bc\n*** Element info: {Using=xpath, value=//android.widget.ImageView[@resource-id='com.adidas.app:id/view_4']}",
      "subLogs": [],
      "duration": 131
    },
    {
      "commandName": "findElement",
      "args": [
        "{value=//android.widget.ImageView[@resource-id='com.adidas.app:id/view_4'], using=xpath}"
      ],
      "result": "An element could not be located on the page using the given search parameters. (WARNING: The server did not provide any stacktrace information)\nCommand duration or timeout: 110 milliseconds\nFor documentation on this error, please visit: http://seleniumhq.org/exceptions/no_such_element.html\nBuild info: version: '2.53.0', revision: '35ae25b1534ae328c771e0856c93e187490ca824', time: '2016-03-15 10:43:46'\nSystem info: host: 'ICPL11548', ip: '192.168.119.2', os.name: 'Windows 8.1', os.arch: 'amd64', os.version: '6.3', java.version: '1.8.0_144'\nDriver info: com.qmetry.qaf.automation.ui.webdriver.QAFExtendedWebDriver\nCapabilities [{appPackage=com.adidas.app, deviceScreenSize=720x1280, networkConnectionEnabled=true, warnings={}, databaseEnabled=false, deviceName=emulator-5554, platform=LINUX, deviceUDID=emulator-5554, appActivity=com.adidas.app.MainActivity, browser_name=, desired={appPackage=com.adidas.app, appActivity=com.adidas.app.MainActivity, browser_name=, appium-version=4.1.2, automationName=Appium, takesScreenshot=true, javascriptEnabled=true, driver.class=io.appium.java_client.android.AndroidDriver, platformName=Android, deviceName=emulator-5554, cssSelectorsEnabled=true}, appium-version=4.1.2, platformVersion=7.0, webStorageEnabled=false, locationContextEnabled=false, automationName=Appium, takesScreenshot=true, javascriptEnabled=true, driver.class=io.appium.java_client.android.AndroidDriver, deviceModel=Android SDK built for x86, platformName=Android, deviceManufacturer=unknown, cssSelectorsEnabled=true}]\nSession ID: 169fad55-0417-486b-900f-658ace0e74bc\n*** Element info: {Using=xpath, value=//android.widget.ImageView[@resource-id='com.adidas.app:id/view_4']}",
      "subLogs": [],
      "duration": 110
    },
    {
      "commandName": "findElement",
      "args": [
        "{value=//android.widget.ImageView[@resource-id='com.adidas.app:id/view_4'], using=xpath}"
      ],
      "result": "An element could not be located on the page using the given search parameters. (WARNING: The server did not provide any stacktrace information)\nCommand duration or timeout: 134 milliseconds\nFor documentation on this error, please visit: http://seleniumhq.org/exceptions/no_such_element.html\nBuild info: version: '2.53.0', revision: '35ae25b1534ae328c771e0856c93e187490ca824', time: '2016-03-15 10:43:46'\nSystem info: host: 'ICPL11548', ip: '192.168.119.2', os.name: 'Windows 8.1', os.arch: 'amd64', os.version: '6.3', java.version: '1.8.0_144'\nDriver info: com.qmetry.qaf.automation.ui.webdriver.QAFExtendedWebDriver\nCapabilities [{appPackage=com.adidas.app, deviceScreenSize=720x1280, networkConnectionEnabled=true, warnings={}, databaseEnabled=false, deviceName=emulator-5554, platform=LINUX, deviceUDID=emulator-5554, appActivity=com.adidas.app.MainActivity, browser_name=, desired={appPackage=com.adidas.app, appActivity=com.adidas.app.MainActivity, browser_name=, appium-version=4.1.2, automationName=Appium, takesScreenshot=true, javascriptEnabled=true, driver.class=io.appium.java_client.android.AndroidDriver, platformName=Android, deviceName=emulator-5554, cssSelectorsEnabled=true}, appium-version=4.1.2, platformVersion=7.0, webStorageEnabled=false, locationContextEnabled=false, automationName=Appium, takesScreenshot=true, javascriptEnabled=true, driver.class=io.appium.java_client.android.AndroidDriver, deviceModel=Android SDK built for x86, platformName=Android, deviceManufacturer=unknown, cssSelectorsEnabled=true}]\nSession ID: 169fad55-0417-486b-900f-658ace0e74bc\n*** Element info: {Using=xpath, value=//android.widget.ImageView[@resource-id='com.adidas.app:id/view_4']}",
      "subLogs": [],
      "duration": 134
    },
    {
      "commandName": "findElement",
      "args": [
        "{value=//android.widget.ImageView[@resource-id='com.adidas.app:id/view_4'], using=xpath}"
      ],
      "result": "An element could not be located on the page using the given search parameters. (WARNING: The server did not provide any stacktrace information)\nCommand duration or timeout: 133 milliseconds\nFor documentation on this error, please visit: http://seleniumhq.org/exceptions/no_such_element.html\nBuild info: version: '2.53.0', revision: '35ae25b1534ae328c771e0856c93e187490ca824', time: '2016-03-15 10:43:46'\nSystem info: host: 'ICPL11548', ip: '192.168.119.2', os.name: 'Windows 8.1', os.arch: 'amd64', os.version: '6.3', java.version: '1.8.0_144'\nDriver info: com.qmetry.qaf.automation.ui.webdriver.QAFExtendedWebDriver\nCapabilities [{appPackage=com.adidas.app, deviceScreenSize=720x1280, networkConnectionEnabled=true, warnings={}, databaseEnabled=false, deviceName=emulator-5554, platform=LINUX, deviceUDID=emulator-5554, appActivity=com.adidas.app.MainActivity, browser_name=, desired={appPackage=com.adidas.app, appActivity=com.adidas.app.MainActivity, browser_name=, appium-version=4.1.2, automationName=Appium, takesScreenshot=true, javascriptEnabled=true, driver.class=io.appium.java_client.android.AndroidDriver, platformName=Android, deviceName=emulator-5554, cssSelectorsEnabled=true}, appium-version=4.1.2, platformVersion=7.0, webStorageEnabled=false, locationContextEnabled=false, automationName=Appium, takesScreenshot=true, javascriptEnabled=true, driver.class=io.appium.java_client.android.AndroidDriver, deviceModel=Android SDK built for x86, platformName=Android, deviceManufacturer=unknown, cssSelectorsEnabled=true}]\nSession ID: 169fad55-0417-486b-900f-658ace0e74bc\n*** Element info: {Using=xpath, value=//android.widget.ImageView[@resource-id='com.adidas.app:id/view_4']}",
      "subLogs": [],
      "duration": 133
    },
    {
      "commandName": "findElement",
      "args": [
        "{value=//android.widget.ImageView[@resource-id='com.adidas.app:id/view_4'], using=xpath}"
      ],
      "result": "An element could not be located on the page using the given search parameters. (WARNING: The server did not provide any stacktrace information)\nCommand duration or timeout: 124 milliseconds\nFor documentation on this error, please visit: http://seleniumhq.org/exceptions/no_such_element.html\nBuild info: version: '2.53.0', revision: '35ae25b1534ae328c771e0856c93e187490ca824', time: '2016-03-15 10:43:46'\nSystem info: host: 'ICPL11548', ip: '192.168.119.2', os.name: 'Windows 8.1', os.arch: 'amd64', os.version: '6.3', java.version: '1.8.0_144'\nDriver info: com.qmetry.qaf.automation.ui.webdriver.QAFExtendedWebDriver\nCapabilities [{appPackage=com.adidas.app, deviceScreenSize=720x1280, networkConnectionEnabled=true, warnings={}, databaseEnabled=false, deviceName=emulator-5554, platform=LINUX, deviceUDID=emulator-5554, appActivity=com.adidas.app.MainActivity, browser_name=, desired={appPackage=com.adidas.app, appActivity=com.adidas.app.MainActivity, browser_name=, appium-version=4.1.2, automationName=Appium, takesScreenshot=true, javascriptEnabled=true, driver.class=io.appium.java_client.android.AndroidDriver, platformName=Android, deviceName=emulator-5554, cssSelectorsEnabled=true}, appium-version=4.1.2, platformVersion=7.0, webStorageEnabled=false, locationContextEnabled=false, automationName=Appium, takesScreenshot=true, javascriptEnabled=true, driver.class=io.appium.java_client.android.AndroidDriver, deviceModel=Android SDK built for x86, platformName=Android, deviceManufacturer=unknown, cssSelectorsEnabled=true}]\nSession ID: 169fad55-0417-486b-900f-658ace0e74bc\n*** Element info: {Using=xpath, value=//android.widget.ImageView[@resource-id='com.adidas.app:id/view_4']}",
      "subLogs": [],
      "duration": 124
    },
    {
      "commandName": "findElement",
      "args": [
        "{value=//android.widget.ImageView[@resource-id='com.adidas.app:id/view_4'], using=xpath}"
      ],
      "result": "An element could not be located on the page using the given search parameters. (WARNING: The server did not provide any stacktrace information)\nCommand duration or timeout: 132 milliseconds\nFor documentation on this error, please visit: http://seleniumhq.org/exceptions/no_such_element.html\nBuild info: version: '2.53.0', revision: '35ae25b1534ae328c771e0856c93e187490ca824', time: '2016-03-15 10:43:46'\nSystem info: host: 'ICPL11548', ip: '192.168.119.2', os.name: 'Windows 8.1', os.arch: 'amd64', os.version: '6.3', java.version: '1.8.0_144'\nDriver info: com.qmetry.qaf.automation.ui.webdriver.QAFExtendedWebDriver\nCapabilities [{appPackage=com.adidas.app, deviceScreenSize=720x1280, networkConnectionEnabled=true, warnings={}, databaseEnabled=false, deviceName=emulator-5554, platform=LINUX, deviceUDID=emulator-5554, appActivity=com.adidas.app.MainActivity, browser_name=, desired={appPackage=com.adidas.app, appActivity=com.adidas.app.MainActivity, browser_name=, appium-version=4.1.2, automationName=Appium, takesScreenshot=true, javascriptEnabled=true, driver.class=io.appium.java_client.android.AndroidDriver, platformName=Android, deviceName=emulator-5554, cssSelectorsEnabled=true}, appium-version=4.1.2, platformVersion=7.0, webStorageEnabled=false, locationContextEnabled=false, automationName=Appium, takesScreenshot=true, javascriptEnabled=true, driver.class=io.appium.java_client.android.AndroidDriver, deviceModel=Android SDK built for x86, platformName=Android, deviceManufacturer=unknown, cssSelectorsEnabled=true}]\nSession ID: 169fad55-0417-486b-900f-658ace0e74bc\n*** Element info: {Using=xpath, value=//android.widget.ImageView[@resource-id='com.adidas.app:id/view_4']}",
      "subLogs": [],
      "duration": 133
    },
    {
      "commandName": "findElement",
      "args": [
        "{value=//android.widget.ImageView[@resource-id='com.adidas.app:id/view_4'], using=xpath}"
      ],
      "result": "An element could not be located on the page using the given search parameters. (WARNING: The server did not provide any stacktrace information)\nCommand duration or timeout: 94 milliseconds\nFor documentation on this error, please visit: http://seleniumhq.org/exceptions/no_such_element.html\nBuild info: version: '2.53.0', revision: '35ae25b1534ae328c771e0856c93e187490ca824', time: '2016-03-15 10:43:46'\nSystem info: host: 'ICPL11548', ip: '192.168.119.2', os.name: 'Windows 8.1', os.arch: 'amd64', os.version: '6.3', java.version: '1.8.0_144'\nDriver info: com.qmetry.qaf.automation.ui.webdriver.QAFExtendedWebDriver\nCapabilities [{appPackage=com.adidas.app, deviceScreenSize=720x1280, networkConnectionEnabled=true, warnings={}, databaseEnabled=false, deviceName=emulator-5554, platform=LINUX, deviceUDID=emulator-5554, appActivity=com.adidas.app.MainActivity, browser_name=, desired={appPackage=com.adidas.app, appActivity=com.adidas.app.MainActivity, browser_name=, appium-version=4.1.2, automationName=Appium, takesScreenshot=true, javascriptEnabled=true, driver.class=io.appium.java_client.android.AndroidDriver, platformName=Android, deviceName=emulator-5554, cssSelectorsEnabled=true}, appium-version=4.1.2, platformVersion=7.0, webStorageEnabled=false, locationContextEnabled=false, automationName=Appium, takesScreenshot=true, javascriptEnabled=true, driver.class=io.appium.java_client.android.AndroidDriver, deviceModel=Android SDK built for x86, platformName=Android, deviceManufacturer=unknown, cssSelectorsEnabled=true}]\nSession ID: 169fad55-0417-486b-900f-658ace0e74bc\n*** Element info: {Using=xpath, value=//android.widget.ImageView[@resource-id='com.adidas.app:id/view_4']}",
      "subLogs": [],
      "duration": 95
    },
    {
      "commandName": "findElement",
      "args": [
        "{value=//android.widget.ImageView[@resource-id='com.adidas.app:id/view_4'], using=xpath}"
      ],
      "result": "An element could not be located on the page using the given search parameters. (WARNING: The server did not provide any stacktrace information)\nCommand duration or timeout: 110 milliseconds\nFor documentation on this error, please visit: http://seleniumhq.org/exceptions/no_such_element.html\nBuild info: version: '2.53.0', revision: '35ae25b1534ae328c771e0856c93e187490ca824', time: '2016-03-15 10:43:46'\nSystem info: host: 'ICPL11548', ip: '192.168.119.2', os.name: 'Windows 8.1', os.arch: 'amd64', os.version: '6.3', java.version: '1.8.0_144'\nDriver info: com.qmetry.qaf.automation.ui.webdriver.QAFExtendedWebDriver\nCapabilities [{appPackage=com.adidas.app, deviceScreenSize=720x1280, networkConnectionEnabled=true, warnings={}, databaseEnabled=false, deviceName=emulator-5554, platform=LINUX, deviceUDID=emulator-5554, appActivity=com.adidas.app.MainActivity, browser_name=, desired={appPackage=com.adidas.app, appActivity=com.adidas.app.MainActivity, browser_name=, appium-version=4.1.2, automationName=Appium, takesScreenshot=true, javascriptEnabled=true, driver.class=io.appium.java_client.android.AndroidDriver, platformName=Android, deviceName=emulator-5554, cssSelectorsEnabled=true}, appium-version=4.1.2, platformVersion=7.0, webStorageEnabled=false, locationContextEnabled=false, automationName=Appium, takesScreenshot=true, javascriptEnabled=true, driver.class=io.appium.java_client.android.AndroidDriver, deviceModel=Android SDK built for x86, platformName=Android, deviceManufacturer=unknown, cssSelectorsEnabled=true}]\nSession ID: 169fad55-0417-486b-900f-658ace0e74bc\n*** Element info: {Using=xpath, value=//android.widget.ImageView[@resource-id='com.adidas.app:id/view_4']}",
      "subLogs": [],
      "duration": 110
    },
    {
      "commandName": "findElement",
      "args": [
        "{value=//android.widget.ImageView[@resource-id='com.adidas.app:id/view_4'], using=xpath}"
      ],
      "result": "An element could not be located on the page using the given search parameters. (WARNING: The server did not provide any stacktrace information)\nCommand duration or timeout: 87 milliseconds\nFor documentation on this error, please visit: http://seleniumhq.org/exceptions/no_such_element.html\nBuild info: version: '2.53.0', revision: '35ae25b1534ae328c771e0856c93e187490ca824', time: '2016-03-15 10:43:46'\nSystem info: host: 'ICPL11548', ip: '192.168.119.2', os.name: 'Windows 8.1', os.arch: 'amd64', os.version: '6.3', java.version: '1.8.0_144'\nDriver info: com.qmetry.qaf.automation.ui.webdriver.QAFExtendedWebDriver\nCapabilities [{appPackage=com.adidas.app, deviceScreenSize=720x1280, networkConnectionEnabled=true, warnings={}, databaseEnabled=false, deviceName=emulator-5554, platform=LINUX, deviceUDID=emulator-5554, appActivity=com.adidas.app.MainActivity, browser_name=, desired={appPackage=com.adidas.app, appActivity=com.adidas.app.MainActivity, browser_name=, appium-version=4.1.2, automationName=Appium, takesScreenshot=true, javascriptEnabled=true, driver.class=io.appium.java_client.android.AndroidDriver, platformName=Android, deviceName=emulator-5554, cssSelectorsEnabled=true}, appium-version=4.1.2, platformVersion=7.0, webStorageEnabled=false, locationContextEnabled=false, automationName=Appium, takesScreenshot=true, javascriptEnabled=true, driver.class=io.appium.java_client.android.AndroidDriver, deviceModel=Android SDK built for x86, platformName=Android, deviceManufacturer=unknown, cssSelectorsEnabled=true}]\nSession ID: 169fad55-0417-486b-900f-658ace0e74bc\n*** Element info: {Using=xpath, value=//android.widget.ImageView[@resource-id='com.adidas.app:id/view_4']}",
      "subLogs": [],
      "duration": 87
    },
    {
      "commandName": "findElement",
      "args": [
        "{value=//android.widget.ImageView[@resource-id='com.adidas.app:id/view_4'], using=xpath}"
      ],
      "result": "An element could not be located on the page using the given search parameters. (WARNING: The server did not provide any stacktrace information)\nCommand duration or timeout: 114 milliseconds\nFor documentation on this error, please visit: http://seleniumhq.org/exceptions/no_such_element.html\nBuild info: version: '2.53.0', revision: '35ae25b1534ae328c771e0856c93e187490ca824', time: '2016-03-15 10:43:46'\nSystem info: host: 'ICPL11548', ip: '192.168.119.2', os.name: 'Windows 8.1', os.arch: 'amd64', os.version: '6.3', java.version: '1.8.0_144'\nDriver info: com.qmetry.qaf.automation.ui.webdriver.QAFExtendedWebDriver\nCapabilities [{appPackage=com.adidas.app, deviceScreenSize=720x1280, networkConnectionEnabled=true, warnings={}, databaseEnabled=false, deviceName=emulator-5554, platform=LINUX, deviceUDID=emulator-5554, appActivity=com.adidas.app.MainActivity, browser_name=, desired={appPackage=com.adidas.app, appActivity=com.adidas.app.MainActivity, browser_name=, appium-version=4.1.2, automationName=Appium, takesScreenshot=true, javascriptEnabled=true, driver.class=io.appium.java_client.android.AndroidDriver, platformName=Android, deviceName=emulator-5554, cssSelectorsEnabled=true}, appium-version=4.1.2, platformVersion=7.0, webStorageEnabled=false, locationContextEnabled=false, automationName=Appium, takesScreenshot=true, javascriptEnabled=true, driver.class=io.appium.java_client.android.AndroidDriver, deviceModel=Android SDK built for x86, platformName=Android, deviceManufacturer=unknown, cssSelectorsEnabled=true}]\nSession ID: 169fad55-0417-486b-900f-658ace0e74bc\n*** Element info: {Using=xpath, value=//android.widget.ImageView[@resource-id='com.adidas.app:id/view_4']}",
      "subLogs": [],
      "duration": 114
    },
    {
      "commandName": "findElement",
      "args": [
        "{value=//android.widget.ImageView[@resource-id='com.adidas.app:id/view_4'], using=xpath}"
      ],
      "result": "An element could not be located on the page using the given search parameters. (WARNING: The server did not provide any stacktrace information)\nCommand duration or timeout: 84 milliseconds\nFor documentation on this error, please visit: http://seleniumhq.org/exceptions/no_such_element.html\nBuild info: version: '2.53.0', revision: '35ae25b1534ae328c771e0856c93e187490ca824', time: '2016-03-15 10:43:46'\nSystem info: host: 'ICPL11548', ip: '192.168.119.2', os.name: 'Windows 8.1', os.arch: 'amd64', os.version: '6.3', java.version: '1.8.0_144'\nDriver info: com.qmetry.qaf.automation.ui.webdriver.QAFExtendedWebDriver\nCapabilities [{appPackage=com.adidas.app, deviceScreenSize=720x1280, networkConnectionEnabled=true, warnings={}, databaseEnabled=false, deviceName=emulator-5554, platform=LINUX, deviceUDID=emulator-5554, appActivity=com.adidas.app.MainActivity, browser_name=, desired={appPackage=com.adidas.app, appActivity=com.adidas.app.MainActivity, browser_name=, appium-version=4.1.2, automationName=Appium, takesScreenshot=true, javascriptEnabled=true, driver.class=io.appium.java_client.android.AndroidDriver, platformName=Android, deviceName=emulator-5554, cssSelectorsEnabled=true}, appium-version=4.1.2, platformVersion=7.0, webStorageEnabled=false, locationContextEnabled=false, automationName=Appium, takesScreenshot=true, javascriptEnabled=true, driver.class=io.appium.java_client.android.AndroidDriver, deviceModel=Android SDK built for x86, platformName=Android, deviceManufacturer=unknown, cssSelectorsEnabled=true}]\nSession ID: 169fad55-0417-486b-900f-658ace0e74bc\n*** Element info: {Using=xpath, value=//android.widget.ImageView[@resource-id='com.adidas.app:id/view_4']}",
      "subLogs": [],
      "duration": 84
    },
    {
      "commandName": "findElement",
      "args": [
        "{value=//android.widget.ImageView[@resource-id='com.adidas.app:id/view_4'], using=xpath}"
      ],
      "result": "An element could not be located on the page using the given search parameters. (WARNING: The server did not provide any stacktrace information)\nCommand duration or timeout: 89 milliseconds\nFor documentation on this error, please visit: http://seleniumhq.org/exceptions/no_such_element.html\nBuild info: version: '2.53.0', revision: '35ae25b1534ae328c771e0856c93e187490ca824', time: '2016-03-15 10:43:46'\nSystem info: host: 'ICPL11548', ip: '192.168.119.2', os.name: 'Windows 8.1', os.arch: 'amd64', os.version: '6.3', java.version: '1.8.0_144'\nDriver info: com.qmetry.qaf.automation.ui.webdriver.QAFExtendedWebDriver\nCapabilities [{appPackage=com.adidas.app, deviceScreenSize=720x1280, networkConnectionEnabled=true, warnings={}, databaseEnabled=false, deviceName=emulator-5554, platform=LINUX, deviceUDID=emulator-5554, appActivity=com.adidas.app.MainActivity, browser_name=, desired={appPackage=com.adidas.app, appActivity=com.adidas.app.MainActivity, browser_name=, appium-version=4.1.2, automationName=Appium, takesScreenshot=true, javascriptEnabled=true, driver.class=io.appium.java_client.android.AndroidDriver, platformName=Android, deviceName=emulator-5554, cssSelectorsEnabled=true}, appium-version=4.1.2, platformVersion=7.0, webStorageEnabled=false, locationContextEnabled=false, automationName=Appium, takesScreenshot=true, javascriptEnabled=true, driver.class=io.appium.java_client.android.AndroidDriver, deviceModel=Android SDK built for x86, platformName=Android, deviceManufacturer=unknown, cssSelectorsEnabled=true}]\nSession ID: 169fad55-0417-486b-900f-658ace0e74bc\n*** Element info: {Using=xpath, value=//android.widget.ImageView[@resource-id='com.adidas.app:id/view_4']}",
      "subLogs": [],
      "duration": 90
    },
    {
      "commandName": "findElement",
      "args": [
        "{value=//android.widget.ImageView[@resource-id='com.adidas.app:id/view_4'], using=xpath}"
      ],
      "result": "An element could not be located on the page using the given search parameters. (WARNING: The server did not provide any stacktrace information)\nCommand duration or timeout: 100 milliseconds\nFor documentation on this error, please visit: http://seleniumhq.org/exceptions/no_such_element.html\nBuild info: version: '2.53.0', revision: '35ae25b1534ae328c771e0856c93e187490ca824', time: '2016-03-15 10:43:46'\nSystem info: host: 'ICPL11548', ip: '192.168.119.2', os.name: 'Windows 8.1', os.arch: 'amd64', os.version: '6.3', java.version: '1.8.0_144'\nDriver info: com.qmetry.qaf.automation.ui.webdriver.QAFExtendedWebDriver\nCapabilities [{appPackage=com.adidas.app, deviceScreenSize=720x1280, networkConnectionEnabled=true, warnings={}, databaseEnabled=false, deviceName=emulator-5554, platform=LINUX, deviceUDID=emulator-5554, appActivity=com.adidas.app.MainActivity, browser_name=, desired={appPackage=com.adidas.app, appActivity=com.adidas.app.MainActivity, browser_name=, appium-version=4.1.2, automationName=Appium, takesScreenshot=true, javascriptEnabled=true, driver.class=io.appium.java_client.android.AndroidDriver, platformName=Android, deviceName=emulator-5554, cssSelectorsEnabled=true}, appium-version=4.1.2, platformVersion=7.0, webStorageEnabled=false, locationContextEnabled=false, automationName=Appium, takesScreenshot=true, javascriptEnabled=true, driver.class=io.appium.java_client.android.AndroidDriver, deviceModel=Android SDK built for x86, platformName=Android, deviceManufacturer=unknown, cssSelectorsEnabled=true}]\nSession ID: 169fad55-0417-486b-900f-658ace0e74bc\n*** Element info: {Using=xpath, value=//android.widget.ImageView[@resource-id='com.adidas.app:id/view_4']}",
      "subLogs": [],
      "duration": 101
    },
    {
      "commandName": "findElement",
      "args": [
        "{value=//android.widget.ImageView[@resource-id='com.adidas.app:id/view_4'], using=xpath}"
      ],
      "result": "An element could not be located on the page using the given search parameters. (WARNING: The server did not provide any stacktrace information)\nCommand duration or timeout: 113 milliseconds\nFor documentation on this error, please visit: http://seleniumhq.org/exceptions/no_such_element.html\nBuild info: version: '2.53.0', revision: '35ae25b1534ae328c771e0856c93e187490ca824', time: '2016-03-15 10:43:46'\nSystem info: host: 'ICPL11548', ip: '192.168.119.2', os.name: 'Windows 8.1', os.arch: 'amd64', os.version: '6.3', java.version: '1.8.0_144'\nDriver info: com.qmetry.qaf.automation.ui.webdriver.QAFExtendedWebDriver\nCapabilities [{appPackage=com.adidas.app, deviceScreenSize=720x1280, networkConnectionEnabled=true, warnings={}, databaseEnabled=false, deviceName=emulator-5554, platform=LINUX, deviceUDID=emulator-5554, appActivity=com.adidas.app.MainActivity, browser_name=, desired={appPackage=com.adidas.app, appActivity=com.adidas.app.MainActivity, browser_name=, appium-version=4.1.2, automationName=Appium, takesScreenshot=true, javascriptEnabled=true, driver.class=io.appium.java_client.android.AndroidDriver, platformName=Android, deviceName=emulator-5554, cssSelectorsEnabled=true}, appium-version=4.1.2, platformVersion=7.0, webStorageEnabled=false, locationContextEnabled=false, automationName=Appium, takesScreenshot=true, javascriptEnabled=true, driver.class=io.appium.java_client.android.AndroidDriver, deviceModel=Android SDK built for x86, platformName=Android, deviceManufacturer=unknown, cssSelectorsEnabled=true}]\nSession ID: 169fad55-0417-486b-900f-658ace0e74bc\n*** Element info: {Using=xpath, value=//android.widget.ImageView[@resource-id='com.adidas.app:id/view_4']}",
      "subLogs": [],
      "duration": 113
    },
    {
      "commandName": "findElement",
      "args": [
        "{value=//android.widget.ImageView[@resource-id='com.adidas.app:id/view_4'], using=xpath}"
      ],
      "result": "An element could not be located on the page using the given search parameters. (WARNING: The server did not provide any stacktrace information)\nCommand duration or timeout: 107 milliseconds\nFor documentation on this error, please visit: http://seleniumhq.org/exceptions/no_such_element.html\nBuild info: version: '2.53.0', revision: '35ae25b1534ae328c771e0856c93e187490ca824', time: '2016-03-15 10:43:46'\nSystem info: host: 'ICPL11548', ip: '192.168.119.2', os.name: 'Windows 8.1', os.arch: 'amd64', os.version: '6.3', java.version: '1.8.0_144'\nDriver info: com.qmetry.qaf.automation.ui.webdriver.QAFExtendedWebDriver\nCapabilities [{appPackage=com.adidas.app, deviceScreenSize=720x1280, networkConnectionEnabled=true, warnings={}, databaseEnabled=false, deviceName=emulator-5554, platform=LINUX, deviceUDID=emulator-5554, appActivity=com.adidas.app.MainActivity, browser_name=, desired={appPackage=com.adidas.app, appActivity=com.adidas.app.MainActivity, browser_name=, appium-version=4.1.2, automationName=Appium, takesScreenshot=true, javascriptEnabled=true, driver.class=io.appium.java_client.android.AndroidDriver, platformName=Android, deviceName=emulator-5554, cssSelectorsEnabled=true}, appium-version=4.1.2, platformVersion=7.0, webStorageEnabled=false, locationContextEnabled=false, automationName=Appium, takesScreenshot=true, javascriptEnabled=true, driver.class=io.appium.java_client.android.AndroidDriver, deviceModel=Android SDK built for x86, platformName=Android, deviceManufacturer=unknown, cssSelectorsEnabled=true}]\nSession ID: 169fad55-0417-486b-900f-658ace0e74bc\n*** Element info: {Using=xpath, value=//android.widget.ImageView[@resource-id='com.adidas.app:id/view_4']}",
      "subLogs": [],
      "duration": 107
    },
    {
      "commandName": "findElement",
      "args": [
        "{value=//android.widget.ImageView[@resource-id='com.adidas.app:id/view_4'], using=xpath}"
      ],
      "result": "An element could not be located on the page using the given search parameters. (WARNING: The server did not provide any stacktrace information)\nCommand duration or timeout: 95 milliseconds\nFor documentation on this error, please visit: http://seleniumhq.org/exceptions/no_such_element.html\nBuild info: version: '2.53.0', revision: '35ae25b1534ae328c771e0856c93e187490ca824', time: '2016-03-15 10:43:46'\nSystem info: host: 'ICPL11548', ip: '192.168.119.2', os.name: 'Windows 8.1', os.arch: 'amd64', os.version: '6.3', java.version: '1.8.0_144'\nDriver info: com.qmetry.qaf.automation.ui.webdriver.QAFExtendedWebDriver\nCapabilities [{appPackage=com.adidas.app, deviceScreenSize=720x1280, networkConnectionEnabled=true, warnings={}, databaseEnabled=false, deviceName=emulator-5554, platform=LINUX, deviceUDID=emulator-5554, appActivity=com.adidas.app.MainActivity, browser_name=, desired={appPackage=com.adidas.app, appActivity=com.adidas.app.MainActivity, browser_name=, appium-version=4.1.2, automationName=Appium, takesScreenshot=true, javascriptEnabled=true, driver.class=io.appium.java_client.android.AndroidDriver, platformName=Android, deviceName=emulator-5554, cssSelectorsEnabled=true}, appium-version=4.1.2, platformVersion=7.0, webStorageEnabled=false, locationContextEnabled=false, automationName=Appium, takesScreenshot=true, javascriptEnabled=true, driver.class=io.appium.java_client.android.AndroidDriver, deviceModel=Android SDK built for x86, platformName=Android, deviceManufacturer=unknown, cssSelectorsEnabled=true}]\nSession ID: 169fad55-0417-486b-900f-658ace0e74bc\n*** Element info: {Using=xpath, value=//android.widget.ImageView[@resource-id='com.adidas.app:id/view_4']}",
      "subLogs": [],
      "duration": 96
    },
    {
      "commandName": "findElement",
      "args": [
        "{value=//android.widget.ImageView[@resource-id='com.adidas.app:id/view_4'], using=xpath}"
      ],
      "result": "An element could not be located on the page using the given search parameters. (WARNING: The server did not provide any stacktrace information)\nCommand duration or timeout: 99 milliseconds\nFor documentation on this error, please visit: http://seleniumhq.org/exceptions/no_such_element.html\nBuild info: version: '2.53.0', revision: '35ae25b1534ae328c771e0856c93e187490ca824', time: '2016-03-15 10:43:46'\nSystem info: host: 'ICPL11548', ip: '192.168.119.2', os.name: 'Windows 8.1', os.arch: 'amd64', os.version: '6.3', java.version: '1.8.0_144'\nDriver info: com.qmetry.qaf.automation.ui.webdriver.QAFExtendedWebDriver\nCapabilities [{appPackage=com.adidas.app, deviceScreenSize=720x1280, networkConnectionEnabled=true, warnings={}, databaseEnabled=false, deviceName=emulator-5554, platform=LINUX, deviceUDID=emulator-5554, appActivity=com.adidas.app.MainActivity, browser_name=, desired={appPackage=com.adidas.app, appActivity=com.adidas.app.MainActivity, browser_name=, appium-version=4.1.2, automationName=Appium, takesScreenshot=true, javascriptEnabled=true, driver.class=io.appium.java_client.android.AndroidDriver, platformName=Android, deviceName=emulator-5554, cssSelectorsEnabled=true}, appium-version=4.1.2, platformVersion=7.0, webStorageEnabled=false, locationContextEnabled=false, automationName=Appium, takesScreenshot=true, javascriptEnabled=true, driver.class=io.appium.java_client.android.AndroidDriver, deviceModel=Android SDK built for x86, platformName=Android, deviceManufacturer=unknown, cssSelectorsEnabled=true}]\nSession ID: 169fad55-0417-486b-900f-658ace0e74bc\n*** Element info: {Using=xpath, value=//android.widget.ImageView[@resource-id='com.adidas.app:id/view_4']}",
      "subLogs": [],
      "duration": 99
    },
    {
      "commandName": "findElement",
      "args": [
        "{value=//android.widget.ImageView[@resource-id='com.adidas.app:id/view_4'], using=xpath}"
      ],
      "result": "An element could not be located on the page using the given search parameters. (WARNING: The server did not provide any stacktrace information)\nCommand duration or timeout: 82 milliseconds\nFor documentation on this error, please visit: http://seleniumhq.org/exceptions/no_such_element.html\nBuild info: version: '2.53.0', revision: '35ae25b1534ae328c771e0856c93e187490ca824', time: '2016-03-15 10:43:46'\nSystem info: host: 'ICPL11548', ip: '192.168.119.2', os.name: 'Windows 8.1', os.arch: 'amd64', os.version: '6.3', java.version: '1.8.0_144'\nDriver info: com.qmetry.qaf.automation.ui.webdriver.QAFExtendedWebDriver\nCapabilities [{appPackage=com.adidas.app, deviceScreenSize=720x1280, networkConnectionEnabled=true, warnings={}, databaseEnabled=false, deviceName=emulator-5554, platform=LINUX, deviceUDID=emulator-5554, appActivity=com.adidas.app.MainActivity, browser_name=, desired={appPackage=com.adidas.app, appActivity=com.adidas.app.MainActivity, browser_name=, appium-version=4.1.2, automationName=Appium, takesScreenshot=true, javascriptEnabled=true, driver.class=io.appium.java_client.android.AndroidDriver, platformName=Android, deviceName=emulator-5554, cssSelectorsEnabled=true}, appium-version=4.1.2, platformVersion=7.0, webStorageEnabled=false, locationContextEnabled=false, automationName=Appium, takesScreenshot=true, javascriptEnabled=true, driver.class=io.appium.java_client.android.AndroidDriver, deviceModel=Android SDK built for x86, platformName=Android, deviceManufacturer=unknown, cssSelectorsEnabled=true}]\nSession ID: 169fad55-0417-486b-900f-658ace0e74bc\n*** Element info: {Using=xpath, value=//android.widget.ImageView[@resource-id='com.adidas.app:id/view_4']}",
      "subLogs": [],
      "duration": 82
    },
    {
      "commandName": "findElement",
      "args": [
        "{value=//android.widget.ImageView[@resource-id='com.adidas.app:id/view_4'], using=xpath}"
      ],
      "result": "An element could not be located on the page using the given search parameters. (WARNING: The server did not provide any stacktrace information)\nCommand duration or timeout: 93 milliseconds\nFor documentation on this error, please visit: http://seleniumhq.org/exceptions/no_such_element.html\nBuild info: version: '2.53.0', revision: '35ae25b1534ae328c771e0856c93e187490ca824', time: '2016-03-15 10:43:46'\nSystem info: host: 'ICPL11548', ip: '192.168.119.2', os.name: 'Windows 8.1', os.arch: 'amd64', os.version: '6.3', java.version: '1.8.0_144'\nDriver info: com.qmetry.qaf.automation.ui.webdriver.QAFExtendedWebDriver\nCapabilities [{appPackage=com.adidas.app, deviceScreenSize=720x1280, networkConnectionEnabled=true, warnings={}, databaseEnabled=false, deviceName=emulator-5554, platform=LINUX, deviceUDID=emulator-5554, appActivity=com.adidas.app.MainActivity, browser_name=, desired={appPackage=com.adidas.app, appActivity=com.adidas.app.MainActivity, browser_name=, appium-version=4.1.2, automationName=Appium, takesScreenshot=true, javascriptEnabled=true, driver.class=io.appium.java_client.android.AndroidDriver, platformName=Android, deviceName=emulator-5554, cssSelectorsEnabled=true}, appium-version=4.1.2, platformVersion=7.0, webStorageEnabled=false, locationContextEnabled=false, automationName=Appium, takesScreenshot=true, javascriptEnabled=true, driver.class=io.appium.java_client.android.AndroidDriver, deviceModel=Android SDK built for x86, platformName=Android, deviceManufacturer=unknown, cssSelectorsEnabled=true}]\nSession ID: 169fad55-0417-486b-900f-658ace0e74bc\n*** Element info: {Using=xpath, value=//android.widget.ImageView[@resource-id='com.adidas.app:id/view_4']}",
      "subLogs": [],
      "duration": 94
    },
    {
      "commandName": "findElement",
      "args": [
        "{value=//android.widget.ImageView[@resource-id='com.adidas.app:id/view_4'], using=xpath}"
      ],
      "result": "An element could not be located on the page using the given search parameters. (WARNING: The server did not provide any stacktrace information)\nCommand duration or timeout: 120 milliseconds\nFor documentation on this error, please visit: http://seleniumhq.org/exceptions/no_such_element.html\nBuild info: version: '2.53.0', revision: '35ae25b1534ae328c771e0856c93e187490ca824', time: '2016-03-15 10:43:46'\nSystem info: host: 'ICPL11548', ip: '192.168.119.2', os.name: 'Windows 8.1', os.arch: 'amd64', os.version: '6.3', java.version: '1.8.0_144'\nDriver info: com.qmetry.qaf.automation.ui.webdriver.QAFExtendedWebDriver\nCapabilities [{appPackage=com.adidas.app, deviceScreenSize=720x1280, networkConnectionEnabled=true, warnings={}, databaseEnabled=false, deviceName=emulator-5554, platform=LINUX, deviceUDID=emulator-5554, appActivity=com.adidas.app.MainActivity, browser_name=, desired={appPackage=com.adidas.app, appActivity=com.adidas.app.MainActivity, browser_name=, appium-version=4.1.2, automationName=Appium, takesScreenshot=true, javascriptEnabled=true, driver.class=io.appium.java_client.android.AndroidDriver, platformName=Android, deviceName=emulator-5554, cssSelectorsEnabled=true}, appium-version=4.1.2, platformVersion=7.0, webStorageEnabled=false, locationContextEnabled=false, automationName=Appium, takesScreenshot=true, javascriptEnabled=true, driver.class=io.appium.java_client.android.AndroidDriver, deviceModel=Android SDK built for x86, platformName=Android, deviceManufacturer=unknown, cssSelectorsEnabled=true}]\nSession ID: 169fad55-0417-486b-900f-658ace0e74bc\n*** Element info: {Using=xpath, value=//android.widget.ImageView[@resource-id='com.adidas.app:id/view_4']}",
      "subLogs": [],
      "duration": 121
    },
    {
      "commandName": "findElement",
      "args": [
        "{value=//android.widget.ImageView[@resource-id='com.adidas.app:id/view_4'], using=xpath}"
      ],
      "result": "An element could not be located on the page using the given search parameters. (WARNING: The server did not provide any stacktrace information)\nCommand duration or timeout: 135 milliseconds\nFor documentation on this error, please visit: http://seleniumhq.org/exceptions/no_such_element.html\nBuild info: version: '2.53.0', revision: '35ae25b1534ae328c771e0856c93e187490ca824', time: '2016-03-15 10:43:46'\nSystem info: host: 'ICPL11548', ip: '192.168.119.2', os.name: 'Windows 8.1', os.arch: 'amd64', os.version: '6.3', java.version: '1.8.0_144'\nDriver info: com.qmetry.qaf.automation.ui.webdriver.QAFExtendedWebDriver\nCapabilities [{appPackage=com.adidas.app, deviceScreenSize=720x1280, networkConnectionEnabled=true, warnings={}, databaseEnabled=false, deviceName=emulator-5554, platform=LINUX, deviceUDID=emulator-5554, appActivity=com.adidas.app.MainActivity, browser_name=, desired={appPackage=com.adidas.app, appActivity=com.adidas.app.MainActivity, browser_name=, appium-version=4.1.2, automationName=Appium, takesScreenshot=true, javascriptEnabled=true, driver.class=io.appium.java_client.android.AndroidDriver, platformName=Android, deviceName=emulator-5554, cssSelectorsEnabled=true}, appium-version=4.1.2, platformVersion=7.0, webStorageEnabled=false, locationContextEnabled=false, automationName=Appium, takesScreenshot=true, javascriptEnabled=true, driver.class=io.appium.java_client.android.AndroidDriver, deviceModel=Android SDK built for x86, platformName=Android, deviceManufacturer=unknown, cssSelectorsEnabled=true}]\nSession ID: 169fad55-0417-486b-900f-658ace0e74bc\n*** Element info: {Using=xpath, value=//android.widget.ImageView[@resource-id='com.adidas.app:id/view_4']}",
      "subLogs": [],
      "duration": 135
    },
    {
      "commandName": "findElement",
      "args": [
        "{value=//android.widget.ImageView[@resource-id='com.adidas.app:id/view_4'], using=xpath}"
      ],
      "result": "An element could not be located on the page using the given search parameters. (WARNING: The server did not provide any stacktrace information)\nCommand duration or timeout: 136 milliseconds\nFor documentation on this error, please visit: http://seleniumhq.org/exceptions/no_such_element.html\nBuild info: version: '2.53.0', revision: '35ae25b1534ae328c771e0856c93e187490ca824', time: '2016-03-15 10:43:46'\nSystem info: host: 'ICPL11548', ip: '192.168.119.2', os.name: 'Windows 8.1', os.arch: 'amd64', os.version: '6.3', java.version: '1.8.0_144'\nDriver info: com.qmetry.qaf.automation.ui.webdriver.QAFExtendedWebDriver\nCapabilities [{appPackage=com.adidas.app, deviceScreenSize=720x1280, networkConnectionEnabled=true, warnings={}, databaseEnabled=false, deviceName=emulator-5554, platform=LINUX, deviceUDID=emulator-5554, appActivity=com.adidas.app.MainActivity, browser_name=, desired={appPackage=com.adidas.app, appActivity=com.adidas.app.MainActivity, browser_name=, appium-version=4.1.2, automationName=Appium, takesScreenshot=true, javascriptEnabled=true, driver.class=io.appium.java_client.android.AndroidDriver, platformName=Android, deviceName=emulator-5554, cssSelectorsEnabled=true}, appium-version=4.1.2, platformVersion=7.0, webStorageEnabled=false, locationContextEnabled=false, automationName=Appium, takesScreenshot=true, javascriptEnabled=true, driver.class=io.appium.java_client.android.AndroidDriver, deviceModel=Android SDK built for x86, platformName=Android, deviceManufacturer=unknown, cssSelectorsEnabled=true}]\nSession ID: 169fad55-0417-486b-900f-658ace0e74bc\n*** Element info: {Using=xpath, value=//android.widget.ImageView[@resource-id='com.adidas.app:id/view_4']}",
      "subLogs": [],
      "duration": 136
    },
    {
      "commandName": "findElement",
      "args": [
        "{value=//android.widget.ImageView[@resource-id='com.adidas.app:id/view_4'], using=xpath}"
      ],
      "result": "An element could not be located on the page using the given search parameters. (WARNING: The server did not provide any stacktrace information)\nCommand duration or timeout: 109 milliseconds\nFor documentation on this error, please visit: http://seleniumhq.org/exceptions/no_such_element.html\nBuild info: version: '2.53.0', revision: '35ae25b1534ae328c771e0856c93e187490ca824', time: '2016-03-15 10:43:46'\nSystem info: host: 'ICPL11548', ip: '192.168.119.2', os.name: 'Windows 8.1', os.arch: 'amd64', os.version: '6.3', java.version: '1.8.0_144'\nDriver info: com.qmetry.qaf.automation.ui.webdriver.QAFExtendedWebDriver\nCapabilities [{appPackage=com.adidas.app, deviceScreenSize=720x1280, networkConnectionEnabled=true, warnings={}, databaseEnabled=false, deviceName=emulator-5554, platform=LINUX, deviceUDID=emulator-5554, appActivity=com.adidas.app.MainActivity, browser_name=, desired={appPackage=com.adidas.app, appActivity=com.adidas.app.MainActivity, browser_name=, appium-version=4.1.2, automationName=Appium, takesScreenshot=true, javascriptEnabled=true, driver.class=io.appium.java_client.android.AndroidDriver, platformName=Android, deviceName=emulator-5554, cssSelectorsEnabled=true}, appium-version=4.1.2, platformVersion=7.0, webStorageEnabled=false, locationContextEnabled=false, automationName=Appium, takesScreenshot=true, javascriptEnabled=true, driver.class=io.appium.java_client.android.AndroidDriver, deviceModel=Android SDK built for x86, platformName=Android, deviceManufacturer=unknown, cssSelectorsEnabled=true}]\nSession ID: 169fad55-0417-486b-900f-658ace0e74bc\n*** Element info: {Using=xpath, value=//android.widget.ImageView[@resource-id='com.adidas.app:id/view_4']}",
      "subLogs": [],
      "duration": 110
    },
    {
      "commandName": "findElement",
      "args": [
        "{value=//android.widget.ImageView[@resource-id='com.adidas.app:id/view_4'], using=xpath}"
      ],
      "result": "An element could not be located on the page using the given search parameters. (WARNING: The server did not provide any stacktrace information)\nCommand duration or timeout: 110 milliseconds\nFor documentation on this error, please visit: http://seleniumhq.org/exceptions/no_such_element.html\nBuild info: version: '2.53.0', revision: '35ae25b1534ae328c771e0856c93e187490ca824', time: '2016-03-15 10:43:46'\nSystem info: host: 'ICPL11548', ip: '192.168.119.2', os.name: 'Windows 8.1', os.arch: 'amd64', os.version: '6.3', java.version: '1.8.0_144'\nDriver info: com.qmetry.qaf.automation.ui.webdriver.QAFExtendedWebDriver\nCapabilities [{appPackage=com.adidas.app, deviceScreenSize=720x1280, networkConnectionEnabled=true, warnings={}, databaseEnabled=false, deviceName=emulator-5554, platform=LINUX, deviceUDID=emulator-5554, appActivity=com.adidas.app.MainActivity, browser_name=, desired={appPackage=com.adidas.app, appActivity=com.adidas.app.MainActivity, browser_name=, appium-version=4.1.2, automationName=Appium, takesScreenshot=true, javascriptEnabled=true, driver.class=io.appium.java_client.android.AndroidDriver, platformName=Android, deviceName=emulator-5554, cssSelectorsEnabled=true}, appium-version=4.1.2, platformVersion=7.0, webStorageEnabled=false, locationContextEnabled=false, automationName=Appium, takesScreenshot=true, javascriptEnabled=true, driver.class=io.appium.java_client.android.AndroidDriver, deviceModel=Android SDK built for x86, platformName=Android, deviceManufacturer=unknown, cssSelectorsEnabled=true}]\nSession ID: 169fad55-0417-486b-900f-658ace0e74bc\n*** Element info: {Using=xpath, value=//android.widget.ImageView[@resource-id='com.adidas.app:id/view_4']}",
      "subLogs": [],
      "duration": 111
    },
    {
      "commandName": "findElement",
      "args": [
        "{value=//android.widget.ImageView[@resource-id='com.adidas.app:id/view_4'], using=xpath}"
      ],
      "result": "An element could not be located on the page using the given search parameters. (WARNING: The server did not provide any stacktrace information)\nCommand duration or timeout: 97 milliseconds\nFor documentation on this error, please visit: http://seleniumhq.org/exceptions/no_such_element.html\nBuild info: version: '2.53.0', revision: '35ae25b1534ae328c771e0856c93e187490ca824', time: '2016-03-15 10:43:46'\nSystem info: host: 'ICPL11548', ip: '192.168.119.2', os.name: 'Windows 8.1', os.arch: 'amd64', os.version: '6.3', java.version: '1.8.0_144'\nDriver info: com.qmetry.qaf.automation.ui.webdriver.QAFExtendedWebDriver\nCapabilities [{appPackage=com.adidas.app, deviceScreenSize=720x1280, networkConnectionEnabled=true, warnings={}, databaseEnabled=false, deviceName=emulator-5554, platform=LINUX, deviceUDID=emulator-5554, appActivity=com.adidas.app.MainActivity, browser_name=, desired={appPackage=com.adidas.app, appActivity=com.adidas.app.MainActivity, browser_name=, appium-version=4.1.2, automationName=Appium, takesScreenshot=true, javascriptEnabled=true, driver.class=io.appium.java_client.android.AndroidDriver, platformName=Android, deviceName=emulator-5554, cssSelectorsEnabled=true}, appium-version=4.1.2, platformVersion=7.0, webStorageEnabled=false, locationContextEnabled=false, automationName=Appium, takesScreenshot=true, javascriptEnabled=true, driver.class=io.appium.java_client.android.AndroidDriver, deviceModel=Android SDK built for x86, platformName=Android, deviceManufacturer=unknown, cssSelectorsEnabled=true}]\nSession ID: 169fad55-0417-486b-900f-658ace0e74bc\n*** Element info: {Using=xpath, value=//android.widget.ImageView[@resource-id='com.adidas.app:id/view_4']}",
      "subLogs": [],
      "duration": 97
    },
    {
      "commandName": "findElement",
      "args": [
        "{value=//android.widget.ImageView[@resource-id='com.adidas.app:id/view_4'], using=xpath}"
      ],
      "result": "An element could not be located on the page using the given search parameters. (WARNING: The server did not provide any stacktrace information)\nCommand duration or timeout: 119 milliseconds\nFor documentation on this error, please visit: http://seleniumhq.org/exceptions/no_such_element.html\nBuild info: version: '2.53.0', revision: '35ae25b1534ae328c771e0856c93e187490ca824', time: '2016-03-15 10:43:46'\nSystem info: host: 'ICPL11548', ip: '192.168.119.2', os.name: 'Windows 8.1', os.arch: 'amd64', os.version: '6.3', java.version: '1.8.0_144'\nDriver info: com.qmetry.qaf.automation.ui.webdriver.QAFExtendedWebDriver\nCapabilities [{appPackage=com.adidas.app, deviceScreenSize=720x1280, networkConnectionEnabled=true, warnings={}, databaseEnabled=false, deviceName=emulator-5554, platform=LINUX, deviceUDID=emulator-5554, appActivity=com.adidas.app.MainActivity, browser_name=, desired={appPackage=com.adidas.app, appActivity=com.adidas.app.MainActivity, browser_name=, appium-version=4.1.2, automationName=Appium, takesScreenshot=true, javascriptEnabled=true, driver.class=io.appium.java_client.android.AndroidDriver, platformName=Android, deviceName=emulator-5554, cssSelectorsEnabled=true}, appium-version=4.1.2, platformVersion=7.0, webStorageEnabled=false, locationContextEnabled=false, automationName=Appium, takesScreenshot=true, javascriptEnabled=true, driver.class=io.appium.java_client.android.AndroidDriver, deviceModel=Android SDK built for x86, platformName=Android, deviceManufacturer=unknown, cssSelectorsEnabled=true}]\nSession ID: 169fad55-0417-486b-900f-658ace0e74bc\n*** Element info: {Using=xpath, value=//android.widget.ImageView[@resource-id='com.adidas.app:id/view_4']}",
      "subLogs": [],
      "duration": 119
    },
    {
      "commandName": "findElement",
      "args": [
        "{value=//android.widget.ImageView[@resource-id='com.adidas.app:id/view_4'], using=xpath}"
      ],
      "result": "An element could not be located on the page using the given search parameters. (WARNING: The server did not provide any stacktrace information)\nCommand duration or timeout: 114 milliseconds\nFor documentation on this error, please visit: http://seleniumhq.org/exceptions/no_such_element.html\nBuild info: version: '2.53.0', revision: '35ae25b1534ae328c771e0856c93e187490ca824', time: '2016-03-15 10:43:46'\nSystem info: host: 'ICPL11548', ip: '192.168.119.2', os.name: 'Windows 8.1', os.arch: 'amd64', os.version: '6.3', java.version: '1.8.0_144'\nDriver info: com.qmetry.qaf.automation.ui.webdriver.QAFExtendedWebDriver\nCapabilities [{appPackage=com.adidas.app, deviceScreenSize=720x1280, networkConnectionEnabled=true, warnings={}, databaseEnabled=false, deviceName=emulator-5554, platform=LINUX, deviceUDID=emulator-5554, appActivity=com.adidas.app.MainActivity, browser_name=, desired={appPackage=com.adidas.app, appActivity=com.adidas.app.MainActivity, browser_name=, appium-version=4.1.2, automationName=Appium, takesScreenshot=true, javascriptEnabled=true, driver.class=io.appium.java_client.android.AndroidDriver, platformName=Android, deviceName=emulator-5554, cssSelectorsEnabled=true}, appium-version=4.1.2, platformVersion=7.0, webStorageEnabled=false, locationContextEnabled=false, automationName=Appium, takesScreenshot=true, javascriptEnabled=true, driver.class=io.appium.java_client.android.AndroidDriver, deviceModel=Android SDK built for x86, platformName=Android, deviceManufacturer=unknown, cssSelectorsEnabled=true}]\nSession ID: 169fad55-0417-486b-900f-658ace0e74bc\n*** Element info: {Using=xpath, value=//android.widget.ImageView[@resource-id='com.adidas.app:id/view_4']}",
      "subLogs": [],
      "duration": 114
    },
    {
      "commandName": "findElement",
      "args": [
        "{value=//android.widget.ImageView[@resource-id='com.adidas.app:id/view_4'], using=xpath}"
      ],
      "result": "An element could not be located on the page using the given search parameters. (WARNING: The server did not provide any stacktrace information)\nCommand duration or timeout: 99 milliseconds\nFor documentation on this error, please visit: http://seleniumhq.org/exceptions/no_such_element.html\nBuild info: version: '2.53.0', revision: '35ae25b1534ae328c771e0856c93e187490ca824', time: '2016-03-15 10:43:46'\nSystem info: host: 'ICPL11548', ip: '192.168.119.2', os.name: 'Windows 8.1', os.arch: 'amd64', os.version: '6.3', java.version: '1.8.0_144'\nDriver info: com.qmetry.qaf.automation.ui.webdriver.QAFExtendedWebDriver\nCapabilities [{appPackage=com.adidas.app, deviceScreenSize=720x1280, networkConnectionEnabled=true, warnings={}, databaseEnabled=false, deviceName=emulator-5554, platform=LINUX, deviceUDID=emulator-5554, appActivity=com.adidas.app.MainActivity, browser_name=, desired={appPackage=com.adidas.app, appActivity=com.adidas.app.MainActivity, browser_name=, appium-version=4.1.2, automationName=Appium, takesScreenshot=true, javascriptEnabled=true, driver.class=io.appium.java_client.android.AndroidDriver, platformName=Android, deviceName=emulator-5554, cssSelectorsEnabled=true}, appium-version=4.1.2, platformVersion=7.0, webStorageEnabled=false, locationContextEnabled=false, automationName=Appium, takesScreenshot=true, javascriptEnabled=true, driver.class=io.appium.java_client.android.AndroidDriver, deviceModel=Android SDK built for x86, platformName=Android, deviceManufacturer=unknown, cssSelectorsEnabled=true}]\nSession ID: 169fad55-0417-486b-900f-658ace0e74bc\n*** Element info: {Using=xpath, value=//android.widget.ImageView[@resource-id='com.adidas.app:id/view_4']}",
      "subLogs": [],
      "duration": 99
    },
    {
      "commandName": "clickElement",
      "args": [
        "By.xpath: //android.widget.ImageView[@resource-id='com.adidas.app:id/view_4']",
        "{\"id\":\"-1\"}"
      ],
      "result": "Timed out after 30 seconds waiting for presence of element located by: By.xpath: //android.widget.ImageView[@resource-id='com.adidas.app:id/view_4']\nBuild info: version: '2.53.0', revision: '35ae25b1534ae328c771e0856c93e187490ca824', time: '2016-03-15 10:43:46'\nSystem info: host: 'ICPL11548', ip: '192.168.119.2', os.name: 'Windows 8.1', os.arch: 'amd64', os.version: '6.3', java.version: '1.8.0_144'\nDriver info: driver.version: QAFExtendedWebDriver",
      "subLogs": [],
      "duration": -1216847182
    }
  ],
  "checkPoints": [
    {
      "message": "Timed out after 30 seconds waiting for presence of element located by: By.xpath: //android.widget.ImageView[@resource-id='com.adidas.app:id/view_4']\nBuild info: version: '2.53.0', revision: '35ae25b1534ae328c771e0856c93e187490ca824', time: '2016-03-15 10:43:46'\nSystem info: host: 'ICPL11548', ip: '192.168.119.2', os.name: 'Windows 8.1', os.arch: 'amd64', os.version: '6.3', java.version: '1.8.0_144'\nDriver info: driver.version: QAFExtendedWebDriver",
      "type": "Fail",
      "screenshot": "../img/testAdidas_1ta7mspsdyv4k13120.png",
      "duration": 0,
      "threshold": 0,
      "subCheckPoints": []
    }
  ],
  "errorTrace": "org.openqa.selenium.TimeoutException: Timed out after 30 seconds waiting for presence of element located by: By.xpath: //android.widget.ImageView[@resource-id='com.adidas.app:id/view_4']\nBuild info: version: '2.53.0', revision: '35ae25b1534ae328c771e0856c93e187490ca824', time: '2016-03-15 10:43:46'\nSystem info: host: 'ICPL11548', ip: '192.168.119.2', os.name: 'Windows 8.1', os.arch: 'amd64', os.version: '6.3', java.version: '1.8.0_144'\nDriver info: driver.version: QAFExtendedWebDriver\r\n\tat org.openqa.selenium.support.ui.FluentWait.timeoutException(FluentWait.java:292)\r\n\tat org.openqa.selenium.support.ui.FluentWait.until(FluentWait.java:261)\r\n\tat com.qmetry.qaf.automation.ui.webdriver.QAFExtendedWebDriver.load(QAFExtendedWebDriver.java:214)\r\n\tat com.qmetry.qaf.automation.ui.webdriver.QAFExtendedWebElement.load(QAFExtendedWebElement.java:284)\r\n\tat com.qmetry.qaf.automation.ui.webdriver.QAFExtendedWebElement.execute(QAFExtendedWebElement.java:239)\r\n\tat org.openqa.selenium.remote.RemoteWebElement.click(RemoteWebElement.java:85)\r\n\tat com.adidas.script.AdidasTest.testAdidas(AdidasTest.java:22)\r\n\tat sun.reflect.NativeMethodAccessorImpl.invoke0(Native Method)\r\n\tat sun.reflect.NativeMethodAccessorImpl.invoke(NativeMethodAccessorImpl.java:62)\r\n\tat sun.reflect.DelegatingMethodAccessorImpl.invoke(DelegatingMethodAccessorImpl.java:43)\r\n\tat java.lang.reflect.Method.invoke(Method.java:498)\r\n\tat org.testng.internal.MethodInvocationHelper.invokeMethod(MethodInvocationHelper.java:104)\r\n\tat org.testng.internal.Invoker.invokeMethod(Invoker.java:645)\r\n\tat org.testng.internal.Invoker.invokeTestMethod(Invoker.java:851)\r\n\tat org.testng.internal.Invoker.invokeTestMethods(Invoker.java:1177)\r\n\tat org.testng.internal.TestMethodWorker.invokeTestMethods(TestMethodWorker.java:129)\r\n\tat org.testng.internal.TestMethodWorker.run(TestMethodWorker.java:112)\r\n\tat org.testng.TestRunner.privateRun(TestRunner.java:781)\r\n\tat org.testng.TestRunner.run(TestRunner.java:635)\r\n\tat org.testng.SuiteRunner.runTest(SuiteRunner.java:387)\r\n\tat org.testng.SuiteRunner.runSequentially(SuiteRunner.java:382)\r\n\tat org.testng.SuiteRunner.privateRun(SuiteRunner.java:340)\r\n\tat org.testng.SuiteRunner.run(SuiteRunner.java:289)\r\n\tat org.testng.SuiteRunnerWorker.runSuite(SuiteRunnerWorker.java:52)\r\n\tat org.testng.SuiteRunnerWorker.run(SuiteRunnerWorker.java:86)\r\n\tat org.testng.TestNG.runSuitesSequentially(TestNG.java:1293)\r\n\tat org.testng.TestNG.runSuitesLocally(TestNG.java:1218)\r\n\tat org.testng.TestNG.runSuites(TestNG.java:1133)\r\n\tat org.testng.TestNG.run(TestNG.java:1104)\r\n\tat org.testng.remote.AbstractRemoteTestNG.run(AbstractRemoteTestNG.java:114)\r\n\tat org.testng.remote.RemoteTestNG.initAndRun(RemoteTestNG.java:251)\r\n\tat org.testng.remote.RemoteTestNG.main(RemoteTestNG.java:77)\r\nCaused by: org.openqa.selenium.NoSuchElementException: An element could not be located on the page using the given search parameters. (WARNING: The server did not provide any stacktrace information)\nCommand duration or timeout: 99 milliseconds\nFor documentation on this error, please visit: http://seleniumhq.org/exceptions/no_such_element.html\nBuild info: version: '2.53.0', revision: '35ae25b1534ae328c771e0856c93e187490ca824', time: '2016-03-15 10:43:46'\nSystem info: host: 'ICPL11548', ip: '192.168.119.2', os.name: 'Windows 8.1', os.arch: 'amd64', os.version: '6.3', java.version: '1.8.0_144'\nDriver info: com.qmetry.qaf.automation.ui.webdriver.QAFExtendedWebDriver\nCapabilities [{appPackage=com.adidas.app, deviceScreenSize=720x1280, networkConnectionEnabled=true, warnings={}, databaseEnabled=false, deviceName=emulator-5554, platform=LINUX, deviceUDID=emulator-5554, appActivity=com.adidas.app.MainActivity, browser_name=, desired={appPackage=com.adidas.app, appActivity=com.adidas.app.MainActivity, browser_name=, appium-version=4.1.2, automationName=Appium, takesScreenshot=true, javascriptEnabled=true, driver.class=io.appium.java_client.android.AndroidDriver, platformName=Android, deviceName=emulator-5554, cssSelectorsEnabled=true}, appium-version=4.1.2, platformVersion=7.0, webStorageEnabled=false, locationContextEnabled=false, automationName=Appium, takesScreenshot=true, javascriptEnabled=true, driver.class=io.appium.java_client.android.AndroidDriver, deviceModel=Android SDK built for x86, platformName=Android, deviceManufacturer=unknown, cssSelectorsEnabled=true}]\nSession ID: 169fad55-0417-486b-900f-658ace0e74bc\n*** Element info: {Using=xpath, value=//android.widget.ImageView[@resource-id='com.adidas.app:id/view_4']}\r\n\tat sun.reflect.GeneratedConstructorAccessor11.newInstance(Unknown Source)\r\n\tat sun.reflect.DelegatingConstructorAccessorImpl.newInstance(DelegatingConstructorAccessorImpl.java:45)\r\n\tat java.lang.reflect.Constructor.newInstance(Constructor.java:423)\r\n\tat org.openqa.selenium.remote.ErrorHandler.createThrowable(ErrorHandler.java:206)\r\n\tat org.openqa.selenium.remote.ErrorHandler.throwIfResponseFailed(ErrorHandler.java:158)\r\n\tat org.openqa.selenium.remote.RemoteWebDriver.execute(RemoteWebDriver.java:678)\r\n\tat com.qmetry.qaf.automation.ui.webdriver.QAFExtendedWebDriver.execute(QAFExtendedWebDriver.java:234)\r\n\tat org.openqa.selenium.remote.RemoteWebDriver.findElement(RemoteWebDriver.java:363)\r\n\tat org.openqa.selenium.remote.RemoteWebDriver.findElementByXPath(RemoteWebDriver.java:500)\r\n\tat com.qmetry.qaf.automation.ui.webdriver.QAFExtendedWebDriver.findElementByXPath(QAFExtendedWebDriver.java:398)\r\n\tat com.qmetry.qaf.automation.ui.webdriver.QAFExtendedWebDriver.findElementByXPath(QAFExtendedWebDriver.java:1)\r\n\tat org.openqa.selenium.By$ByXPath.findElement(By.java:361)\r\n\tat org.openqa.selenium.remote.RemoteWebDriver.findElement(RemoteWebDriver.java:355)\r\n\tat com.qmetry.qaf.automation.ui.webdriver.QAFExtendedWebDriver.findElement(QAFExtendedWebDriver.java:169)\r\n\tat com.qmetry.qaf.automation.ui.webdriver.QAFExtendedWebDriver.findElement(QAFExtendedWebDriver.java:1)\r\n\tat org.openqa.selenium.support.ui.ExpectedConditions.findElement(ExpectedConditions.java:899)\r\n\tat org.openqa.selenium.support.ui.ExpectedConditions.access$000(ExpectedConditions.java:41)\r\n\tat org.openqa.selenium.support.ui.ExpectedConditions$6.apply(ExpectedConditions.java:181)\r\n\tat org.openqa.selenium.support.ui.ExpectedConditions$6.apply(ExpectedConditions.java:178)\r\n\tat org.openqa.selenium.support.ui.FluentWait.until(FluentWait.java:238)\r\n\t... 30 more\r\n"
}