{
  "seleniumLog": [
    {
      "commandName": "findElements",
      "args": [
        "{value=//android.widget.FrameLayout[@resource-id='com.adidas.app:id/action_search'], using=xpath}"
      ],
      "result": "[id: 1]",
      "subLogs": [],
      "duration": 2681
    },
    {
      "commandName": "findElement",
      "args": [
        "{value=//android.widget.FrameLayout[@resource-id='com.adidas.app:id/action_search'], using=xpath}"
      ],
      "result": "id: 2",
      "subLogs": [],
      "duration": 10543
    },
    {
      "commandName": "isElementDisplayed",
      "args": [
        "By.xpath: //android.widget.FrameLayout[@resource-id='com.adidas.app:id/action_search']",
        "{\"id\":\"2\"}"
      ],
      "result": "isElementDisplayed:true",
      "subLogs": [],
      "duration": 380
    },
    {
      "commandName": "findElement",
      "args": [
        "{value=//android.widget.FrameLayout[@resource-id='com.adidas.app:id/action_search'], using=xpath}"
      ],
      "result": "id: 3",
      "subLogs": [],
      "duration": 213
    },
    {
      "commandName": "isElementEnabled",
      "args": [
        "By.xpath: //android.widget.FrameLayout[@resource-id='com.adidas.app:id/action_search']",
        "{\"id\":\"3\"}"
      ],
      "result": "isElementEnabled:true",
      "subLogs": [],
      "duration": 85
    },
    {
      "commandName": "findElement",
      "args": [
        "{value=//android.widget.FrameLayout[@resource-id='com.adidas.app:id/action_search'], using=xpath}"
      ],
      "result": "id: 4",
      "subLogs": [],
      "duration": 68
    },
    {
      "commandName": "clickElement",
      "args": [
        "By.xpath: //android.widget.FrameLayout[@resource-id='com.adidas.app:id/action_search']",
        "{\"id\":\"4\"}"
      ],
      "result": "clickElement:true",
      "subLogs": [],
      "duration": 147
    },
    {
      "commandName": "findElement",
      "args": [
        "{value=com.adidas.app:id/productCategoryClickableArea, using=id}"
      ],
      "result": "id: 5",
      "subLogs": [],
      "duration": 1129
    },
    {
      "commandName": "isElementDisplayed",
      "args": [
        "By.id: com.adidas.app:id/productCategoryClickableArea",
        "{\"id\":\"5\"}"
      ],
      "result": "isElementDisplayed:true",
      "subLogs": [],
      "duration": 58
    },
    {
      "commandName": "findElements",
      "args": [
        "{value=com.adidas.app:id/productCategoryClickableArea, using=id}"
      ],
      "result": "[id: 6]",
      "subLogs": [],
      "duration": 122
    },
    {
      "commandName": "findElement",
      "args": [
        "{value=com.adidas.app:id/productCategoryClickableArea, using=id}"
      ],
      "result": "id: 7",
      "subLogs": [],
      "duration": 51
    },
    {
      "commandName": "clickElement",
      "args": [
        "By.id: com.adidas.app:id/productCategoryClickableArea",
        "{\"id\":\"7\"}"
      ],
      "result": "clickElement:true",
      "subLogs": [],
      "duration": 2229
    },
    {
      "commandName": "findElements",
      "args": [
        "{value=//android.widget.TextView[@text='MEN'], using=xpath}"
      ],
      "result": "[id: 8]",
      "subLogs": [],
      "duration": 1047
    },
    {
      "commandName": "findElement",
      "args": [
        "{value=//android.widget.TextView[@text='MEN'], using=xpath}"
      ],
      "result": "id: 9",
      "subLogs": [],
      "duration": 54
    },
    {
      "commandName": "clickElement",
      "args": [
        "By.xpath: //android.widget.TextView[@text='MEN']",
        "{\"id\":\"9\"}"
      ],
      "result": "clickElement:true",
      "subLogs": [],
      "duration": 140
    },
    {
      "commandName": "findElements",
      "args": [
        "{value=//android.widget.TextView[@text='Originals'], using=xpath}"
      ],
      "result": "[id: 10]",
      "subLogs": [],
      "duration": 1490
    },
    {
      "commandName": "findElement",
      "args": [
        "{value=//android.widget.TextView[@text='Originals'], using=xpath}"
      ],
      "result": "id: 11",
      "subLogs": [],
      "duration": 165
    },
    {
      "commandName": "clickElement",
      "args": [
        "By.xpath: //android.widget.TextView[@text='Originals']",
        "{\"id\":\"11\"}"
      ],
      "result": "clickElement:true",
      "subLogs": [],
      "duration": 196
    },
    {
      "commandName": "findElements",
      "args": [
        "{value=//android.widget.RelativeLayout[@resource-id='com.adidas.app:id/root_view'], using=xpath}"
      ],
      "result": "[]",
      "subLogs": [],
      "duration": 694
    },
    {
      "commandName": "findElements",
      "args": [
        "{value=//android.widget.RelativeLayout[@resource-id='com.adidas.app:id/root_view'], using=xpath}"
      ],
      "result": "[id: 12, id: 13, id: 14, id: 15]",
      "subLogs": [],
      "duration": 410
    },
    {
      "commandName": "findChildElement",
      "args": [
        "By.xpath: //android.widget.RelativeLayout[@resource-id='com.adidas.app:id/root_view']",
        "{\"using\":\"xpath\",\"id\":\"13\",\"value\":\"//android.widget.TextView[@resource-id='com.adidas.app:id/product_name_text']\"}"
      ],
      "result": "findChildElement:id: 16",
      "subLogs": [],
      "duration": 88
    },
    {
      "commandName": "getElementText",
      "args": [
        "By.xpath: //android.widget.TextView[@resource-id='com.adidas.app:id/product_name_text']",
        "{\"id\":\"16\"}"
      ],
      "result": "getElementText:EQT BASKETBALL ADV SHOES",
      "subLogs": [],
      "duration": 15
    },
    {
      "commandName": "findElements",
      "args": [
        "{value=//android.widget.RelativeLayout[@resource-id='com.adidas.app:id/root_view'], using=xpath}"
      ],
      "result": "[id: 17, id: 18, id: 19, id: 20]",
      "subLogs": [],
      "duration": 108
    },
    {
      "commandName": "findChildElement",
      "args": [
        "By.xpath: //android.widget.RelativeLayout[@resource-id='com.adidas.app:id/root_view']",
        "{\"using\":\"xpath\",\"id\":\"18\",\"value\":\"//android.widget.TextView[@resource-id='com.adidas.app:id/product_name_price']\"}"
      ],
      "result": "findChildElement:id: 21",
      "subLogs": [],
      "duration": 59
    },
    {
      "commandName": "getElementText",
      "args": [
        "By.xpath: //android.widget.TextView[@resource-id='com.adidas.app:id/product_name_price']",
        "{\"id\":\"21\"}"
      ],
      "result": "getElementText:$120.00",
      "subLogs": [],
      "duration": 16
    },
    {
      "commandName": "findElements",
      "args": [
        "{value=//android.widget.RelativeLayout[@resource-id='com.adidas.app:id/root_view'], using=xpath}"
      ],
      "result": "[id: 22, id: 23, id: 24, id: 25]",
      "subLogs": [],
      "duration": 116
    },
    {
      "commandName": "clickElement",
      "args": [
        "By.xpath: //android.widget.RelativeLayout[@resource-id='com.adidas.app:id/root_view']",
        "{\"id\":\"23\"}"
      ],
      "result": "clickElement:true",
      "subLogs": [],
      "duration": 1414
    },
    {
      "commandName": "findElement",
      "args": [
        "{value=com.adidas.app:id/buy_button, using=id}"
      ],
      "result": "id: 26",
      "subLogs": [],
      "duration": 15
    },
    {
      "commandName": "clickElement",
      "args": [
        "By.id: com.adidas.app:id/buy_button",
        "{\"id\":\"26\"}"
      ],
      "result": "clickElement:true",
      "subLogs": [],
      "duration": 482
    },
    {
      "commandName": "findElement",
      "args": [
        "{value=//android.widget.TextView[@text='%s'], using=xpath}"
      ],
      "result": "An element could not be located on the page using the given search parameters. (WARNING: The server did not provide any stacktrace information)\nCommand duration or timeout: 510 milliseconds\nFor documentation on this error, please visit: http://seleniumhq.org/exceptions/no_such_element.html\nBuild info: version: '2.53.0', revision: '35ae25b1534ae328c771e0856c93e187490ca824', time: '2016-03-15 10:43:46'\nSystem info: host: 'ICPL11548', ip: '192.168.119.2', os.name: 'Windows 8.1', os.arch: 'amd64', os.version: '6.3', java.version: '1.8.0_144'\nDriver info: com.qmetry.qaf.automation.ui.webdriver.QAFExtendedWebDriver\nCapabilities [{appPackage=com.adidas.app, deviceScreenSize=720x1280, networkConnectionEnabled=true, warnings={}, databaseEnabled=false, deviceName=emulator-5554, platform=LINUX, deviceUDID=emulator-5554, appActivity=com.adidas.app.MainActivity, browser_name=, desired={appPackage=com.adidas.app, appActivity=com.adidas.app.MainActivity, browser_name=, appium-version=4.1.2, automationName=Appium, takesScreenshot=true, javascriptEnabled=true, driver.class=io.appium.java_client.android.AndroidDriver, platformName=Android, deviceName=emulator-5554, cssSelectorsEnabled=true}, appium-version=4.1.2, platformVersion=7.0, webStorageEnabled=false, locationContextEnabled=false, automationName=Appium, takesScreenshot=true, javascriptEnabled=true, driver.class=io.appium.java_client.android.AndroidDriver, deviceModel=Android SDK built for x86, platformName=Android, deviceManufacturer=unknown, cssSelectorsEnabled=true}]\nSession ID: 86a0fdba-af6a-4cbc-81ae-45dab28af0ae\n*** Element info: {Using=xpath, value=//android.widget.TextView[@text='%s']}",
      "subLogs": [],
      "duration": 511
    },
    {
      "commandName": "findElement",
      "args": [
        "{value=//android.widget.TextView[@text='%s'], using=xpath}"
      ],
      "result": "An element could not be located on the page using the given search parameters. (WARNING: The server did not provide any stacktrace information)\nCommand duration or timeout: 69 milliseconds\nFor documentation on this error, please visit: http://seleniumhq.org/exceptions/no_such_element.html\nBuild info: version: '2.53.0', revision: '35ae25b1534ae328c771e0856c93e187490ca824', time: '2016-03-15 10:43:46'\nSystem info: host: 'ICPL11548', ip: '192.168.119.2', os.name: 'Windows 8.1', os.arch: 'amd64', os.version: '6.3', java.version: '1.8.0_144'\nDriver info: com.qmetry.qaf.automation.ui.webdriver.QAFExtendedWebDriver\nCapabilities [{appPackage=com.adidas.app, deviceScreenSize=720x1280, networkConnectionEnabled=true, warnings={}, databaseEnabled=false, deviceName=emulator-5554, platform=LINUX, deviceUDID=emulator-5554, appActivity=com.adidas.app.MainActivity, browser_name=, desired={appPackage=com.adidas.app, appActivity=com.adidas.app.MainActivity, browser_name=, appium-version=4.1.2, automationName=Appium, takesScreenshot=true, javascriptEnabled=true, driver.class=io.appium.java_client.android.AndroidDriver, platformName=Android, deviceName=emulator-5554, cssSelectorsEnabled=true}, appium-version=4.1.2, platformVersion=7.0, webStorageEnabled=false, locationContextEnabled=false, automationName=Appium, takesScreenshot=true, javascriptEnabled=true, driver.class=io.appium.java_client.android.AndroidDriver, deviceModel=Android SDK built for x86, platformName=Android, deviceManufacturer=unknown, cssSelectorsEnabled=true}]\nSession ID: 86a0fdba-af6a-4cbc-81ae-45dab28af0ae\n*** Element info: {Using=xpath, value=//android.widget.TextView[@text='%s']}",
      "subLogs": [],
      "duration": 69
    },
    {
      "commandName": "findElement",
      "args": [
        "{value=//android.widget.TextView[@text='%s'], using=xpath}"
      ],
      "result": "An element could not be located on the page using the given search parameters. (WARNING: The server did not provide any stacktrace information)\nCommand duration or timeout: 54 milliseconds\nFor documentation on this error, please visit: http://seleniumhq.org/exceptions/no_such_element.html\nBuild info: version: '2.53.0', revision: '35ae25b1534ae328c771e0856c93e187490ca824', time: '2016-03-15 10:43:46'\nSystem info: host: 'ICPL11548', ip: '192.168.119.2', os.name: 'Windows 8.1', os.arch: 'amd64', os.version: '6.3', java.version: '1.8.0_144'\nDriver info: com.qmetry.qaf.automation.ui.webdriver.QAFExtendedWebDriver\nCapabilities [{appPackage=com.adidas.app, deviceScreenSize=720x1280, networkConnectionEnabled=true, warnings={}, databaseEnabled=false, deviceName=emulator-5554, platform=LINUX, deviceUDID=emulator-5554, appActivity=com.adidas.app.MainActivity, browser_name=, desired={appPackage=com.adidas.app, appActivity=com.adidas.app.MainActivity, browser_name=, appium-version=4.1.2, automationName=Appium, takesScreenshot=true, javascriptEnabled=true, driver.class=io.appium.java_client.android.AndroidDriver, platformName=Android, deviceName=emulator-5554, cssSelectorsEnabled=true}, appium-version=4.1.2, platformVersion=7.0, webStorageEnabled=false, locationContextEnabled=false, automationName=Appium, takesScreenshot=true, javascriptEnabled=true, driver.class=io.appium.java_client.android.AndroidDriver, deviceModel=Android SDK built for x86, platformName=Android, deviceManufacturer=unknown, cssSelectorsEnabled=true}]\nSession ID: 86a0fdba-af6a-4cbc-81ae-45dab28af0ae\n*** Element info: {Using=xpath, value=//android.widget.TextView[@text='%s']}",
      "subLogs": [],
      "duration": 54
    },
    {
      "commandName": "findElement",
      "args": [
        "{value=//android.widget.TextView[@text='%s'], using=xpath}"
      ],
      "result": "An element could not be located on the page using the given search parameters. (WARNING: The server did not provide any stacktrace information)\nCommand duration or timeout: 55 milliseconds\nFor documentation on this error, please visit: http://seleniumhq.org/exceptions/no_such_element.html\nBuild info: version: '2.53.0', revision: '35ae25b1534ae328c771e0856c93e187490ca824', time: '2016-03-15 10:43:46'\nSystem info: host: 'ICPL11548', ip: '192.168.119.2', os.name: 'Windows 8.1', os.arch: 'amd64', os.version: '6.3', java.version: '1.8.0_144'\nDriver info: com.qmetry.qaf.automation.ui.webdriver.QAFExtendedWebDriver\nCapabilities [{appPackage=com.adidas.app, deviceScreenSize=720x1280, networkConnectionEnabled=true, warnings={}, databaseEnabled=false, deviceName=emulator-5554, platform=LINUX, deviceUDID=emulator-5554, appActivity=com.adidas.app.MainActivity, browser_name=, desired={appPackage=com.adidas.app, appActivity=com.adidas.app.MainActivity, browser_name=, appium-version=4.1.2, automationName=Appium, takesScreenshot=true, javascriptEnabled=true, driver.class=io.appium.java_client.android.AndroidDriver, platformName=Android, deviceName=emulator-5554, cssSelectorsEnabled=true}, appium-version=4.1.2, platformVersion=7.0, webStorageEnabled=false, locationContextEnabled=false, automationName=Appium, takesScreenshot=true, javascriptEnabled=true, driver.class=io.appium.java_client.android.AndroidDriver, deviceModel=Android SDK built for x86, platformName=Android, deviceManufacturer=unknown, cssSelectorsEnabled=true}]\nSession ID: 86a0fdba-af6a-4cbc-81ae-45dab28af0ae\n*** Element info: {Using=xpath, value=//android.widget.TextView[@text='%s']}",
      "subLogs": [],
      "duration": 55
    },
    {
      "commandName": "findElement",
      "args": [
        "{value=//android.widget.TextView[@text='%s'], using=xpath}"
      ],
      "result": "An element could not be located on the page using the given search parameters. (WARNING: The server did not provide any stacktrace information)\nCommand duration or timeout: 69 milliseconds\nFor documentation on this error, please visit: http://seleniumhq.org/exceptions/no_such_element.html\nBuild info: version: '2.53.0', revision: '35ae25b1534ae328c771e0856c93e187490ca824', time: '2016-03-15 10:43:46'\nSystem info: host: 'ICPL11548', ip: '192.168.119.2', os.name: 'Windows 8.1', os.arch: 'amd64', os.version: '6.3', java.version: '1.8.0_144'\nDriver info: com.qmetry.qaf.automation.ui.webdriver.QAFExtendedWebDriver\nCapabilities [{appPackage=com.adidas.app, deviceScreenSize=720x1280, networkConnectionEnabled=true, warnings={}, databaseEnabled=false, deviceName=emulator-5554, platform=LINUX, deviceUDID=emulator-5554, appActivity=com.adidas.app.MainActivity, browser_name=, desired={appPackage=com.adidas.app, appActivity=com.adidas.app.MainActivity, browser_name=, appium-version=4.1.2, automationName=Appium, takesScreenshot=true, javascriptEnabled=true, driver.class=io.appium.java_client.android.AndroidDriver, platformName=Android, deviceName=emulator-5554, cssSelectorsEnabled=true}, appium-version=4.1.2, platformVersion=7.0, webStorageEnabled=false, locationContextEnabled=false, automationName=Appium, takesScreenshot=true, javascriptEnabled=true, driver.class=io.appium.java_client.android.AndroidDriver, deviceModel=Android SDK built for x86, platformName=Android, deviceManufacturer=unknown, cssSelectorsEnabled=true}]\nSession ID: 86a0fdba-af6a-4cbc-81ae-45dab28af0ae\n*** Element info: {Using=xpath, value=//android.widget.TextView[@text='%s']}",
      "subLogs": [],
      "duration": 69
    },
    {
      "commandName": "findElement",
      "args": [
        "{value=//android.widget.TextView[@text='%s'], using=xpath}"
      ],
      "result": "An element could not be located on the page using the given search parameters. (WARNING: The server did not provide any stacktrace information)\nCommand duration or timeout: 56 milliseconds\nFor documentation on this error, please visit: http://seleniumhq.org/exceptions/no_such_element.html\nBuild info: version: '2.53.0', revision: '35ae25b1534ae328c771e0856c93e187490ca824', time: '2016-03-15 10:43:46'\nSystem info: host: 'ICPL11548', ip: '192.168.119.2', os.name: 'Windows 8.1', os.arch: 'amd64', os.version: '6.3', java.version: '1.8.0_144'\nDriver info: com.qmetry.qaf.automation.ui.webdriver.QAFExtendedWebDriver\nCapabilities [{appPackage=com.adidas.app, deviceScreenSize=720x1280, networkConnectionEnabled=true, warnings={}, databaseEnabled=false, deviceName=emulator-5554, platform=LINUX, deviceUDID=emulator-5554, appActivity=com.adidas.app.MainActivity, browser_name=, desired={appPackage=com.adidas.app, appActivity=com.adidas.app.MainActivity, browser_name=, appium-version=4.1.2, automationName=Appium, takesScreenshot=true, javascriptEnabled=true, driver.class=io.appium.java_client.android.AndroidDriver, platformName=Android, deviceName=emulator-5554, cssSelectorsEnabled=true}, appium-version=4.1.2, platformVersion=7.0, webStorageEnabled=false, locationContextEnabled=false, automationName=Appium, takesScreenshot=true, javascriptEnabled=true, driver.class=io.appium.java_client.android.AndroidDriver, deviceModel=Android SDK built for x86, platformName=Android, deviceManufacturer=unknown, cssSelectorsEnabled=true}]\nSession ID: 86a0fdba-af6a-4cbc-81ae-45dab28af0ae\n*** Element info: {Using=xpath, value=//android.widget.TextView[@text='%s']}",
      "subLogs": [],
      "duration": 56
    },
    {
      "commandName": "findElement",
      "args": [
        "{value=//android.widget.TextView[@text='%s'], using=xpath}"
      ],
      "result": "An element could not be located on the page using the given search parameters. (WARNING: The server did not provide any stacktrace information)\nCommand duration or timeout: 113 milliseconds\nFor documentation on this error, please visit: http://seleniumhq.org/exceptions/no_such_element.html\nBuild info: version: '2.53.0', revision: '35ae25b1534ae328c771e0856c93e187490ca824', time: '2016-03-15 10:43:46'\nSystem info: host: 'ICPL11548', ip: '192.168.119.2', os.name: 'Windows 8.1', os.arch: 'amd64', os.version: '6.3', java.version: '1.8.0_144'\nDriver info: com.qmetry.qaf.automation.ui.webdriver.QAFExtendedWebDriver\nCapabilities [{appPackage=com.adidas.app, deviceScreenSize=720x1280, networkConnectionEnabled=true, warnings={}, databaseEnabled=false, deviceName=emulator-5554, platform=LINUX, deviceUDID=emulator-5554, appActivity=com.adidas.app.MainActivity, browser_name=, desired={appPackage=com.adidas.app, appActivity=com.adidas.app.MainActivity, browser_name=, appium-version=4.1.2, automationName=Appium, takesScreenshot=true, javascriptEnabled=true, driver.class=io.appium.java_client.android.AndroidDriver, platformName=Android, deviceName=emulator-5554, cssSelectorsEnabled=true}, appium-version=4.1.2, platformVersion=7.0, webStorageEnabled=false, locationContextEnabled=false, automationName=Appium, takesScreenshot=true, javascriptEnabled=true, driver.class=io.appium.java_client.android.AndroidDriver, deviceModel=Android SDK built for x86, platformName=Android, deviceManufacturer=unknown, cssSelectorsEnabled=true}]\nSession ID: 86a0fdba-af6a-4cbc-81ae-45dab28af0ae\n*** Element info: {Using=xpath, value=//android.widget.TextView[@text='%s']}",
      "subLogs": [],
      "duration": 113
    },
    {
      "commandName": "findElement",
      "args": [
        "{value=//android.widget.TextView[@text='%s'], using=xpath}"
      ],
      "result": "An element could not be located on the page using the given search parameters. (WARNING: The server did not provide any stacktrace information)\nCommand duration or timeout: 69 milliseconds\nFor documentation on this error, please visit: http://seleniumhq.org/exceptions/no_such_element.html\nBuild info: version: '2.53.0', revision: '35ae25b1534ae328c771e0856c93e187490ca824', time: '2016-03-15 10:43:46'\nSystem info: host: 'ICPL11548', ip: '192.168.119.2', os.name: 'Windows 8.1', os.arch: 'amd64', os.version: '6.3', java.version: '1.8.0_144'\nDriver info: com.qmetry.qaf.automation.ui.webdriver.QAFExtendedWebDriver\nCapabilities [{appPackage=com.adidas.app, deviceScreenSize=720x1280, networkConnectionEnabled=true, warnings={}, databaseEnabled=false, deviceName=emulator-5554, platform=LINUX, deviceUDID=emulator-5554, appActivity=com.adidas.app.MainActivity, browser_name=, desired={appPackage=com.adidas.app, appActivity=com.adidas.app.MainActivity, browser_name=, appium-version=4.1.2, automationName=Appium, takesScreenshot=true, javascriptEnabled=true, driver.class=io.appium.java_client.android.AndroidDriver, platformName=Android, deviceName=emulator-5554, cssSelectorsEnabled=true}, appium-version=4.1.2, platformVersion=7.0, webStorageEnabled=false, locationContextEnabled=false, automationName=Appium, takesScreenshot=true, javascriptEnabled=true, driver.class=io.appium.java_client.android.AndroidDriver, deviceModel=Android SDK built for x86, platformName=Android, deviceManufacturer=unknown, cssSelectorsEnabled=true}]\nSession ID: 86a0fdba-af6a-4cbc-81ae-45dab28af0ae\n*** Element info: {Using=xpath, value=//android.widget.TextView[@text='%s']}",
      "subLogs": [],
      "duration": 69
    },
    {
      "commandName": "findElement",
      "args": [
        "{value=//android.widget.TextView[@text='%s'], using=xpath}"
      ],
      "result": "An element could not be located on the page using the given search parameters. (WARNING: The server did not provide any stacktrace information)\nCommand duration or timeout: 74 milliseconds\nFor documentation on this error, please visit: http://seleniumhq.org/exceptions/no_such_element.html\nBuild info: version: '2.53.0', revision: '35ae25b1534ae328c771e0856c93e187490ca824', time: '2016-03-15 10:43:46'\nSystem info: host: 'ICPL11548', ip: '192.168.119.2', os.name: 'Windows 8.1', os.arch: 'amd64', os.version: '6.3', java.version: '1.8.0_144'\nDriver info: com.qmetry.qaf.automation.ui.webdriver.QAFExtendedWebDriver\nCapabilities [{appPackage=com.adidas.app, deviceScreenSize=720x1280, networkConnectionEnabled=true, warnings={}, databaseEnabled=false, deviceName=emulator-5554, platform=LINUX, deviceUDID=emulator-5554, appActivity=com.adidas.app.MainActivity, browser_name=, desired={appPackage=com.adidas.app, appActivity=com.adidas.app.MainActivity, browser_name=, appium-version=4.1.2, automationName=Appium, takesScreenshot=true, javascriptEnabled=true, driver.class=io.appium.java_client.android.AndroidDriver, platformName=Android, deviceName=emulator-5554, cssSelectorsEnabled=true}, appium-version=4.1.2, platformVersion=7.0, webStorageEnabled=false, locationContextEnabled=false, automationName=Appium, takesScreenshot=true, javascriptEnabled=true, driver.class=io.appium.java_client.android.AndroidDriver, deviceModel=Android SDK built for x86, platformName=Android, deviceManufacturer=unknown, cssSelectorsEnabled=true}]\nSession ID: 86a0fdba-af6a-4cbc-81ae-45dab28af0ae\n*** Element info: {Using=xpath, value=//android.widget.TextView[@text='%s']}",
      "subLogs": [],
      "duration": 74
    },
    {
      "commandName": "findElement",
      "args": [
        "{value=//android.widget.TextView[@text='%s'], using=xpath}"
      ],
      "result": "An element could not be located on the page using the given search parameters. (WARNING: The server did not provide any stacktrace information)\nCommand duration or timeout: 70 milliseconds\nFor documentation on this error, please visit: http://seleniumhq.org/exceptions/no_such_element.html\nBuild info: version: '2.53.0', revision: '35ae25b1534ae328c771e0856c93e187490ca824', time: '2016-03-15 10:43:46'\nSystem info: host: 'ICPL11548', ip: '192.168.119.2', os.name: 'Windows 8.1', os.arch: 'amd64', os.version: '6.3', java.version: '1.8.0_144'\nDriver info: com.qmetry.qaf.automation.ui.webdriver.QAFExtendedWebDriver\nCapabilities [{appPackage=com.adidas.app, deviceScreenSize=720x1280, networkConnectionEnabled=true, warnings={}, databaseEnabled=false, deviceName=emulator-5554, platform=LINUX, deviceUDID=emulator-5554, appActivity=com.adidas.app.MainActivity, browser_name=, desired={appPackage=com.adidas.app, appActivity=com.adidas.app.MainActivity, browser_name=, appium-version=4.1.2, automationName=Appium, takesScreenshot=true, javascriptEnabled=true, driver.class=io.appium.java_client.android.AndroidDriver, platformName=Android, deviceName=emulator-5554, cssSelectorsEnabled=true}, appium-version=4.1.2, platformVersion=7.0, webStorageEnabled=false, locationContextEnabled=false, automationName=Appium, takesScreenshot=true, javascriptEnabled=true, driver.class=io.appium.java_client.android.AndroidDriver, deviceModel=Android SDK built for x86, platformName=Android, deviceManufacturer=unknown, cssSelectorsEnabled=true}]\nSession ID: 86a0fdba-af6a-4cbc-81ae-45dab28af0ae\n*** Element info: {Using=xpath, value=//android.widget.TextView[@text='%s']}",
      "subLogs": [],
      "duration": 70
    },
    {
      "commandName": "findElement",
      "args": [
        "{value=//android.widget.TextView[@text='%s'], using=xpath}"
      ],
      "result": "An element could not be located on the page using the given search parameters. (WARNING: The server did not provide any stacktrace information)\nCommand duration or timeout: 56 milliseconds\nFor documentation on this error, please visit: http://seleniumhq.org/exceptions/no_such_element.html\nBuild info: version: '2.53.0', revision: '35ae25b1534ae328c771e0856c93e187490ca824', time: '2016-03-15 10:43:46'\nSystem info: host: 'ICPL11548', ip: '192.168.119.2', os.name: 'Windows 8.1', os.arch: 'amd64', os.version: '6.3', java.version: '1.8.0_144'\nDriver info: com.qmetry.qaf.automation.ui.webdriver.QAFExtendedWebDriver\nCapabilities [{appPackage=com.adidas.app, deviceScreenSize=720x1280, networkConnectionEnabled=true, warnings={}, databaseEnabled=false, deviceName=emulator-5554, platform=LINUX, deviceUDID=emulator-5554, appActivity=com.adidas.app.MainActivity, browser_name=, desired={appPackage=com.adidas.app, appActivity=com.adidas.app.MainActivity, browser_name=, appium-version=4.1.2, automationName=Appium, takesScreenshot=true, javascriptEnabled=true, driver.class=io.appium.java_client.android.AndroidDriver, platformName=Android, deviceName=emulator-5554, cssSelectorsEnabled=true}, appium-version=4.1.2, platformVersion=7.0, webStorageEnabled=false, locationContextEnabled=false, automationName=Appium, takesScreenshot=true, javascriptEnabled=true, driver.class=io.appium.java_client.android.AndroidDriver, deviceModel=Android SDK built for x86, platformName=Android, deviceManufacturer=unknown, cssSelectorsEnabled=true}]\nSession ID: 86a0fdba-af6a-4cbc-81ae-45dab28af0ae\n*** Element info: {Using=xpath, value=//android.widget.TextView[@text='%s']}",
      "subLogs": [],
      "duration": 56
    },
    {
      "commandName": "findElement",
      "args": [
        "{value=//android.widget.TextView[@text='%s'], using=xpath}"
      ],
      "result": "An element could not be located on the page using the given search parameters. (WARNING: The server did not provide any stacktrace information)\nCommand duration or timeout: 68 milliseconds\nFor documentation on this error, please visit: http://seleniumhq.org/exceptions/no_such_element.html\nBuild info: version: '2.53.0', revision: '35ae25b1534ae328c771e0856c93e187490ca824', time: '2016-03-15 10:43:46'\nSystem info: host: 'ICPL11548', ip: '192.168.119.2', os.name: 'Windows 8.1', os.arch: 'amd64', os.version: '6.3', java.version: '1.8.0_144'\nDriver info: com.qmetry.qaf.automation.ui.webdriver.QAFExtendedWebDriver\nCapabilities [{appPackage=com.adidas.app, deviceScreenSize=720x1280, networkConnectionEnabled=true, warnings={}, databaseEnabled=false, deviceName=emulator-5554, platform=LINUX, deviceUDID=emulator-5554, appActivity=com.adidas.app.MainActivity, browser_name=, desired={appPackage=com.adidas.app, appActivity=com.adidas.app.MainActivity, browser_name=, appium-version=4.1.2, automationName=Appium, takesScreenshot=true, javascriptEnabled=true, driver.class=io.appium.java_client.android.AndroidDriver, platformName=Android, deviceName=emulator-5554, cssSelectorsEnabled=true}, appium-version=4.1.2, platformVersion=7.0, webStorageEnabled=false, locationContextEnabled=false, automationName=Appium, takesScreenshot=true, javascriptEnabled=true, driver.class=io.appium.java_client.android.AndroidDriver, deviceModel=Android SDK built for x86, platformName=Android, deviceManufacturer=unknown, cssSelectorsEnabled=true}]\nSession ID: 86a0fdba-af6a-4cbc-81ae-45dab28af0ae\n*** Element info: {Using=xpath, value=//android.widget.TextView[@text='%s']}",
      "subLogs": [],
      "duration": 68
    },
    {
      "commandName": "findElement",
      "args": [
        "{value=//android.widget.TextView[@text='%s'], using=xpath}"
      ],
      "result": "An element could not be located on the page using the given search parameters. (WARNING: The server did not provide any stacktrace information)\nCommand duration or timeout: 100 milliseconds\nFor documentation on this error, please visit: http://seleniumhq.org/exceptions/no_such_element.html\nBuild info: version: '2.53.0', revision: '35ae25b1534ae328c771e0856c93e187490ca824', time: '2016-03-15 10:43:46'\nSystem info: host: 'ICPL11548', ip: '192.168.119.2', os.name: 'Windows 8.1', os.arch: 'amd64', os.version: '6.3', java.version: '1.8.0_144'\nDriver info: com.qmetry.qaf.automation.ui.webdriver.QAFExtendedWebDriver\nCapabilities [{appPackage=com.adidas.app, deviceScreenSize=720x1280, networkConnectionEnabled=true, warnings={}, databaseEnabled=false, deviceName=emulator-5554, platform=LINUX, deviceUDID=emulator-5554, appActivity=com.adidas.app.MainActivity, browser_name=, desired={appPackage=com.adidas.app, appActivity=com.adidas.app.MainActivity, browser_name=, appium-version=4.1.2, automationName=Appium, takesScreenshot=true, javascriptEnabled=true, driver.class=io.appium.java_client.android.AndroidDriver, platformName=Android, deviceName=emulator-5554, cssSelectorsEnabled=true}, appium-version=4.1.2, platformVersion=7.0, webStorageEnabled=false, locationContextEnabled=false, automationName=Appium, takesScreenshot=true, javascriptEnabled=true, driver.class=io.appium.java_client.android.AndroidDriver, deviceModel=Android SDK built for x86, platformName=Android, deviceManufacturer=unknown, cssSelectorsEnabled=true}]\nSession ID: 86a0fdba-af6a-4cbc-81ae-45dab28af0ae\n*** Element info: {Using=xpath, value=//android.widget.TextView[@text='%s']}",
      "subLogs": [],
      "duration": 100
    },
    {
      "commandName": "findElement",
      "args": [
        "{value=//android.widget.TextView[@text='%s'], using=xpath}"
      ],
      "result": "An element could not be located on the page using the given search parameters. (WARNING: The server did not provide any stacktrace information)\nCommand duration or timeout: 58 milliseconds\nFor documentation on this error, please visit: http://seleniumhq.org/exceptions/no_such_element.html\nBuild info: version: '2.53.0', revision: '35ae25b1534ae328c771e0856c93e187490ca824', time: '2016-03-15 10:43:46'\nSystem info: host: 'ICPL11548', ip: '192.168.119.2', os.name: 'Windows 8.1', os.arch: 'amd64', os.version: '6.3', java.version: '1.8.0_144'\nDriver info: com.qmetry.qaf.automation.ui.webdriver.QAFExtendedWebDriver\nCapabilities [{appPackage=com.adidas.app, deviceScreenSize=720x1280, networkConnectionEnabled=true, warnings={}, databaseEnabled=false, deviceName=emulator-5554, platform=LINUX, deviceUDID=emulator-5554, appActivity=com.adidas.app.MainActivity, browser_name=, desired={appPackage=com.adidas.app, appActivity=com.adidas.app.MainActivity, browser_name=, appium-version=4.1.2, automationName=Appium, takesScreenshot=true, javascriptEnabled=true, driver.class=io.appium.java_client.android.AndroidDriver, platformName=Android, deviceName=emulator-5554, cssSelectorsEnabled=true}, appium-version=4.1.2, platformVersion=7.0, webStorageEnabled=false, locationContextEnabled=false, automationName=Appium, takesScreenshot=true, javascriptEnabled=true, driver.class=io.appium.java_client.android.AndroidDriver, deviceModel=Android SDK built for x86, platformName=Android, deviceManufacturer=unknown, cssSelectorsEnabled=true}]\nSession ID: 86a0fdba-af6a-4cbc-81ae-45dab28af0ae\n*** Element info: {Using=xpath, value=//android.widget.TextView[@text='%s']}",
      "subLogs": [],
      "duration": 58
    },
    {
      "commandName": "findElement",
      "args": [
        "{value=//android.widget.TextView[@text='%s'], using=xpath}"
      ],
      "result": "An element could not be located on the page using the given search parameters. (WARNING: The server did not provide any stacktrace information)\nCommand duration or timeout: 68 milliseconds\nFor documentation on this error, please visit: http://seleniumhq.org/exceptions/no_such_element.html\nBuild info: version: '2.53.0', revision: '35ae25b1534ae328c771e0856c93e187490ca824', time: '2016-03-15 10:43:46'\nSystem info: host: 'ICPL11548', ip: '192.168.119.2', os.name: 'Windows 8.1', os.arch: 'amd64', os.version: '6.3', java.version: '1.8.0_144'\nDriver info: com.qmetry.qaf.automation.ui.webdriver.QAFExtendedWebDriver\nCapabilities [{appPackage=com.adidas.app, deviceScreenSize=720x1280, networkConnectionEnabled=true, warnings={}, databaseEnabled=false, deviceName=emulator-5554, platform=LINUX, deviceUDID=emulator-5554, appActivity=com.adidas.app.MainActivity, browser_name=, desired={appPackage=com.adidas.app, appActivity=com.adidas.app.MainActivity, browser_name=, appium-version=4.1.2, automationName=Appium, takesScreenshot=true, javascriptEnabled=true, driver.class=io.appium.java_client.android.AndroidDriver, platformName=Android, deviceName=emulator-5554, cssSelectorsEnabled=true}, appium-version=4.1.2, platformVersion=7.0, webStorageEnabled=false, locationContextEnabled=false, automationName=Appium, takesScreenshot=true, javascriptEnabled=true, driver.class=io.appium.java_client.android.AndroidDriver, deviceModel=Android SDK built for x86, platformName=Android, deviceManufacturer=unknown, cssSelectorsEnabled=true}]\nSession ID: 86a0fdba-af6a-4cbc-81ae-45dab28af0ae\n*** Element info: {Using=xpath, value=//android.widget.TextView[@text='%s']}",
      "subLogs": [],
      "duration": 70
    },
    {
      "commandName": "findElement",
      "args": [
        "{value=//android.widget.TextView[@text='%s'], using=xpath}"
      ],
      "result": "An element could not be located on the page using the given search parameters. (WARNING: The server did not provide any stacktrace information)\nCommand duration or timeout: 241 milliseconds\nFor documentation on this error, please visit: http://seleniumhq.org/exceptions/no_such_element.html\nBuild info: version: '2.53.0', revision: '35ae25b1534ae328c771e0856c93e187490ca824', time: '2016-03-15 10:43:46'\nSystem info: host: 'ICPL11548', ip: '192.168.119.2', os.name: 'Windows 8.1', os.arch: 'amd64', os.version: '6.3', java.version: '1.8.0_144'\nDriver info: com.qmetry.qaf.automation.ui.webdriver.QAFExtendedWebDriver\nCapabilities [{appPackage=com.adidas.app, deviceScreenSize=720x1280, networkConnectionEnabled=true, warnings={}, databaseEnabled=false, deviceName=emulator-5554, platform=LINUX, deviceUDID=emulator-5554, appActivity=com.adidas.app.MainActivity, browser_name=, desired={appPackage=com.adidas.app, appActivity=com.adidas.app.MainActivity, browser_name=, appium-version=4.1.2, automationName=Appium, takesScreenshot=true, javascriptEnabled=true, driver.class=io.appium.java_client.android.AndroidDriver, platformName=Android, deviceName=emulator-5554, cssSelectorsEnabled=true}, appium-version=4.1.2, platformVersion=7.0, webStorageEnabled=false, locationContextEnabled=false, automationName=Appium, takesScreenshot=true, javascriptEnabled=true, driver.class=io.appium.java_client.android.AndroidDriver, deviceModel=Android SDK built for x86, platformName=Android, deviceManufacturer=unknown, cssSelectorsEnabled=true}]\nSession ID: 86a0fdba-af6a-4cbc-81ae-45dab28af0ae\n*** Element info: {Using=xpath, value=//android.widget.TextView[@text='%s']}",
      "subLogs": [],
      "duration": 241
    },
    {
      "commandName": "findElement",
      "args": [
        "{value=//android.widget.TextView[@text='%s'], using=xpath}"
      ],
      "result": "An element could not be located on the page using the given search parameters. (WARNING: The server did not provide any stacktrace information)\nCommand duration or timeout: 69 milliseconds\nFor documentation on this error, please visit: http://seleniumhq.org/exceptions/no_such_element.html\nBuild info: version: '2.53.0', revision: '35ae25b1534ae328c771e0856c93e187490ca824', time: '2016-03-15 10:43:46'\nSystem info: host: 'ICPL11548', ip: '192.168.119.2', os.name: 'Windows 8.1', os.arch: 'amd64', os.version: '6.3', java.version: '1.8.0_144'\nDriver info: com.qmetry.qaf.automation.ui.webdriver.QAFExtendedWebDriver\nCapabilities [{appPackage=com.adidas.app, deviceScreenSize=720x1280, networkConnectionEnabled=true, warnings={}, databaseEnabled=false, deviceName=emulator-5554, platform=LINUX, deviceUDID=emulator-5554, appActivity=com.adidas.app.MainActivity, browser_name=, desired={appPackage=com.adidas.app, appActivity=com.adidas.app.MainActivity, browser_name=, appium-version=4.1.2, automationName=Appium, takesScreenshot=true, javascriptEnabled=true, driver.class=io.appium.java_client.android.AndroidDriver, platformName=Android, deviceName=emulator-5554, cssSelectorsEnabled=true}, appium-version=4.1.2, platformVersion=7.0, webStorageEnabled=false, locationContextEnabled=false, automationName=Appium, takesScreenshot=true, javascriptEnabled=true, driver.class=io.appium.java_client.android.AndroidDriver, deviceModel=Android SDK built for x86, platformName=Android, deviceManufacturer=unknown, cssSelectorsEnabled=true}]\nSession ID: 86a0fdba-af6a-4cbc-81ae-45dab28af0ae\n*** Element info: {Using=xpath, value=//android.widget.TextView[@text='%s']}",
      "subLogs": [],
      "duration": 69
    },
    {
      "commandName": "findElement",
      "args": [
        "{value=//android.widget.TextView[@text='%s'], using=xpath}"
      ],
      "result": "An element could not be located on the page using the given search parameters. (WARNING: The server did not provide any stacktrace information)\nCommand duration or timeout: 57 milliseconds\nFor documentation on this error, please visit: http://seleniumhq.org/exceptions/no_such_element.html\nBuild info: version: '2.53.0', revision: '35ae25b1534ae328c771e0856c93e187490ca824', time: '2016-03-15 10:43:46'\nSystem info: host: 'ICPL11548', ip: '192.168.119.2', os.name: 'Windows 8.1', os.arch: 'amd64', os.version: '6.3', java.version: '1.8.0_144'\nDriver info: com.qmetry.qaf.automation.ui.webdriver.QAFExtendedWebDriver\nCapabilities [{appPackage=com.adidas.app, deviceScreenSize=720x1280, networkConnectionEnabled=true, warnings={}, databaseEnabled=false, deviceName=emulator-5554, platform=LINUX, deviceUDID=emulator-5554, appActivity=com.adidas.app.MainActivity, browser_name=, desired={appPackage=com.adidas.app, appActivity=com.adidas.app.MainActivity, browser_name=, appium-version=4.1.2, automationName=Appium, takesScreenshot=true, javascriptEnabled=true, driver.class=io.appium.java_client.android.AndroidDriver, platformName=Android, deviceName=emulator-5554, cssSelectorsEnabled=true}, appium-version=4.1.2, platformVersion=7.0, webStorageEnabled=false, locationContextEnabled=false, automationName=Appium, takesScreenshot=true, javascriptEnabled=true, driver.class=io.appium.java_client.android.AndroidDriver, deviceModel=Android SDK built for x86, platformName=Android, deviceManufacturer=unknown, cssSelectorsEnabled=true}]\nSession ID: 86a0fdba-af6a-4cbc-81ae-45dab28af0ae\n*** Element info: {Using=xpath, value=//android.widget.TextView[@text='%s']}",
      "subLogs": [],
      "duration": 57
    },
    {
      "commandName": "findElement",
      "args": [
        "{value=//android.widget.TextView[@text='%s'], using=xpath}"
      ],
      "result": "An element could not be located on the page using the given search parameters. (WARNING: The server did not provide any stacktrace information)\nCommand duration or timeout: 51 milliseconds\nFor documentation on this error, please visit: http://seleniumhq.org/exceptions/no_such_element.html\nBuild info: version: '2.53.0', revision: '35ae25b1534ae328c771e0856c93e187490ca824', time: '2016-03-15 10:43:46'\nSystem info: host: 'ICPL11548', ip: '192.168.119.2', os.name: 'Windows 8.1', os.arch: 'amd64', os.version: '6.3', java.version: '1.8.0_144'\nDriver info: com.qmetry.qaf.automation.ui.webdriver.QAFExtendedWebDriver\nCapabilities [{appPackage=com.adidas.app, deviceScreenSize=720x1280, networkConnectionEnabled=true, warnings={}, databaseEnabled=false, deviceName=emulator-5554, platform=LINUX, deviceUDID=emulator-5554, appActivity=com.adidas.app.MainActivity, browser_name=, desired={appPackage=com.adidas.app, appActivity=com.adidas.app.MainActivity, browser_name=, appium-version=4.1.2, automationName=Appium, takesScreenshot=true, javascriptEnabled=true, driver.class=io.appium.java_client.android.AndroidDriver, platformName=Android, deviceName=emulator-5554, cssSelectorsEnabled=true}, appium-version=4.1.2, platformVersion=7.0, webStorageEnabled=false, locationContextEnabled=false, automationName=Appium, takesScreenshot=true, javascriptEnabled=true, driver.class=io.appium.java_client.android.AndroidDriver, deviceModel=Android SDK built for x86, platformName=Android, deviceManufacturer=unknown, cssSelectorsEnabled=true}]\nSession ID: 86a0fdba-af6a-4cbc-81ae-45dab28af0ae\n*** Element info: {Using=xpath, value=//android.widget.TextView[@text='%s']}",
      "subLogs": [],
      "duration": 51
    },
    {
      "commandName": "findElement",
      "args": [
        "{value=//android.widget.TextView[@text='%s'], using=xpath}"
      ],
      "result": "An element could not be located on the page using the given search parameters. (WARNING: The server did not provide any stacktrace information)\nCommand duration or timeout: 50 milliseconds\nFor documentation on this error, please visit: http://seleniumhq.org/exceptions/no_such_element.html\nBuild info: version: '2.53.0', revision: '35ae25b1534ae328c771e0856c93e187490ca824', time: '2016-03-15 10:43:46'\nSystem info: host: 'ICPL11548', ip: '192.168.119.2', os.name: 'Windows 8.1', os.arch: 'amd64', os.version: '6.3', java.version: '1.8.0_144'\nDriver info: com.qmetry.qaf.automation.ui.webdriver.QAFExtendedWebDriver\nCapabilities [{appPackage=com.adidas.app, deviceScreenSize=720x1280, networkConnectionEnabled=true, warnings={}, databaseEnabled=false, deviceName=emulator-5554, platform=LINUX, deviceUDID=emulator-5554, appActivity=com.adidas.app.MainActivity, browser_name=, desired={appPackage=com.adidas.app, appActivity=com.adidas.app.MainActivity, browser_name=, appium-version=4.1.2, automationName=Appium, takesScreenshot=true, javascriptEnabled=true, driver.class=io.appium.java_client.android.AndroidDriver, platformName=Android, deviceName=emulator-5554, cssSelectorsEnabled=true}, appium-version=4.1.2, platformVersion=7.0, webStorageEnabled=false, locationContextEnabled=false, automationName=Appium, takesScreenshot=true, javascriptEnabled=true, driver.class=io.appium.java_client.android.AndroidDriver, deviceModel=Android SDK built for x86, platformName=Android, deviceManufacturer=unknown, cssSelectorsEnabled=true}]\nSession ID: 86a0fdba-af6a-4cbc-81ae-45dab28af0ae\n*** Element info: {Using=xpath, value=//android.widget.TextView[@text='%s']}",
      "subLogs": [],
      "duration": 50
    },
    {
      "commandName": "findElement",
      "args": [
        "{value=//android.widget.TextView[@text='%s'], using=xpath}"
      ],
      "result": "An element could not be located on the page using the given search parameters. (WARNING: The server did not provide any stacktrace information)\nCommand duration or timeout: 47 milliseconds\nFor documentation on this error, please visit: http://seleniumhq.org/exceptions/no_such_element.html\nBuild info: version: '2.53.0', revision: '35ae25b1534ae328c771e0856c93e187490ca824', time: '2016-03-15 10:43:46'\nSystem info: host: 'ICPL11548', ip: '192.168.119.2', os.name: 'Windows 8.1', os.arch: 'amd64', os.version: '6.3', java.version: '1.8.0_144'\nDriver info: com.qmetry.qaf.automation.ui.webdriver.QAFExtendedWebDriver\nCapabilities [{appPackage=com.adidas.app, deviceScreenSize=720x1280, networkConnectionEnabled=true, warnings={}, databaseEnabled=false, deviceName=emulator-5554, platform=LINUX, deviceUDID=emulator-5554, appActivity=com.adidas.app.MainActivity, browser_name=, desired={appPackage=com.adidas.app, appActivity=com.adidas.app.MainActivity, browser_name=, appium-version=4.1.2, automationName=Appium, takesScreenshot=true, javascriptEnabled=true, driver.class=io.appium.java_client.android.AndroidDriver, platformName=Android, deviceName=emulator-5554, cssSelectorsEnabled=true}, appium-version=4.1.2, platformVersion=7.0, webStorageEnabled=false, locationContextEnabled=false, automationName=Appium, takesScreenshot=true, javascriptEnabled=true, driver.class=io.appium.java_client.android.AndroidDriver, deviceModel=Android SDK built for x86, platformName=Android, deviceManufacturer=unknown, cssSelectorsEnabled=true}]\nSession ID: 86a0fdba-af6a-4cbc-81ae-45dab28af0ae\n*** Element info: {Using=xpath, value=//android.widget.TextView[@text='%s']}",
      "subLogs": [],
      "duration": 47
    },
    {
      "commandName": "findElement",
      "args": [
        "{value=//android.widget.TextView[@text='%s'], using=xpath}"
      ],
      "result": "An element could not be located on the page using the given search parameters. (WARNING: The server did not provide any stacktrace information)\nCommand duration or timeout: 52 milliseconds\nFor documentation on this error, please visit: http://seleniumhq.org/exceptions/no_such_element.html\nBuild info: version: '2.53.0', revision: '35ae25b1534ae328c771e0856c93e187490ca824', time: '2016-03-15 10:43:46'\nSystem info: host: 'ICPL11548', ip: '192.168.119.2', os.name: 'Windows 8.1', os.arch: 'amd64', os.version: '6.3', java.version: '1.8.0_144'\nDriver info: com.qmetry.qaf.automation.ui.webdriver.QAFExtendedWebDriver\nCapabilities [{appPackage=com.adidas.app, deviceScreenSize=720x1280, networkConnectionEnabled=true, warnings={}, databaseEnabled=false, deviceName=emulator-5554, platform=LINUX, deviceUDID=emulator-5554, appActivity=com.adidas.app.MainActivity, browser_name=, desired={appPackage=com.adidas.app, appActivity=com.adidas.app.MainActivity, browser_name=, appium-version=4.1.2, automationName=Appium, takesScreenshot=true, javascriptEnabled=true, driver.class=io.appium.java_client.android.AndroidDriver, platformName=Android, deviceName=emulator-5554, cssSelectorsEnabled=true}, appium-version=4.1.2, platformVersion=7.0, webStorageEnabled=false, locationContextEnabled=false, automationName=Appium, takesScreenshot=true, javascriptEnabled=true, driver.class=io.appium.java_client.android.AndroidDriver, deviceModel=Android SDK built for x86, platformName=Android, deviceManufacturer=unknown, cssSelectorsEnabled=true}]\nSession ID: 86a0fdba-af6a-4cbc-81ae-45dab28af0ae\n*** Element info: {Using=xpath, value=//android.widget.TextView[@text='%s']}",
      "subLogs": [],
      "duration": 52
    },
    {
      "commandName": "findElement",
      "args": [
        "{value=//android.widget.TextView[@text='%s'], using=xpath}"
      ],
      "result": "An element could not be located on the page using the given search parameters. (WARNING: The server did not provide any stacktrace information)\nCommand duration or timeout: 37 milliseconds\nFor documentation on this error, please visit: http://seleniumhq.org/exceptions/no_such_element.html\nBuild info: version: '2.53.0', revision: '35ae25b1534ae328c771e0856c93e187490ca824', time: '2016-03-15 10:43:46'\nSystem info: host: 'ICPL11548', ip: '192.168.119.2', os.name: 'Windows 8.1', os.arch: 'amd64', os.version: '6.3', java.version: '1.8.0_144'\nDriver info: com.qmetry.qaf.automation.ui.webdriver.QAFExtendedWebDriver\nCapabilities [{appPackage=com.adidas.app, deviceScreenSize=720x1280, networkConnectionEnabled=true, warnings={}, databaseEnabled=false, deviceName=emulator-5554, platform=LINUX, deviceUDID=emulator-5554, appActivity=com.adidas.app.MainActivity, browser_name=, desired={appPackage=com.adidas.app, appActivity=com.adidas.app.MainActivity, browser_name=, appium-version=4.1.2, automationName=Appium, takesScreenshot=true, javascriptEnabled=true, driver.class=io.appium.java_client.android.AndroidDriver, platformName=Android, deviceName=emulator-5554, cssSelectorsEnabled=true}, appium-version=4.1.2, platformVersion=7.0, webStorageEnabled=false, locationContextEnabled=false, automationName=Appium, takesScreenshot=true, javascriptEnabled=true, driver.class=io.appium.java_client.android.AndroidDriver, deviceModel=Android SDK built for x86, platformName=Android, deviceManufacturer=unknown, cssSelectorsEnabled=true}]\nSession ID: 86a0fdba-af6a-4cbc-81ae-45dab28af0ae\n*** Element info: {Using=xpath, value=//android.widget.TextView[@text='%s']}",
      "subLogs": [],
      "duration": 37
    },
    {
      "commandName": "findElement",
      "args": [
        "{value=//android.widget.TextView[@text='%s'], using=xpath}"
      ],
      "result": "An element could not be located on the page using the given search parameters. (WARNING: The server did not provide any stacktrace information)\nCommand duration or timeout: 54 milliseconds\nFor documentation on this error, please visit: http://seleniumhq.org/exceptions/no_such_element.html\nBuild info: version: '2.53.0', revision: '35ae25b1534ae328c771e0856c93e187490ca824', time: '2016-03-15 10:43:46'\nSystem info: host: 'ICPL11548', ip: '192.168.119.2', os.name: 'Windows 8.1', os.arch: 'amd64', os.version: '6.3', java.version: '1.8.0_144'\nDriver info: com.qmetry.qaf.automation.ui.webdriver.QAFExtendedWebDriver\nCapabilities [{appPackage=com.adidas.app, deviceScreenSize=720x1280, networkConnectionEnabled=true, warnings={}, databaseEnabled=false, deviceName=emulator-5554, platform=LINUX, deviceUDID=emulator-5554, appActivity=com.adidas.app.MainActivity, browser_name=, desired={appPackage=com.adidas.app, appActivity=com.adidas.app.MainActivity, browser_name=, appium-version=4.1.2, automationName=Appium, takesScreenshot=true, javascriptEnabled=true, driver.class=io.appium.java_client.android.AndroidDriver, platformName=Android, deviceName=emulator-5554, cssSelectorsEnabled=true}, appium-version=4.1.2, platformVersion=7.0, webStorageEnabled=false, locationContextEnabled=false, automationName=Appium, takesScreenshot=true, javascriptEnabled=true, driver.class=io.appium.java_client.android.AndroidDriver, deviceModel=Android SDK built for x86, platformName=Android, deviceManufacturer=unknown, cssSelectorsEnabled=true}]\nSession ID: 86a0fdba-af6a-4cbc-81ae-45dab28af0ae\n*** Element info: {Using=xpath, value=//android.widget.TextView[@text='%s']}",
      "subLogs": [],
      "duration": 54
    },
    {
      "commandName": "findElement",
      "args": [
        "{value=//android.widget.TextView[@text='%s'], using=xpath}"
      ],
      "result": "An element could not be located on the page using the given search parameters. (WARNING: The server did not provide any stacktrace information)\nCommand duration or timeout: 43 milliseconds\nFor documentation on this error, please visit: http://seleniumhq.org/exceptions/no_such_element.html\nBuild info: version: '2.53.0', revision: '35ae25b1534ae328c771e0856c93e187490ca824', time: '2016-03-15 10:43:46'\nSystem info: host: 'ICPL11548', ip: '192.168.119.2', os.name: 'Windows 8.1', os.arch: 'amd64', os.version: '6.3', java.version: '1.8.0_144'\nDriver info: com.qmetry.qaf.automation.ui.webdriver.QAFExtendedWebDriver\nCapabilities [{appPackage=com.adidas.app, deviceScreenSize=720x1280, networkConnectionEnabled=true, warnings={}, databaseEnabled=false, deviceName=emulator-5554, platform=LINUX, deviceUDID=emulator-5554, appActivity=com.adidas.app.MainActivity, browser_name=, desired={appPackage=com.adidas.app, appActivity=com.adidas.app.MainActivity, browser_name=, appium-version=4.1.2, automationName=Appium, takesScreenshot=true, javascriptEnabled=true, driver.class=io.appium.java_client.android.AndroidDriver, platformName=Android, deviceName=emulator-5554, cssSelectorsEnabled=true}, appium-version=4.1.2, platformVersion=7.0, webStorageEnabled=false, locationContextEnabled=false, automationName=Appium, takesScreenshot=true, javascriptEnabled=true, driver.class=io.appium.java_client.android.AndroidDriver, deviceModel=Android SDK built for x86, platformName=Android, deviceManufacturer=unknown, cssSelectorsEnabled=true}]\nSession ID: 86a0fdba-af6a-4cbc-81ae-45dab28af0ae\n*** Element info: {Using=xpath, value=//android.widget.TextView[@text='%s']}",
      "subLogs": [],
      "duration": 43
    },
    {
      "commandName": "findElement",
      "args": [
        "{value=//android.widget.TextView[@text='%s'], using=xpath}"
      ],
      "result": "An element could not be located on the page using the given search parameters. (WARNING: The server did not provide any stacktrace information)\nCommand duration or timeout: 56 milliseconds\nFor documentation on this error, please visit: http://seleniumhq.org/exceptions/no_such_element.html\nBuild info: version: '2.53.0', revision: '35ae25b1534ae328c771e0856c93e187490ca824', time: '2016-03-15 10:43:46'\nSystem info: host: 'ICPL11548', ip: '192.168.119.2', os.name: 'Windows 8.1', os.arch: 'amd64', os.version: '6.3', java.version: '1.8.0_144'\nDriver info: com.qmetry.qaf.automation.ui.webdriver.QAFExtendedWebDriver\nCapabilities [{appPackage=com.adidas.app, deviceScreenSize=720x1280, networkConnectionEnabled=true, warnings={}, databaseEnabled=false, deviceName=emulator-5554, platform=LINUX, deviceUDID=emulator-5554, appActivity=com.adidas.app.MainActivity, browser_name=, desired={appPackage=com.adidas.app, appActivity=com.adidas.app.MainActivity, browser_name=, appium-version=4.1.2, automationName=Appium, takesScreenshot=true, javascriptEnabled=true, driver.class=io.appium.java_client.android.AndroidDriver, platformName=Android, deviceName=emulator-5554, cssSelectorsEnabled=true}, appium-version=4.1.2, platformVersion=7.0, webStorageEnabled=false, locationContextEnabled=false, automationName=Appium, takesScreenshot=true, javascriptEnabled=true, driver.class=io.appium.java_client.android.AndroidDriver, deviceModel=Android SDK built for x86, platformName=Android, deviceManufacturer=unknown, cssSelectorsEnabled=true}]\nSession ID: 86a0fdba-af6a-4cbc-81ae-45dab28af0ae\n*** Element info: {Using=xpath, value=//android.widget.TextView[@text='%s']}",
      "subLogs": [],
      "duration": 57
    },
    {
      "commandName": "findElement",
      "args": [
        "{value=//android.widget.TextView[@text='%s'], using=xpath}"
      ],
      "result": "An element could not be located on the page using the given search parameters. (WARNING: The server did not provide any stacktrace information)\nCommand duration or timeout: 41 milliseconds\nFor documentation on this error, please visit: http://seleniumhq.org/exceptions/no_such_element.html\nBuild info: version: '2.53.0', revision: '35ae25b1534ae328c771e0856c93e187490ca824', time: '2016-03-15 10:43:46'\nSystem info: host: 'ICPL11548', ip: '192.168.119.2', os.name: 'Windows 8.1', os.arch: 'amd64', os.version: '6.3', java.version: '1.8.0_144'\nDriver info: com.qmetry.qaf.automation.ui.webdriver.QAFExtendedWebDriver\nCapabilities [{appPackage=com.adidas.app, deviceScreenSize=720x1280, networkConnectionEnabled=true, warnings={}, databaseEnabled=false, deviceName=emulator-5554, platform=LINUX, deviceUDID=emulator-5554, appActivity=com.adidas.app.MainActivity, browser_name=, desired={appPackage=com.adidas.app, appActivity=com.adidas.app.MainActivity, browser_name=, appium-version=4.1.2, automationName=Appium, takesScreenshot=true, javascriptEnabled=true, driver.class=io.appium.java_client.android.AndroidDriver, platformName=Android, deviceName=emulator-5554, cssSelectorsEnabled=true}, appium-version=4.1.2, platformVersion=7.0, webStorageEnabled=false, locationContextEnabled=false, automationName=Appium, takesScreenshot=true, javascriptEnabled=true, driver.class=io.appium.java_client.android.AndroidDriver, deviceModel=Android SDK built for x86, platformName=Android, deviceManufacturer=unknown, cssSelectorsEnabled=true}]\nSession ID: 86a0fdba-af6a-4cbc-81ae-45dab28af0ae\n*** Element info: {Using=xpath, value=//android.widget.TextView[@text='%s']}",
      "subLogs": [],
      "duration": 41
    },
    {
      "commandName": "findElement",
      "args": [
        "{value=//android.widget.TextView[@text='%s'], using=xpath}"
      ],
      "result": "An element could not be located on the page using the given search parameters. (WARNING: The server did not provide any stacktrace information)\nCommand duration or timeout: 101 milliseconds\nFor documentation on this error, please visit: http://seleniumhq.org/exceptions/no_such_element.html\nBuild info: version: '2.53.0', revision: '35ae25b1534ae328c771e0856c93e187490ca824', time: '2016-03-15 10:43:46'\nSystem info: host: 'ICPL11548', ip: '192.168.119.2', os.name: 'Windows 8.1', os.arch: 'amd64', os.version: '6.3', java.version: '1.8.0_144'\nDriver info: com.qmetry.qaf.automation.ui.webdriver.QAFExtendedWebDriver\nCapabilities [{appPackage=com.adidas.app, deviceScreenSize=720x1280, networkConnectionEnabled=true, warnings={}, databaseEnabled=false, deviceName=emulator-5554, platform=LINUX, deviceUDID=emulator-5554, appActivity=com.adidas.app.MainActivity, browser_name=, desired={appPackage=com.adidas.app, appActivity=com.adidas.app.MainActivity, browser_name=, appium-version=4.1.2, automationName=Appium, takesScreenshot=true, javascriptEnabled=true, driver.class=io.appium.java_client.android.AndroidDriver, platformName=Android, deviceName=emulator-5554, cssSelectorsEnabled=true}, appium-version=4.1.2, platformVersion=7.0, webStorageEnabled=false, locationContextEnabled=false, automationName=Appium, takesScreenshot=true, javascriptEnabled=true, driver.class=io.appium.java_client.android.AndroidDriver, deviceModel=Android SDK built for x86, platformName=Android, deviceManufacturer=unknown, cssSelectorsEnabled=true}]\nSession ID: 86a0fdba-af6a-4cbc-81ae-45dab28af0ae\n*** Element info: {Using=xpath, value=//android.widget.TextView[@text='%s']}",
      "subLogs": [],
      "duration": 101
    },
    {
      "commandName": "findElement",
      "args": [
        "{value=//android.widget.TextView[@text='%s'], using=xpath}"
      ],
      "result": "An element could not be located on the page using the given search parameters. (WARNING: The server did not provide any stacktrace information)\nCommand duration or timeout: 55 milliseconds\nFor documentation on this error, please visit: http://seleniumhq.org/exceptions/no_such_element.html\nBuild info: version: '2.53.0', revision: '35ae25b1534ae328c771e0856c93e187490ca824', time: '2016-03-15 10:43:46'\nSystem info: host: 'ICPL11548', ip: '192.168.119.2', os.name: 'Windows 8.1', os.arch: 'amd64', os.version: '6.3', java.version: '1.8.0_144'\nDriver info: com.qmetry.qaf.automation.ui.webdriver.QAFExtendedWebDriver\nCapabilities [{appPackage=com.adidas.app, deviceScreenSize=720x1280, networkConnectionEnabled=true, warnings={}, databaseEnabled=false, deviceName=emulator-5554, platform=LINUX, deviceUDID=emulator-5554, appActivity=com.adidas.app.MainActivity, browser_name=, desired={appPackage=com.adidas.app, appActivity=com.adidas.app.MainActivity, browser_name=, appium-version=4.1.2, automationName=Appium, takesScreenshot=true, javascriptEnabled=true, driver.class=io.appium.java_client.android.AndroidDriver, platformName=Android, deviceName=emulator-5554, cssSelectorsEnabled=true}, appium-version=4.1.2, platformVersion=7.0, webStorageEnabled=false, locationContextEnabled=false, automationName=Appium, takesScreenshot=true, javascriptEnabled=true, driver.class=io.appium.java_client.android.AndroidDriver, deviceModel=Android SDK built for x86, platformName=Android, deviceManufacturer=unknown, cssSelectorsEnabled=true}]\nSession ID: 86a0fdba-af6a-4cbc-81ae-45dab28af0ae\n*** Element info: {Using=xpath, value=//android.widget.TextView[@text='%s']}",
      "subLogs": [],
      "duration": 55
    },
    {
      "commandName": "clickElement",
      "args": [
        "By.xpath: //android.widget.TextView[@text='%s']",
        "{\"id\":\"-1\"}"
      ],
      "result": "Timed out after 30 seconds waiting for presence of element located by: By.xpath: //android.widget.TextView[@text='%s']\nBuild info: version: '2.53.0', revision: '35ae25b1534ae328c771e0856c93e187490ca824', time: '2016-03-15 10:43:46'\nSystem info: host: 'ICPL11548', ip: '192.168.119.2', os.name: 'Windows 8.1', os.arch: 'amd64', os.version: '6.3', java.version: '1.8.0_144'\nDriver info: driver.version: QAFExtendedWebDriver",
      "subLogs": [],
      "duration": -1053758609
    }
  ],
  "checkPoints": [
    {
      "message": "\nExpected: &lt;true&gt;\n     Actual: was &lt;true&gt;",
      "type": "Pass",
      "screenshot": "../img/testAdidas_n2rroxjsiey111355.png",
      "duration": 0,
      "threshold": 0,
      "subCheckPoints": []
    },
    {
      "message": "Timed out after 30 seconds waiting for presence of element located by: By.xpath: //android.widget.TextView[@text='%s']\nBuild info: version: '2.53.0', revision: '35ae25b1534ae328c771e0856c93e187490ca824', time: '2016-03-15 10:43:46'\nSystem info: host: 'ICPL11548', ip: '192.168.119.2', os.name: 'Windows 8.1', os.arch: 'amd64', os.version: '6.3', java.version: '1.8.0_144'\nDriver info: driver.version: QAFExtendedWebDriver",
      "type": "Fail",
      "screenshot": "../img/testAdidas_1ivrn62uanw5k11356.png",
      "duration": 0,
      "threshold": 0,
      "subCheckPoints": []
    }
  ],
  "errorTrace": "org.openqa.selenium.TimeoutException: Timed out after 30 seconds waiting for presence of element located by: By.xpath: //android.widget.TextView[@text='%s']\nBuild info: version: '2.53.0', revision: '35ae25b1534ae328c771e0856c93e187490ca824', time: '2016-03-15 10:43:46'\nSystem info: host: 'ICPL11548', ip: '192.168.119.2', os.name: 'Windows 8.1', os.arch: 'amd64', os.version: '6.3', java.version: '1.8.0_144'\nDriver info: driver.version: QAFExtendedWebDriver\r\n\tat org.openqa.selenium.support.ui.FluentWait.timeoutException(FluentWait.java:292)\r\n\tat org.openqa.selenium.support.ui.FluentWait.until(FluentWait.java:261)\r\n\tat com.qmetry.qaf.automation.ui.webdriver.QAFExtendedWebDriver.load(QAFExtendedWebDriver.java:214)\r\n\tat com.qmetry.qaf.automation.ui.webdriver.QAFExtendedWebElement.load(QAFExtendedWebElement.java:284)\r\n\tat com.qmetry.qaf.automation.ui.webdriver.QAFExtendedWebElement.execute(QAFExtendedWebElement.java:239)\r\n\tat org.openqa.selenium.remote.RemoteWebElement.click(RemoteWebElement.java:85)\r\n\tat com.adidas.script.AdidasTest.testAdidas(AdidasTest.java:34)\r\n\tat sun.reflect.NativeMethodAccessorImpl.invoke0(Native Method)\r\n\tat sun.reflect.NativeMethodAccessorImpl.invoke(NativeMethodAccessorImpl.java:62)\r\n\tat sun.reflect.DelegatingMethodAccessorImpl.invoke(DelegatingMethodAccessorImpl.java:43)\r\n\tat java.lang.reflect.Method.invoke(Method.java:498)\r\n\tat org.testng.internal.MethodInvocationHelper.invokeMethod(MethodInvocationHelper.java:104)\r\n\tat org.testng.internal.Invoker.invokeMethod(Invoker.java:645)\r\n\tat org.testng.internal.Invoker.invokeTestMethod(Invoker.java:851)\r\n\tat org.testng.internal.Invoker.invokeTestMethods(Invoker.java:1177)\r\n\tat org.testng.internal.TestMethodWorker.invokeTestMethods(TestMethodWorker.java:129)\r\n\tat org.testng.internal.TestMethodWorker.run(TestMethodWorker.java:112)\r\n\tat org.testng.TestRunner.privateRun(TestRunner.java:781)\r\n\tat org.testng.TestRunner.run(TestRunner.java:635)\r\n\tat org.testng.SuiteRunner.runTest(SuiteRunner.java:387)\r\n\tat org.testng.SuiteRunner.runSequentially(SuiteRunner.java:382)\r\n\tat org.testng.SuiteRunner.privateRun(SuiteRunner.java:340)\r\n\tat org.testng.SuiteRunner.run(SuiteRunner.java:289)\r\n\tat org.testng.SuiteRunnerWorker.runSuite(SuiteRunnerWorker.java:52)\r\n\tat org.testng.SuiteRunnerWorker.run(SuiteRunnerWorker.java:86)\r\n\tat org.testng.TestNG.runSuitesSequentially(TestNG.java:1293)\r\n\tat org.testng.TestNG.runSuitesLocally(TestNG.java:1218)\r\n\tat org.testng.TestNG.runSuites(TestNG.java:1133)\r\n\tat org.testng.TestNG.run(TestNG.java:1104)\r\n\tat org.testng.remote.AbstractRemoteTestNG.run(AbstractRemoteTestNG.java:114)\r\n\tat org.testng.remote.RemoteTestNG.initAndRun(RemoteTestNG.java:251)\r\n\tat org.testng.remote.RemoteTestNG.main(RemoteTestNG.java:77)\r\nCaused by: org.openqa.selenium.NoSuchElementException: An element could not be located on the page using the given search parameters. (WARNING: The server did not provide any stacktrace information)\nCommand duration or timeout: 55 milliseconds\nFor documentation on this error, please visit: http://seleniumhq.org/exceptions/no_such_element.html\nBuild info: version: '2.53.0', revision: '35ae25b1534ae328c771e0856c93e187490ca824', time: '2016-03-15 10:43:46'\nSystem info: host: 'ICPL11548', ip: '192.168.119.2', os.name: 'Windows 8.1', os.arch: 'amd64', os.version: '6.3', java.version: '1.8.0_144'\nDriver info: com.qmetry.qaf.automation.ui.webdriver.QAFExtendedWebDriver\nCapabilities [{appPackage=com.adidas.app, deviceScreenSize=720x1280, networkConnectionEnabled=true, warnings={}, databaseEnabled=false, deviceName=emulator-5554, platform=LINUX, deviceUDID=emulator-5554, appActivity=com.adidas.app.MainActivity, browser_name=, desired={appPackage=com.adidas.app, appActivity=com.adidas.app.MainActivity, browser_name=, appium-version=4.1.2, automationName=Appium, takesScreenshot=true, javascriptEnabled=true, driver.class=io.appium.java_client.android.AndroidDriver, platformName=Android, deviceName=emulator-5554, cssSelectorsEnabled=true}, appium-version=4.1.2, platformVersion=7.0, webStorageEnabled=false, locationContextEnabled=false, automationName=Appium, takesScreenshot=true, javascriptEnabled=true, driver.class=io.appium.java_client.android.AndroidDriver, deviceModel=Android SDK built for x86, platformName=Android, deviceManufacturer=unknown, cssSelectorsEnabled=true}]\nSession ID: 86a0fdba-af6a-4cbc-81ae-45dab28af0ae\n*** Element info: {Using=xpath, value=//android.widget.TextView[@text='%s']}\r\n\tat sun.reflect.GeneratedConstructorAccessor13.newInstance(Unknown Source)\r\n\tat sun.reflect.DelegatingConstructorAccessorImpl.newInstance(DelegatingConstructorAccessorImpl.java:45)\r\n\tat java.lang.reflect.Constructor.newInstance(Constructor.java:423)\r\n\tat org.openqa.selenium.remote.ErrorHandler.createThrowable(ErrorHandler.java:206)\r\n\tat org.openqa.selenium.remote.ErrorHandler.throwIfResponseFailed(ErrorHandler.java:158)\r\n\tat org.openqa.selenium.remote.RemoteWebDriver.execute(RemoteWebDriver.java:678)\r\n\tat com.qmetry.qaf.automation.ui.webdriver.QAFExtendedWebDriver.execute(QAFExtendedWebDriver.java:234)\r\n\tat org.openqa.selenium.remote.RemoteWebDriver.findElement(RemoteWebDriver.java:363)\r\n\tat org.openqa.selenium.remote.RemoteWebDriver.findElementByXPath(RemoteWebDriver.java:500)\r\n\tat com.qmetry.qaf.automation.ui.webdriver.QAFExtendedWebDriver.findElementByXPath(QAFExtendedWebDriver.java:398)\r\n\tat com.qmetry.qaf.automation.ui.webdriver.QAFExtendedWebDriver.findElementByXPath(QAFExtendedWebDriver.java:1)\r\n\tat org.openqa.selenium.By$ByXPath.findElement(By.java:361)\r\n\tat org.openqa.selenium.remote.RemoteWebDriver.findElement(RemoteWebDriver.java:355)\r\n\tat com.qmetry.qaf.automation.ui.webdriver.QAFExtendedWebDriver.findElement(QAFExtendedWebDriver.java:169)\r\n\tat com.qmetry.qaf.automation.ui.webdriver.QAFExtendedWebDriver.findElement(QAFExtendedWebDriver.java:1)\r\n\tat org.openqa.selenium.support.ui.ExpectedConditions.findElement(ExpectedConditions.java:899)\r\n\tat org.openqa.selenium.support.ui.ExpectedConditions.access$000(ExpectedConditions.java:41)\r\n\tat org.openqa.selenium.support.ui.ExpectedConditions$6.apply(ExpectedConditions.java:181)\r\n\tat org.openqa.selenium.support.ui.ExpectedConditions$6.apply(ExpectedConditions.java:178)\r\n\tat org.openqa.selenium.support.ui.FluentWait.until(FluentWait.java:238)\r\n\t... 30 more\r\n"
}