14:30:07 scenario.file.loc[Ljava.lang.String;@3d8314f0
14:30:07 loading BDD file: scenarios/TestAdidas.bdd
14:30:07 total test found: 1
14:30:07 

Executing scenario: TestAdidas - end to end
14:30:07 pkg: com.qmetry.qaf.automation.step
14:30:07 pkg: com.adidas
14:30:07 Found duplicate step to load [] with [lower] prority then []
14:30:07 Invoking Teststep: When click on search icon
14:30:45 Completed Teststep: When click on search icon
14:30:45 Invoking Teststep: And searchproduct by gender as a "MEN" with arguments: [MEN]
14:30:56 Completed Teststep: And searchproduct by gender as a "MEN" with arguments: [MEN]
14:30:56 Invoking Teststep: And searchproduct by purpose as a "Originals" with arguments: [Originals]
14:30:57 Completed Teststep: And searchproduct by purpose as a "Originals" with arguments: [Originals]
14:30:57 Invoking Teststep: And select the product from productlist
14:30:57 Failure Teststep: And select the product from productlist
java.lang.RuntimeException: Wrong number of parameters, Expected 1 parameters but Actual is 0
	at com.qmetry.qaf.automation.step.JavaStep.processArgs(JavaStep.java:223)
	at com.qmetry.qaf.automation.step.JavaStep.doExecute(JavaStep.java:160)
	at com.qmetry.qaf.automation.step.BaseTestStep.execute(BaseTestStep.java:149)
	at com.qmetry.qaf.automation.step.StringTestStep.execute(StringTestStep.java:134)
	at com.qmetry.qaf.automation.step.client.Scenario.execute(Scenario.java:167)
	at com.qmetry.qaf.automation.step.client.Scenario.scenario(Scenario.java:219)
	at sun.reflect.NativeMethodAccessorImpl.invoke0(Native Method)
	at sun.reflect.NativeMethodAccessorImpl.invoke(NativeMethodAccessorImpl.java:62)
	at sun.reflect.DelegatingMethodAccessorImpl.invoke(DelegatingMethodAccessorImpl.java:43)
	at java.lang.reflect.Method.invoke(Method.java:498)
	at org.testng.internal.MethodInvocationHelper.invokeMethod(MethodInvocationHelper.java:104)
	at org.testng.internal.Invoker.invokeMethod(Invoker.java:645)
	at org.testng.internal.Invoker.invokeTestMethod(Invoker.java:851)
	at org.testng.internal.Invoker.invokeTestMethods(Invoker.java:1177)
	at org.testng.internal.TestMethodWorker.invokeTestMethods(TestMethodWorker.java:129)
	at org.testng.internal.TestMethodWorker.run(TestMethodWorker.java:112)
	at org.testng.TestRunner.privateRun(TestRunner.java:781)
	at org.testng.TestRunner.run(TestRunner.java:635)
	at org.testng.SuiteRunner.runTest(SuiteRunner.java:387)
	at org.testng.SuiteRunner.runSequentially(SuiteRunner.java:382)
	at org.testng.SuiteRunner.privateRun(SuiteRunner.java:340)
	at org.testng.SuiteRunner.run(SuiteRunner.java:289)
	at org.testng.SuiteRunnerWorker.runSuite(SuiteRunnerWorker.java:52)
	at org.testng.SuiteRunnerWorker.run(SuiteRunnerWorker.java:86)
	at org.testng.TestNG.runSuitesSequentially(TestNG.java:1293)
	at org.testng.TestNG.runSuitesLocally(TestNG.java:1218)
	at org.testng.TestNG.runSuites(TestNG.java:1133)
	at org.testng.TestNG.run(TestNG.java:1104)
	at org.testng.remote.AbstractRemoteTestNG.run(AbstractRemoteTestNG.java:114)
	at org.testng.remote.RemoteTestNG.initAndRun(RemoteTestNG.java:251)
	at org.testng.remote.RemoteTestNG.main(RemoteTestNG.java:77)
14:30:57 Completed Teststep: And select the product from productlist
14:30:57 Competed scenario: TestAdidas with status FAILURE
