12:51:37 Invoking Teststep: searchproduct by gender as a {0} with arguments: [MEN]
12:51:47 Completed Teststep: searchproduct by gender as a {0} with arguments: [MEN]
12:51:47 Invoking Teststep: searchproduct by purpose as a {0} with arguments: [Originals]
12:52:18 Failure Teststep: searchproduct by purpose as a {0} with arguments: [Originals]
com.qmetry.qaf.automation.step.JavaStepReporter$JPThrowable: org.openqa.selenium.TimeoutException: Timed out after 30 seconds: Wait time out for purpose on searchpage to be present
Build info: version: '2.53.0', revision: '35ae25b1534ae328c771e0856c93e187490ca824', time: '2016-03-15 10:43:46'
System info: host: 'ICPL11548', ip: '192.168.119.2', os.name: 'Windows 8.1', os.arch: 'amd64', os.version: '6.3', java.version: '1.8.0_144'
Driver info: driver.version: unknown
	at com.qmetry.qaf.automation.step.JavaStepReporter$MockJavaStep.doExecute(JavaStepReporter.java:144)
	at com.qmetry.qaf.automation.step.BaseTestStep.execute(BaseTestStep.java:149)
	at com.qmetry.qaf.automation.step.JavaStepReporter.javaTestStep(JavaStepReporter.java:88)
	at com.adidas.pages.AgeorGenderfilterTestPage.searchProductByPurpose(AgeorGenderfilterTestPage.java:54)
	at com.adidas.script.AdidasTest.testAdidas(AdidasTest.java:28)
	at sun.reflect.NativeMethodAccessorImpl.invoke0(Native Method)
	at sun.reflect.NativeMethodAccessorImpl.invoke(NativeMethodAccessorImpl.java:62)
	at sun.reflect.DelegatingMethodAccessorImpl.invoke(DelegatingMethodAccessorImpl.java:43)
	at java.lang.reflect.Method.invoke(Method.java:498)
	at org.testng.internal.MethodInvocationHelper.invokeMethod(MethodInvocationHelper.java:104)
	at org.testng.internal.Invoker.invokeMethod(Invoker.java:645)
	at org.testng.internal.Invoker.invokeTestMethod(Invoker.java:851)
	at org.testng.internal.Invoker.invokeTestMethods(Invoker.java:1177)
	at org.testng.internal.TestMethodWorker.invokeTestMethods(TestMethodWorker.java:129)
	at org.testng.internal.TestMethodWorker.run(TestMethodWorker.java:112)
	at org.testng.TestRunner.privateRun(TestRunner.java:781)
	at org.testng.TestRunner.run(TestRunner.java:635)
	at org.testng.SuiteRunner.runTest(SuiteRunner.java:387)
	at org.testng.SuiteRunner.runSequentially(SuiteRunner.java:382)
	at org.testng.SuiteRunner.privateRun(SuiteRunner.java:340)
	at org.testng.SuiteRunner.run(SuiteRunner.java:289)
	at org.testng.SuiteRunnerWorker.runSuite(SuiteRunnerWorker.java:52)
	at org.testng.SuiteRunnerWorker.run(SuiteRunnerWorker.java:86)
	at org.testng.TestNG.runSuitesSequentially(TestNG.java:1293)
	at org.testng.TestNG.runSuitesLocally(TestNG.java:1218)
	at org.testng.TestNG.runSuites(TestNG.java:1133)
	at org.testng.TestNG.run(TestNG.java:1104)
	at org.testng.remote.AbstractRemoteTestNG.run(AbstractRemoteTestNG.java:114)
	at org.testng.remote.RemoteTestNG.initAndRun(RemoteTestNG.java:251)
	at org.testng.remote.RemoteTestNG.main(RemoteTestNG.java:77)
Caused by: org.openqa.selenium.TimeoutException: Timed out after 30 seconds: Wait time out for purpose on searchpage to be present
Build info: version: '2.53.0', revision: '35ae25b1534ae328c771e0856c93e187490ca824', time: '2016-03-15 10:43:46'
System info: host: 'ICPL11548', ip: '192.168.119.2', os.name: 'Windows 8.1', os.arch: 'amd64', os.version: '6.3', java.version: '1.8.0_144'
Driver info: driver.version: unknown
	at org.openqa.selenium.support.ui.FluentWait.timeoutException(FluentWait.java:292)
	at org.openqa.selenium.support.ui.FluentWait.until(FluentWait.java:261)
	at com.qmetry.qaf.automation.ui.webdriver.QAFExtendedWebElement.waitForPresent(QAFExtendedWebElement.java:499)
	at com.adidas.pages.AgeorGenderfilterTestPage.searchProductByPurpose_aroundBody2(AgeorGenderfilterTestPage.java:58)
	at com.adidas.pages.AgeorGenderfilterTestPage$AjcClosure3.run(AgeorGenderfilterTestPage.java:1)
	at org.aspectj.runtime.reflect.JoinPointImpl.proceed(JoinPointImpl.java:149)
	at com.qmetry.qaf.automation.step.JavaStepReporter$MockJavaStep.doExecute(JavaStepReporter.java:138)
	... 29 more
12:52:18 Completed Teststep: searchproduct by purpose as a {0} with arguments: [Originals]
12:54:43 Invoking Teststep: searchproduct by gender as a {0} with arguments: [MEN]
12:54:46 Completed Teststep: searchproduct by gender as a {0} with arguments: [MEN]
12:54:46 Invoking Teststep: searchproduct by purpose as a {0} with arguments: [Originals]
12:54:49 Completed Teststep: searchproduct by purpose as a {0} with arguments: [Originals]
12:56:39 Invoking Teststep: searchproduct by gender as a {0} with arguments: [MEN]
12:56:45 Completed Teststep: searchproduct by gender as a {0} with arguments: [MEN]
12:56:45 Invoking Teststep: searchproduct by purpose as a {0} with arguments: [Originals]
12:56:46 Completed Teststep: searchproduct by purpose as a {0} with arguments: [Originals]
13:51:51 Invoking Teststep: searchproduct by gender as a {0} with arguments: [MEN]
13:51:54 Completed Teststep: searchproduct by gender as a {0} with arguments: [MEN]
13:51:54 Invoking Teststep: searchproduct by purpose as a {0} with arguments: [Originals]
13:51:57 Completed Teststep: searchproduct by purpose as a {0} with arguments: [Originals]
13:53:12 Invoking Teststep: searchproduct by gender as a {0} with arguments: [MEN]
13:53:17 Completed Teststep: searchproduct by gender as a {0} with arguments: [MEN]
13:53:17 Invoking Teststep: searchproduct by purpose as a {0} with arguments: [Originals]
13:53:20 Completed Teststep: searchproduct by purpose as a {0} with arguments: [Originals]
14:00:56 Invoking Teststep: searchproduct by gender as a {0} with arguments: [MEN]
14:00:59 Completed Teststep: searchproduct by gender as a {0} with arguments: [MEN]
14:00:59 Invoking Teststep: searchproduct by purpose as a {0} with arguments: [Originals]
14:01:01 Completed Teststep: searchproduct by purpose as a {0} with arguments: [Originals]
14:03:58 Invoking Teststep: searchproduct by gender as a {0} with arguments: [MEN]
14:04:02 Completed Teststep: searchproduct by gender as a {0} with arguments: [MEN]
14:04:02 Invoking Teststep: searchproduct by purpose as a {0} with arguments: [Originals]
14:04:05 Completed Teststep: searchproduct by purpose as a {0} with arguments: [Originals]
15:08:23 Invoking Teststep: searchproduct by gender as a {0} with arguments: [MEN]
15:08:25 Completed Teststep: searchproduct by gender as a {0} with arguments: [MEN]
15:08:25 Invoking Teststep: searchproduct by purpose as a {0} with arguments: [Originals]
15:09:49 Invoking Teststep: searchproduct by gender as a {0} with arguments: [MEN]
15:09:55 Completed Teststep: searchproduct by gender as a {0} with arguments: [MEN]
15:09:55 Invoking Teststep: searchproduct by purpose as a {0} with arguments: [Skateboarding]
15:09:59 Completed Teststep: searchproduct by purpose as a {0} with arguments: [Skateboarding]
15:12:26 Invoking Teststep: searchproduct by gender as a {0} with arguments: [MEN]
15:12:33 Completed Teststep: searchproduct by gender as a {0} with arguments: [MEN]
15:12:33 Invoking Teststep: searchproduct by purpose as a {0} with arguments: [Skateboarding]
15:12:35 Completed Teststep: searchproduct by purpose as a {0} with arguments: [Skateboarding]
15:17:50 Invoking Teststep: searchproduct by gender as a {0} with arguments: [MEN]
15:17:57 Completed Teststep: searchproduct by gender as a {0} with arguments: [MEN]
15:17:57 Invoking Teststep: searchproduct by purpose as a {0} with arguments: [Skateboarding]
15:18:03 Completed Teststep: searchproduct by purpose as a {0} with arguments: [Skateboarding]
15:19:23 Invoking Teststep: searchproduct by gender as a {0} with arguments: [MEN]
15:19:26 Completed Teststep: searchproduct by gender as a {0} with arguments: [MEN]
15:19:26 Invoking Teststep: searchproduct by purpose as a {0} with arguments: [Skateboarding]
15:19:29 Completed Teststep: searchproduct by purpose as a {0} with arguments: [Skateboarding]
16:50:07 Invoking Teststep: searchproduct by gender as a {0} with arguments: [MEN]
16:50:11 Completed Teststep: searchproduct by gender as a {0} with arguments: [MEN]
16:50:11 Invoking Teststep: searchproduct by purpose as a {0} with arguments: [Originals]
16:50:13 Completed Teststep: searchproduct by purpose as a {0} with arguments: [Originals]
